#
# There is insufficient memory for the Java Runtime Environment to continue.
# Native memory allocation (malloc) failed to allocate 1235136 bytes. Error detail: Chunk::new
# Possible reasons:
#   The system is out of physical RAM or swap space
#   This process is running with CompressedOops enabled, and the Java Heap may be blocking the growth of the native heap
# Possible solutions:
#   Reduce memory load on the system
#   Increase physical memory or swap space
#   Check if swap backing store is full
#   Decrease Java heap size (-Xmx/-Xms)
#   Decrease number of Java threads
#   Decrease Java thread stack sizes (-Xss)
#   Set larger code cache with -XX:ReservedCodeCacheSize=
#   JVM is running with Unscaled Compressed Oops mode in which the Java heap is
#     placed in the first 4GB address space. The Java Heap base address is the
#     maximum limit for the native heap growth. Please use -XX:HeapBaseMinAddress
#     to set the Java Heap base and to place the Java Heap above 4GB virtual address.
# This output file may be truncated or incomplete.
#
#  Out of Memory Error (arena.cpp:168), pid=14688, tid=47060
#
# JRE version: OpenJDK Runtime Environment Temurin-21.0.9+10 (21.0.9+10) (build 21.0.9+10-LTS)
# Java VM: OpenJDK 64-Bit Server VM Temurin-21.0.9+10 (21.0.9+10-LTS, mixed mode, sharing, tiered, compressed oops, compressed class ptrs, parallel gc, windows-amd64)
# No core dump will be written. Minidumps are not enabled by default on client versions of Windows
#

---------------  S U M M A R Y ------------

Command Line: --add-modules=ALL-SYSTEM --add-opens=java.base/java.util=ALL-UNNAMED --add-opens=java.base/java.lang=ALL-UNNAMED --add-opens=java.base/sun.nio.fs=ALL-UNNAMED -Declipse.application=org.eclipse.jdt.ls.core.id1 -Dosgi.bundles.defaultStartLevel=4 -Declipse.product=org.eclipse.jdt.ls.core.product -Djava.import.generatesMetadataFilesAtProjectRoot=false -DDetectVMInstallationsJob.disabled=true -Dfile.encoding=utf8 -XX:+UseParallelGC -XX:GCTimeRatio=4 -XX:AdaptiveSizePolicyWeight=90 -Dsun.zip.disableMemoryMapping=true -Xmx2G -Xms100m -Xlog:disable -javaagent:c:\Users\lenov\.vscode\extensions\redhat.java-1.52.0-win32-x64\lombok\lombok-1.18.39-4050.jar -XX:+HeapDumpOnOutOfMemoryError -XX:HeapDumpPath=c:\Users\lenov\AppData\Roaming\Code\User\workspaceStorage\941b95b32ed1771891e4efbe734da3c9\redhat.java -Daether.dependencyCollector.impl=bf c:\Users\lenov\.vscode\extensions\redhat.java-1.52.0-win32-x64\server\plugins\org.eclipse.equinox.launcher_1.7.100.v20251111-0406.jar -configuration c:\Users\lenov\AppData\Roaming\Code\User\globalStorage\redhat.java\1.52.0\config_win -data c:\Users\lenov\AppData\Roaming\Code\User\workspaceStorage\941b95b32ed1771891e4efbe734da3c9\redhat.java\jdt_ws --pipe=\\.\pipe\lsp-09113713413b4c59e64dbe0b1fff8ce5-sock

Host: 13th Gen Intel(R) Core(TM) i5-1335U, 12 cores, 7G,  Windows 11 , 64 bit Build 26100 (10.0.26100.7623)
Time: Sat Feb 14 15:28:45 2026 Sri Lanka Standard Time elapsed time: 45.243895 seconds (0d 0h 0m 45s)

---------------  T H R E A D  ---------------

Current thread (0x000002154bcedfe0):  JavaThread "C2 CompilerThread2" daemon [_thread_in_native, id=47060, stack(0x0000008911500000,0x0000008911600000) (1024K)]


Current CompileTask:
C2:45244 11453       4       org.eclipse.jdt.internal.compiler.lookup.BinaryTypeBinding::createMethod (1666 bytes)

Stack: [0x0000008911500000,0x0000008911600000]
Native frames: (J=compiled Java code, j=interpreted, Vv=VM code, C=native code)
V  [jvm.dll+0x6d6e29]
V  [jvm.dll+0x8b4b76]
V  [jvm.dll+0x8b712e]
V  [jvm.dll+0x8b7813]
V  [jvm.dll+0x283d86]
V  [jvm.dll+0xc66ed]
V  [jvm.dll+0xc6c31]
V  [jvm.dll+0x2facee]
V  [jvm.dll+0x5fde44]
V  [jvm.dll+0x255557]
V  [jvm.dll+0x25591d]
V  [jvm.dll+0x24df40]
V  [jvm.dll+0x24b482]
V  [jvm.dll+0x1cb13e]
V  [jvm.dll+0x25b29d]
V  [jvm.dll+0x25982a]
V  [jvm.dll+0x3f7ea6]
V  [jvm.dll+0x85e9ad]
V  [jvm.dll+0x6d565d]
C  [ucrtbase.dll+0x37b0]
C  [KERNEL32.DLL+0x2e8d7]
C  [ntdll.dll+0x8c53c]


---------------  P R O C E S S  ---------------

Threads class SMR info:
_java_thread_list=0x000002157dd4a6b0, length=73, elements={
0x0000021569cc59d0, 0x0000021569d656f0, 0x0000021569d683d0, 0x0000021569d6a780,
0x0000021569d6b3d0, 0x0000021569d6f220, 0x0000021569d6fc70, 0x0000021569d78260,
0x0000021569d7bb80, 0x000002157dbba7c0, 0x000002157dd9d0e0, 0x000002157f06b940,
0x000002157efb2a40, 0x000002157eea3990, 0x000002157f00f080, 0x000002157dc76f10,
0x000002154933b260, 0x00000215496dd420, 0x00000215496ddab0, 0x00000215496dacc0,
0x00000215496dc700, 0x00000215496db350, 0x00000215496db9e0, 0x00000215496dc070,
0x00000215496dcd90, 0x000002154b151160, 0x000002154b14f720, 0x000002154b1517f0,
0x000002154b14fdb0, 0x000002154b150440, 0x000002154b152510, 0x000002154b14f090,
0x000002154b1538c0, 0x000002154b152ba0, 0x000002154b153f50, 0x000002154b153230,
0x000002154b150ad0, 0x000002154b1545e0, 0x000002154b154c70, 0x000002154b151e80,
0x000002154b155300, 0x000002154b155990, 0x000002154a4cd2d0, 0x000002154a4cbf20,
0x000002154a4cc5b0, 0x000002154a4cab70, 0x000002154a4ccc40, 0x000002154a4c9e50,
0x000002154a4cd960, 0x000002154a4cb890, 0x000002154a4ca4e0, 0x000002154a4cfa30,
0x000002154a4d00c0, 0x000002154a4d0750, 0x000002154a4cdff0, 0x000002154a4d0de0,
0x000002154a4ced10, 0x000002154a4d1470, 0x000002154a4cf3a0, 0x000002154a4ce680,
0x000002154bd8c840, 0x000002154bd893c0, 0x000002154bd8a770, 0x000002154bd8ced0,
0x000002154bd89a50, 0x000002154bd8f630, 0x000002154bd8efa0, 0x000002154bd8fcc0,
0x000002154bd909e0, 0x000002154bd8e910, 0x000002154bd90350, 0x000002154b149300,
0x000002154bcedfe0
}

Java Threads: ( => current thread )
  0x0000021569cc59d0 JavaThread "main"                              [_thread_blocked, id=37552, stack(0x000000890be00000,0x000000890bf00000) (1024K)]
  0x0000021569d656f0 JavaThread "Reference Handler"          daemon [_thread_blocked, id=37980, stack(0x000000890c200000,0x000000890c300000) (1024K)]
  0x0000021569d683d0 JavaThread "Finalizer"                  daemon [_thread_blocked, id=13044, stack(0x000000890c300000,0x000000890c400000) (1024K)]
  0x0000021569d6a780 JavaThread "Signal Dispatcher"          daemon [_thread_blocked, id=39420, stack(0x000000890c400000,0x000000890c500000) (1024K)]
  0x0000021569d6b3d0 JavaThread "Attach Listener"            daemon [_thread_blocked, id=33408, stack(0x000000890c500000,0x000000890c600000) (1024K)]
  0x0000021569d6f220 JavaThread "Service Thread"             daemon [_thread_blocked, id=24844, stack(0x000000890c600000,0x000000890c700000) (1024K)]
  0x0000021569d6fc70 JavaThread "Monitor Deflation Thread"   daemon [_thread_blocked, id=45588, stack(0x000000890c700000,0x000000890c800000) (1024K)]
  0x0000021569d78260 JavaThread "C2 CompilerThread0"         daemon [_thread_in_native, id=11800, stack(0x000000890c800000,0x000000890c900000) (1024K)]
  0x0000021569d7bb80 JavaThread "C1 CompilerThread0"         daemon [_thread_in_native, id=37688, stack(0x000000890c900000,0x000000890ca00000) (1024K)]
  0x000002157dbba7c0 JavaThread "Common-Cleaner"             daemon [_thread_blocked, id=3220, stack(0x000000890ca00000,0x000000890cb00000) (1024K)]
  0x000002157dd9d0e0 JavaThread "Notification Thread"        daemon [_thread_blocked, id=16360, stack(0x000000890cc00000,0x000000890cd00000) (1024K)]
  0x000002157f06b940 JavaThread "Active Thread: Equinox Container: 5f5ea4ba-98a6-45cf-a63b-417c92f3e729"        [_thread_blocked, id=32416, stack(0x000000890d400000,0x000000890d500000) (1024K)]
  0x000002157efb2a40 JavaThread "Refresh Thread: Equinox Container: 5f5ea4ba-98a6-45cf-a63b-417c92f3e729" daemon [_thread_blocked, id=28676, stack(0x000000890d500000,0x000000890d600000) (1024K)]
  0x000002157eea3990 JavaThread "Framework Event Dispatcher: Equinox Container: 5f5ea4ba-98a6-45cf-a63b-417c92f3e729" daemon [_thread_blocked, id=19204, stack(0x000000890d600000,0x000000890d700000) (1024K)]
  0x000002157f00f080 JavaThread "Start Level: Equinox Container: 5f5ea4ba-98a6-45cf-a63b-417c92f3e729" daemon [_thread_blocked, id=39780, stack(0x000000890d700000,0x000000890d800000) (1024K)]
  0x000002157dc76f10 JavaThread "Bundle File Closer"         daemon [_thread_blocked, id=13732, stack(0x000000890cb00000,0x000000890cc00000) (1024K)]
  0x000002154933b260 JavaThread "SCR Component Actor"        daemon [_thread_blocked, id=15488, stack(0x000000890da00000,0x000000890db00000) (1024K)]
  0x00000215496dd420 JavaThread "Worker-JM"                         [_thread_blocked, id=28536, stack(0x000000890dc00000,0x000000890dd00000) (1024K)]
  0x00000215496ddab0 JavaThread "JNA Cleaner"                daemon [_thread_blocked, id=34732, stack(0x000000890db00000,0x000000890dc00000) (1024K)]
  0x00000215496dacc0 JavaThread "Worker-0"                          [_thread_blocked, id=22096, stack(0x000000890dd00000,0x000000890de00000) (1024K)]
  0x00000215496dc700 JavaThread "Worker-1: Java indexing... "        [_thread_blocked, id=32564, stack(0x000000890de00000,0x000000890df00000) (1024K)]
  0x00000215496db350 JavaThread "Worker-2: Building"                [_thread_in_Java, id=11452, stack(0x000000890df00000,0x000000890e000000) (1024K)]
  0x00000215496db9e0 JavaThread "Java indexing"              daemon [_thread_in_Java, id=39416, stack(0x000000890e000000,0x000000890e100000) (1024K)]
  0x00000215496dc070 JavaThread "Worker-3"                          [_thread_blocked, id=38344, stack(0x000000890e100000,0x000000890e200000) (1024K)]
  0x00000215496dcd90 JavaThread "Worker-4"                          [_thread_blocked, id=42752, stack(0x000000890e200000,0x000000890e300000) (1024K)]
  0x000002154b151160 JavaThread "Worker-5"                          [_thread_blocked, id=17224, stack(0x000000890e600000,0x000000890e700000) (1024K)]
  0x000002154b14f720 JavaThread "Thread-1"                   daemon [_thread_in_native, id=17036, stack(0x000000890e700000,0x000000890e800000) (1024K)]
  0x000002154b1517f0 JavaThread "Thread-2"                   daemon [_thread_in_native, id=47796, stack(0x000000890e800000,0x000000890e900000) (1024K)]
  0x000002154b14fdb0 JavaThread "Thread-3"                   daemon [_thread_in_native, id=36296, stack(0x000000890e900000,0x000000890ea00000) (1024K)]
  0x000002154b150440 JavaThread "Thread-4"                   daemon [_thread_in_native, id=25480, stack(0x000000890ea00000,0x000000890eb00000) (1024K)]
  0x000002154b152510 JavaThread "Thread-5"                   daemon [_thread_in_native, id=27728, stack(0x000000890eb00000,0x000000890ec00000) (1024K)]
  0x000002154b14f090 JavaThread "Thread-6"                   daemon [_thread_in_native, id=23232, stack(0x000000890ec00000,0x000000890ed00000) (1024K)]
  0x000002154b1538c0 JavaThread "Thread-7"                   daemon [_thread_in_native, id=14220, stack(0x000000890ed00000,0x000000890ee00000) (1024K)]
  0x000002154b152ba0 JavaThread "Thread-8"                   daemon [_thread_in_native, id=36340, stack(0x000000890ee00000,0x000000890ef00000) (1024K)]
  0x000002154b153f50 JavaThread "Thread-9"                   daemon [_thread_in_native, id=17676, stack(0x000000890ef00000,0x000000890f000000) (1024K)]
  0x000002154b153230 JavaThread "Thread-10"                  daemon [_thread_in_native, id=23580, stack(0x000000890f000000,0x000000890f100000) (1024K)]
  0x000002154b150ad0 JavaThread "Thread-11"                  daemon [_thread_in_native, id=46736, stack(0x000000890f100000,0x000000890f200000) (1024K)]
  0x000002154b1545e0 JavaThread "Thread-12"                  daemon [_thread_in_native, id=10424, stack(0x000000890f200000,0x000000890f300000) (1024K)]
  0x000002154b154c70 JavaThread "Thread-13"                  daemon [_thread_in_native, id=32100, stack(0x000000890f300000,0x000000890f400000) (1024K)]
  0x000002154b151e80 JavaThread "pool-2-thread-1"                   [_thread_blocked, id=14368, stack(0x000000890f400000,0x000000890f500000) (1024K)]
  0x000002154b155300 JavaThread "WorkspaceEventsHandler"            [_thread_blocked, id=19220, stack(0x000000890f500000,0x000000890f600000) (1024K)]
  0x000002154b155990 JavaThread "pool-1-thread-1"                   [_thread_blocked, id=16164, stack(0x000000890f600000,0x000000890f700000) (1024K)]
  0x000002154a4cd2d0 JavaThread "LocalFile Deleter"          daemon [_thread_blocked, id=1992, stack(0x000000890f700000,0x000000890f800000) (1024K)]
  0x000002154a4cbf20 JavaThread "LocalFile Deleter"          daemon [_thread_blocked, id=19500, stack(0x000000890f800000,0x000000890f900000) (1024K)]
  0x000002154a4cc5b0 JavaThread "LocalFile Deleter"          daemon [_thread_blocked, id=31808, stack(0x000000890f900000,0x000000890fa00000) (1024K)]
  0x000002154a4cab70 JavaThread "LocalFile Deleter"          daemon [_thread_blocked, id=21344, stack(0x000000890fa00000,0x000000890fb00000) (1024K)]
  0x000002154a4ccc40 JavaThread "LocalFile Deleter"          daemon [_thread_blocked, id=38160, stack(0x000000890fb00000,0x000000890fc00000) (1024K)]
  0x000002154a4c9e50 JavaThread "LocalFile Deleter"          daemon [_thread_blocked, id=24156, stack(0x000000890fc00000,0x000000890fd00000) (1024K)]
  0x000002154a4cd960 JavaThread "LocalFile Deleter"          daemon [_thread_blocked, id=32268, stack(0x000000890fd00000,0x000000890fe00000) (1024K)]
  0x000002154a4cb890 JavaThread "LocalFile Deleter"          daemon [_thread_blocked, id=42360, stack(0x000000890fe00000,0x000000890ff00000) (1024K)]
  0x000002154a4ca4e0 JavaThread "Compiler Source File Reader" daemon [_thread_blocked, id=27012, stack(0x000000890ff00000,0x0000008910000000) (1024K)]
  0x000002154a4cfa30 JavaThread "Compiler Source File Reader" daemon [_thread_blocked, id=25224, stack(0x0000008910000000,0x0000008910100000) (1024K)]
  0x000002154a4d00c0 JavaThread "Compiler Source File Reader" daemon [_thread_blocked, id=23480, stack(0x0000008910100000,0x0000008910200000) (1024K)]
  0x000002154a4d0750 JavaThread "Compiler Source File Reader" daemon [_thread_blocked, id=37104, stack(0x0000008910200000,0x0000008910300000) (1024K)]
  0x000002154a4cdff0 JavaThread "Compiler Source File Reader" daemon [_thread_blocked, id=16376, stack(0x0000008910300000,0x0000008910400000) (1024K)]
  0x000002154a4d0de0 JavaThread "Compiler Source File Reader" daemon [_thread_blocked, id=30052, stack(0x0000008910400000,0x0000008910500000) (1024K)]
  0x000002154a4ced10 JavaThread "Compiler Source File Reader" daemon [_thread_blocked, id=35852, stack(0x0000008910500000,0x0000008910600000) (1024K)]
  0x000002154a4d1470 JavaThread "Compiler Source File Reader" daemon [_thread_blocked, id=12792, stack(0x0000008910600000,0x0000008910700000) (1024K)]
  0x000002154a4cf3a0 JavaThread "Compiler Source File Reader" daemon [_thread_blocked, id=24532, stack(0x0000008910700000,0x0000008910800000) (1024K)]
  0x000002154a4ce680 JavaThread "Compiler Source File Reader" daemon [_thread_blocked, id=17440, stack(0x0000008910800000,0x0000008910900000) (1024K)]
  0x000002154bd8c840 JavaThread "Compiler Processing Task"   daemon [_thread_blocked, id=24636, stack(0x0000008910a00000,0x0000008910b00000) (1024K)]
  0x000002154bd893c0 JavaThread "Compiler Class File Writer" daemon [_thread_blocked, id=27684, stack(0x0000008910b00000,0x0000008910c00000) (1024K)]
  0x000002154bd8a770 JavaThread "Compiler Class File Writer" daemon [_thread_blocked, id=17628, stack(0x0000008910c00000,0x0000008910d00000) (1024K)]
  0x000002154bd8ced0 JavaThread "Compiler Class File Writer" daemon [_thread_blocked, id=32948, stack(0x0000008910d00000,0x0000008910e00000) (1024K)]
  0x000002154bd89a50 JavaThread "Compiler Class File Writer" daemon [_thread_blocked, id=39892, stack(0x0000008910e00000,0x0000008910f00000) (1024K)]
  0x000002154bd8f630 JavaThread "Compiler Class File Writer" daemon [_thread_blocked, id=43656, stack(0x0000008910f00000,0x0000008911000000) (1024K)]
  0x000002154bd8efa0 JavaThread "Compiler Class File Writer" daemon [_thread_blocked, id=16188, stack(0x0000008911000000,0x0000008911100000) (1024K)]
  0x000002154bd8fcc0 JavaThread "Compiler Class File Writer" daemon [_thread_blocked, id=27520, stack(0x0000008911100000,0x0000008911200000) (1024K)]
  0x000002154bd909e0 JavaThread "Compiler Class File Writer" daemon [_thread_blocked, id=40056, stack(0x0000008911200000,0x0000008911300000) (1024K)]
  0x000002154bd8e910 JavaThread "Compiler Class File Writer" daemon [_thread_blocked, id=2212, stack(0x0000008911300000,0x0000008911400000) (1024K)]
  0x000002154bd90350 JavaThread "Compiler Class File Writer" daemon [_thread_blocked, id=34424, stack(0x0000008911400000,0x0000008911500000) (1024K)]
  0x000002154b149300 JavaThread "C2 CompilerThread1"         daemon [_thread_in_native, id=32220, stack(0x0000008910900000,0x0000008910a00000) (1024K)]
=>0x000002154bcedfe0 JavaThread "C2 CompilerThread2"         daemon [_thread_in_native, id=47060, stack(0x0000008911500000,0x0000008911600000) (1024K)]
Total: 73

Other Threads:
  0x0000021569d60c20 VMThread "VM Thread"                           [id=41008, stack(0x000000890c100000,0x000000890c200000) (1024K)]
  0x0000021569b4ca00 WatcherThread "VM Periodic Task Thread"        [id=23484, stack(0x000000890c000000,0x000000890c100000) (1024K)]
  0x0000021569ce4040 WorkerThread "GC Thread#0"                     [id=41928, stack(0x000000890bf00000,0x000000890c000000) (1024K)]
  0x000002157ed8e790 WorkerThread "GC Thread#1"                     [id=35724, stack(0x000000890cd00000,0x000000890ce00000) (1024K)]
  0x000002157efb4dc0 WorkerThread "GC Thread#2"                     [id=17072, stack(0x000000890ce00000,0x000000890cf00000) (1024K)]
  0x000002157efb5160 WorkerThread "GC Thread#3"                     [id=37804, stack(0x000000890cf00000,0x000000890d000000) (1024K)]
  0x000002157ee2c620 WorkerThread "GC Thread#4"                     [id=37136, stack(0x000000890d000000,0x000000890d100000) (1024K)]
  0x000002157ee2c9c0 WorkerThread "GC Thread#5"                     [id=46724, stack(0x000000890d100000,0x000000890d200000) (1024K)]
  0x000002157eeff660 WorkerThread "GC Thread#6"                     [id=5032, stack(0x000000890d200000,0x000000890d300000) (1024K)]
  0x000002157f01d330 WorkerThread "GC Thread#7"                     [id=44656, stack(0x000000890d300000,0x000000890d400000) (1024K)]
  0x000002157f142630 WorkerThread "GC Thread#8"                     [id=18540, stack(0x000000890d800000,0x000000890d900000) (1024K)]
  0x000002157f141b50 WorkerThread "GC Thread#9"                     [id=43328, stack(0x000000890d900000,0x000000890da00000) (1024K)]
Total: 12

Threads with active compile tasks:
C2 CompilerThread0  45296 11450       4       org.eclipse.jdt.internal.core.builder.NameEnvironment::getModulesDeclaringPackage (336 bytes)
C1 CompilerThread0  45297 11635       2       sun.reflect.annotation.TypeAnnotationParser::buildAnnotatedTypes (314 bytes)
C2 CompilerThread1  45297 11579       4       org.objectweb.asm.ClassReader::readUtf (161 bytes)
C2 CompilerThread2  45297 11453       4       org.eclipse.jdt.internal.compiler.lookup.BinaryTypeBinding::createMethod (1666 bytes)
Total: 4

VM state: not at safepoint (normal execution)

VM Mutex/Monitor currently owned by a thread: None

Heap address: 0x0000000080000000, size: 2048 MB, Compressed Oops mode: 32-bit

CDS archive(s) mapped at: [0x0000021504000000-0x0000021504ba0000-0x0000021504ba0000), size 12189696, SharedBaseAddress: 0x0000021504000000, ArchiveRelocationMode: 1.
Compressed class space mapped at: 0x0000021505000000-0x0000021545000000, reserved size: 1073741824
Narrow klass base: 0x0000021504000000, Narrow klass shift: 0, Narrow klass range: 0x100000000

GC Precious Log:
 CardTable entry size: 512
 CPUs: 12 total, 12 available
 Memory: 7915M
 Large Page Support: Disabled
 NUMA Support: Disabled
 Compressed Oops: Enabled (32-bit)
 Alignments: Space 512K, Generation 512K, Heap 2M
 Heap Min Capacity: 100M
 Heap Initial Capacity: 100M
 Heap Max Capacity: 2G
 Pre-touch: Disabled
 Parallel Workers: 10

Heap:
 PSYoungGen      total 9728K, used 7821K [0x00000000d5580000, 0x00000000d6100000, 0x0000000100000000)
  eden space 7680K, 84% used [0x00000000d5580000,0x00000000d5bdbc78,0x00000000d5d00000)
  from space 2048K, 63% used [0x00000000d5f00000,0x00000000d6047ac8,0x00000000d6100000)
  to   space 2048K, 0% used [0x00000000d5d00000,0x00000000d5d00000,0x00000000d5f00000)
 ParOldGen       total 237056K, used 234235K [0x0000000080000000, 0x000000008e780000, 0x00000000d5580000)
  object space 237056K, 98% used [0x0000000080000000,0x000000008e4beef8,0x000000008e780000)
 Metaspace       used 60350K, committed 61824K, reserved 1114112K
  class space    used 6272K, committed 6912K, reserved 1048576K

Card table byte_map: [0x0000021569660000,0x0000021569a70000] _byte_map_base: 0x0000021569260000

Marking Bits: (ParMarkBitMap*) 0x00007ffb808b2460
 Begin Bits: [0x0000021500000000, 0x0000021502000000)
 End Bits:   [0x0000021502000000, 0x0000021504000000)

Polling page: 0x0000021567c30000

Metaspace:

Usage:
  Non-class:     52.81 MB used.
      Class:      6.13 MB used.
       Both:     58.94 MB used.

Virtual space:
  Non-class space:       64.00 MB reserved,      53.62 MB ( 84%) committed,  1 nodes.
      Class space:        1.00 GB reserved,       6.75 MB ( <1%) committed,  1 nodes.
             Both:        1.06 GB reserved,      60.38 MB (  6%) committed. 

Chunk freelists:
   Non-Class:  10.12 MB
       Class:  9.23 MB
        Both:  19.34 MB

MaxMetaspaceSize: unlimited
CompressedClassSpaceSize: 1.00 GB
Initial GC threshold: 21.00 MB
Current GC threshold: 100.25 MB
CDS: on
 - commit_granule_bytes: 65536.
 - commit_granule_words: 8192.
 - virtual_space_node_default_size: 8388608.
 - enlarge_chunks_in_place: 1.
 - use_allocation_guard: 0.


Internal statistics:

num_allocs_failed_limit: 11.
num_arena_births: 1208.
num_arena_deaths: 14.
num_vsnodes_births: 2.
num_vsnodes_deaths: 0.
num_space_committed: 966.
num_space_uncommitted: 0.
num_chunks_returned_to_freelist: 25.
num_chunks_taken_from_freelist: 4105.
num_chunk_merges: 14.
num_chunk_splits: 2499.
num_chunks_enlarged: 1347.
num_inconsistent_stats: 0.

CodeHeap 'non-profiled nmethods': size=120000Kb used=5280Kb max_used=5280Kb free=114719Kb
 bounds [0x0000021574990000, 0x0000021574ec0000, 0x000002157bec0000]
CodeHeap 'profiled nmethods': size=120000Kb used=20810Kb max_used=24457Kb free=99189Kb
 bounds [0x000002156cec0000, 0x000002156e6b0000, 0x00000215743f0000]
CodeHeap 'non-nmethods': size=5760Kb used=1417Kb max_used=1520Kb free=4342Kb
 bounds [0x00000215743f0000, 0x0000021574660000, 0x0000021574990000]
CodeCache: size=245760Kb, used=27507Kb, max_used=31257Kb, free=218250Kb
 total_blobs=10156, nmethods=9428, adapters=632, full_count=0
Compilation: enabled, stopped_count=0, restarted_count=0

Compilation events (20 events):
Event: 44.203 Thread 0x0000021569d7bb80 nmethod 11584 0x000002156d2b4910 code [0x000002156d2b4ac0, 0x000002156d2b4bd8]
Event: 44.203 Thread 0x0000021569d7bb80 11585       2       com.google.inject.Key$AnnotationInstanceStrategy::hashCode (10 bytes)
Event: 44.203 Thread 0x0000021569d7bb80 nmethod 11585 0x000002156d0e7f90 code [0x000002156d0e8140, 0x000002156d0e8278]
Event: 44.206 Thread 0x0000021569d7bb80 11586       2       com.google.inject.internal.Annotations::canonicalizeIfNamed (22 bytes)
Event: 44.207 Thread 0x0000021569d7bb80 nmethod 11586 0x000002156d1ad790 code [0x000002156d1ad960, 0x000002156d1adcb0]
Event: 44.207 Thread 0x0000021569d7bb80 11587       2       com.google.inject.Key$AnnotationInstanceStrategy::<init> (18 bytes)
Event: 44.207 Thread 0x0000021569d7bb80 nmethod 11587 0x000002156d7a1810 code [0x000002156d7a19c0, 0x000002156d7a1c08]
Event: 44.208 Thread 0x0000021569d7bb80 11588       2       org.objectweb.asm.ClassVisitor::<init> (7 bytes)
Event: 44.209 Thread 0x0000021569d7bb80 nmethod 11588 0x000002156d11da10 code [0x000002156d11dbc0, 0x000002156d11dcf0]
Event: 44.209 Thread 0x0000021569d7bb80 11589       2       org.objectweb.asm.ClassVisitor::<init> (79 bytes)
Event: 44.209 Thread 0x0000021569d7bb80 nmethod 11589 0x000002156d1b2390 code [0x000002156d1b25a0, 0x000002156d1b29f8]
Event: 44.216 Thread 0x0000021569d7bb80 11591       2       org.eclipse.sisu.space.QualifierCache::qualify (108 bytes)
Event: 44.217 Thread 0x0000021569d7bb80 nmethod 11591 0x000002156cf7e410 code [0x000002156cf7e660, 0x000002156cf7eb90]
Event: 44.218 Thread 0x0000021569d7bb80 11592   !   2       org.eclipse.osgi.storage.url.BundleResourceHandler::openConnection (153 bytes)
Event: 44.219 Thread 0x0000021569d7bb80 nmethod 11592 0x000002156d96aa10 code [0x000002156d96ace0, 0x000002156d96b628]
Event: 44.220 Thread 0x0000021569d7bb80 11594       2       org.objectweb.asm.ClassVisitor::visitField (24 bytes)
Event: 44.220 Thread 0x0000021569d7bb80 nmethod 11594 0x000002156d2da410 code [0x000002156d2da5c0, 0x000002156d2da730]
Event: 44.220 Thread 0x0000021569d7bb80 11593       2       org.eclipse.osgi.storage.url.BundleURLConnection::<init> (26 bytes)
Event: 44.232 Thread 0x0000021569d7bb80 nmethod 11593 0x000002156d50d890 code [0x000002156d50da40, 0x000002156d50dbd8]
Event: 44.233 Thread 0x0000021569d7bb80 11595       2       org.objectweb.asm.ClassReader::readField (675 bytes)

GC Heap History (20 events):
Event: 40.477 GC heap after
{Heap after GC invocations=167 (full 4):
 PSYoungGen      total 9728K, used 1932K [0x00000000d5580000, 0x00000000d6100000, 0x0000000100000000)
  eden space 7680K, 0% used [0x00000000d5580000,0x00000000d5580000,0x00000000d5d00000)
  from space 2048K, 94% used [0x00000000d5e00000,0x00000000d5fe3090,0x00000000d6000000)
  to   space 1024K, 0% used [0x00000000d6000000,0x00000000d6000000,0x00000000d6100000)
 ParOldGen       total 237056K, used 221136K [0x0000000080000000, 0x000000008e780000, 0x00000000d5580000)
  object space 237056K, 93% used [0x0000000080000000,0x000000008d7f4038,0x000000008e780000)
 Metaspace       used 60201K, committed 61696K, reserved 1114112K
  class space    used 6258K, committed 6912K, reserved 1048576K
}
Event: 40.864 GC heap before
{Heap before GC invocations=168 (full 4):
 PSYoungGen      total 9728K, used 9612K [0x00000000d5580000, 0x00000000d6100000, 0x0000000100000000)
  eden space 7680K, 100% used [0x00000000d5580000,0x00000000d5d00000,0x00000000d5d00000)
  from space 2048K, 94% used [0x00000000d5e00000,0x00000000d5fe3090,0x00000000d6000000)
  to   space 1024K, 0% used [0x00000000d6000000,0x00000000d6000000,0x00000000d6100000)
 ParOldGen       total 237056K, used 221136K [0x0000000080000000, 0x000000008e780000, 0x00000000d5580000)
  object space 237056K, 93% used [0x0000000080000000,0x000000008d7f4038,0x000000008e780000)
 Metaspace       used 60204K, committed 61696K, reserved 1114112K
  class space    used 6258K, committed 6912K, reserved 1048576K
}
Event: 40.872 GC heap after
{Heap after GC invocations=168 (full 4):
 PSYoungGen      total 7680K, used 1024K [0x00000000d5580000, 0x00000000d6500000, 0x0000000100000000)
  eden space 6656K, 0% used [0x00000000d5580000,0x00000000d5580000,0x00000000d5c00000)
  from space 1024K, 100% used [0x00000000d6000000,0x00000000d6100000,0x00000000d6100000)
  to   space 4096K, 0% used [0x00000000d5c00000,0x00000000d5c00000,0x00000000d6000000)
 ParOldGen       total 237056K, used 223471K [0x0000000080000000, 0x000000008e780000, 0x00000000d5580000)
  object space 237056K, 94% used [0x0000000080000000,0x000000008da3be08,0x000000008e780000)
 Metaspace       used 60204K, committed 61696K, reserved 1114112K
  class space    used 6258K, committed 6912K, reserved 1048576K
}
Event: 40.926 GC heap before
{Heap before GC invocations=169 (full 4):
 PSYoungGen      total 7680K, used 7680K [0x00000000d5580000, 0x00000000d6500000, 0x0000000100000000)
  eden space 6656K, 100% used [0x00000000d5580000,0x00000000d5c00000,0x00000000d5c00000)
  from space 1024K, 100% used [0x00000000d6000000,0x00000000d6100000,0x00000000d6100000)
  to   space 4096K, 0% used [0x00000000d5c00000,0x00000000d5c00000,0x00000000d6000000)
 ParOldGen       total 237056K, used 223471K [0x0000000080000000, 0x000000008e780000, 0x00000000d5580000)
  object space 237056K, 94% used [0x0000000080000000,0x000000008da3be08,0x000000008e780000)
 Metaspace       used 60216K, committed 61696K, reserved 1114112K
  class space    used 6258K, committed 6912K, reserved 1048576K
}
Event: 40.929 GC heap after
{Heap after GC invocations=169 (full 4):
 PSYoungGen      total 8192K, used 1344K [0x00000000d5580000, 0x00000000d6100000, 0x0000000100000000)
  eden space 6656K, 0% used [0x00000000d5580000,0x00000000d5580000,0x00000000d5c00000)
  from space 1536K, 87% used [0x00000000d5c00000,0x00000000d5d50000,0x00000000d5d80000)
  to   space 2560K, 0% used [0x00000000d5e80000,0x00000000d5e80000,0x00000000d6100000)
 ParOldGen       total 237056K, used 224539K [0x0000000080000000, 0x000000008e780000, 0x00000000d5580000)
  object space 237056K, 94% used [0x0000000080000000,0x000000008db46c58,0x000000008e780000)
 Metaspace       used 60216K, committed 61696K, reserved 1114112K
  class space    used 6258K, committed 6912K, reserved 1048576K
}
Event: 40.962 GC heap before
{Heap before GC invocations=170 (full 4):
 PSYoungGen      total 8192K, used 8000K [0x00000000d5580000, 0x00000000d6100000, 0x0000000100000000)
  eden space 6656K, 100% used [0x00000000d5580000,0x00000000d5c00000,0x00000000d5c00000)
  from space 1536K, 87% used [0x00000000d5c00000,0x00000000d5d50000,0x00000000d5d80000)
  to   space 2560K, 0% used [0x00000000d5e80000,0x00000000d5e80000,0x00000000d6100000)
 ParOldGen       total 237056K, used 224539K [0x0000000080000000, 0x000000008e780000, 0x00000000d5580000)
  object space 237056K, 94% used [0x0000000080000000,0x000000008db46c58,0x000000008e780000)
 Metaspace       used 60230K, committed 61696K, reserved 1114112K
  class space    used 6260K, committed 6912K, reserved 1048576K
}
Event: 40.965 GC heap after
{Heap after GC invocations=170 (full 4):
 PSYoungGen      total 8704K, used 1552K [0x00000000d5580000, 0x00000000d6080000, 0x0000000100000000)
  eden space 6656K, 0% used [0x00000000d5580000,0x00000000d5580000,0x00000000d5c00000)
  from space 2048K, 75% used [0x00000000d5e80000,0x00000000d60043c8,0x00000000d6080000)
  to   space 2048K, 0% used [0x00000000d5c80000,0x00000000d5c80000,0x00000000d5e80000)
 ParOldGen       total 237056K, used 225747K [0x0000000080000000, 0x000000008e780000, 0x00000000d5580000)
  object space 237056K, 95% used [0x0000000080000000,0x000000008dc74d38,0x000000008e780000)
 Metaspace       used 60230K, committed 61696K, reserved 1114112K
  class space    used 6260K, committed 6912K, reserved 1048576K
}
Event: 41.012 GC heap before
{Heap before GC invocations=171 (full 4):
 PSYoungGen      total 8704K, used 8208K [0x00000000d5580000, 0x00000000d6080000, 0x0000000100000000)
  eden space 6656K, 100% used [0x00000000d5580000,0x00000000d5c00000,0x00000000d5c00000)
  from space 2048K, 75% used [0x00000000d5e80000,0x00000000d60043c8,0x00000000d6080000)
  to   space 2048K, 0% used [0x00000000d5c80000,0x00000000d5c80000,0x00000000d5e80000)
 ParOldGen       total 237056K, used 225747K [0x0000000080000000, 0x000000008e780000, 0x00000000d5580000)
  object space 237056K, 95% used [0x0000000080000000,0x000000008dc74d38,0x000000008e780000)
 Metaspace       used 60294K, committed 61760K, reserved 1114112K
  class space    used 6266K, committed 6912K, reserved 1048576K
}
Event: 41.015 GC heap after
{Heap after GC invocations=171 (full 4):
 PSYoungGen      total 8192K, used 1490K [0x00000000d5580000, 0x00000000d5f00000, 0x0000000100000000)
  eden space 6656K, 0% used [0x00000000d5580000,0x00000000d5580000,0x00000000d5c00000)
  from space 1536K, 97% used [0x00000000d5c80000,0x00000000d5df4ac8,0x00000000d5e00000)
  to   space 1024K, 0% used [0x00000000d5e00000,0x00000000d5e00000,0x00000000d5f00000)
 ParOldGen       total 237056K, used 227104K [0x0000000080000000, 0x000000008e780000, 0x00000000d5580000)
  object space 237056K, 95% used [0x0000000080000000,0x000000008ddc8250,0x000000008e780000)
 Metaspace       used 60294K, committed 61760K, reserved 1114112K
  class space    used 6266K, committed 6912K, reserved 1048576K
}
Event: 41.054 GC heap before
{Heap before GC invocations=172 (full 4):
 PSYoungGen      total 8192K, used 8146K [0x00000000d5580000, 0x00000000d5f00000, 0x0000000100000000)
  eden space 6656K, 100% used [0x00000000d5580000,0x00000000d5c00000,0x00000000d5c00000)
  from space 1536K, 97% used [0x00000000d5c80000,0x00000000d5df4ac8,0x00000000d5e00000)
  to   space 1024K, 0% used [0x00000000d5e00000,0x00000000d5e00000,0x00000000d5f00000)
 ParOldGen       total 237056K, used 227104K [0x0000000080000000, 0x000000008e780000, 0x00000000d5580000)
  object space 237056K, 95% used [0x0000000080000000,0x000000008ddc8250,0x000000008e780000)
 Metaspace       used 60297K, committed 61760K, reserved 1114112K
  class space    used 6266K, committed 6912K, reserved 1048576K
}
Event: 41.057 GC heap after
{Heap after GC invocations=172 (full 4):
 PSYoungGen      total 6656K, used 1020K [0x00000000d5580000, 0x00000000d6200000, 0x0000000100000000)
  eden space 5632K, 0% used [0x00000000d5580000,0x00000000d5580000,0x00000000d5b00000)
  from space 1024K, 99% used [0x00000000d5e00000,0x00000000d5eff010,0x00000000d5f00000)
  to   space 3072K, 0% used [0x00000000d5b00000,0x00000000d5b00000,0x00000000d5e00000)
 ParOldGen       total 237056K, used 228639K [0x0000000080000000, 0x000000008e780000, 0x00000000d5580000)
  object space 237056K, 96% used [0x0000000080000000,0x000000008df47dd8,0x000000008e780000)
 Metaspace       used 60297K, committed 61760K, reserved 1114112K
  class space    used 6266K, committed 6912K, reserved 1048576K
}
Event: 42.090 GC heap before
{Heap before GC invocations=173 (full 4):
 PSYoungGen      total 6656K, used 6652K [0x00000000d5580000, 0x00000000d6200000, 0x0000000100000000)
  eden space 5632K, 100% used [0x00000000d5580000,0x00000000d5b00000,0x00000000d5b00000)
  from space 1024K, 99% used [0x00000000d5e00000,0x00000000d5eff010,0x00000000d5f00000)
  to   space 3072K, 0% used [0x00000000d5b00000,0x00000000d5b00000,0x00000000d5e00000)
 ParOldGen       total 237056K, used 228639K [0x0000000080000000, 0x000000008e780000, 0x00000000d5580000)
  object space 237056K, 96% used [0x0000000080000000,0x000000008df47dd8,0x000000008e780000)
 Metaspace       used 60297K, committed 61760K, reserved 1114112K
  class space    used 6266K, committed 6912K, reserved 1048576K
}
Event: 42.092 GC heap after
{Heap after GC invocations=173 (full 4):
 PSYoungGen      total 7168K, used 1254K [0x00000000d5580000, 0x00000000d5f00000, 0x0000000100000000)
  eden space 5632K, 0% used [0x00000000d5580000,0x00000000d5580000,0x00000000d5b00000)
  from space 1536K, 81% used [0x00000000d5b00000,0x00000000d5c39b18,0x00000000d5c80000)
  to   space 2048K, 0% used [0x00000000d5d00000,0x00000000d5d00000,0x00000000d5f00000)
 ParOldGen       total 237056K, used 229620K [0x0000000080000000, 0x000000008e780000, 0x00000000d5580000)
  object space 237056K, 96% used [0x0000000080000000,0x000000008e03d310,0x000000008e780000)
 Metaspace       used 60297K, committed 61760K, reserved 1114112K
  class space    used 6266K, committed 6912K, reserved 1048576K
}
Event: 44.106 GC heap before
{Heap before GC invocations=174 (full 4):
 PSYoungGen      total 7168K, used 6886K [0x00000000d5580000, 0x00000000d5f00000, 0x0000000100000000)
  eden space 5632K, 100% used [0x00000000d5580000,0x00000000d5b00000,0x00000000d5b00000)
  from space 1536K, 81% used [0x00000000d5b00000,0x00000000d5c39b18,0x00000000d5c80000)
  to   space 2048K, 0% used [0x00000000d5d00000,0x00000000d5d00000,0x00000000d5f00000)
 ParOldGen       total 237056K, used 229620K [0x0000000080000000, 0x000000008e780000, 0x00000000d5580000)
  object space 237056K, 96% used [0x0000000080000000,0x000000008e03d310,0x000000008e780000)
 Metaspace       used 60297K, committed 61760K, reserved 1114112K
  class space    used 6266K, committed 6912K, reserved 1048576K
}
Event: 44.109 GC heap after
{Heap after GC invocations=174 (full 4):
 PSYoungGen      total 7168K, used 1250K [0x00000000d5580000, 0x00000000d5e80000, 0x0000000100000000)
  eden space 5632K, 0% used [0x00000000d5580000,0x00000000d5580000,0x00000000d5b00000)
  from space 1536K, 81% used [0x00000000d5d00000,0x00000000d5e389a0,0x00000000d5e80000)
  to   space 1536K, 0% used [0x00000000d5b00000,0x00000000d5b00000,0x00000000d5c80000)
 ParOldGen       total 237056K, used 230653K [0x0000000080000000, 0x000000008e780000, 0x00000000d5580000)
  object space 237056K, 97% used [0x0000000080000000,0x000000008e13f7d8,0x000000008e780000)
 Metaspace       used 60297K, committed 61760K, reserved 1114112K
  class space    used 6266K, committed 6912K, reserved 1048576K
}
Event: 44.131 GC heap before
{Heap before GC invocations=175 (full 4):
 PSYoungGen      total 7168K, used 6882K [0x00000000d5580000, 0x00000000d5e80000, 0x0000000100000000)
  eden space 5632K, 100% used [0x00000000d5580000,0x00000000d5b00000,0x00000000d5b00000)
  from space 1536K, 81% used [0x00000000d5d00000,0x00000000d5e389a0,0x00000000d5e80000)
  to   space 1536K, 0% used [0x00000000d5b00000,0x00000000d5b00000,0x00000000d5c80000)
 ParOldGen       total 237056K, used 230653K [0x0000000080000000, 0x000000008e780000, 0x00000000d5580000)
  object space 237056K, 97% used [0x0000000080000000,0x000000008e13f7d8,0x000000008e780000)
 Metaspace       used 60300K, committed 61760K, reserved 1114112K
  class space    used 6266K, committed 6912K, reserved 1048576K
}
Event: 44.133 GC heap after
{Heap after GC invocations=175 (full 4):
 PSYoungGen      total 7168K, used 606K [0x00000000d5580000, 0x00000000d5d80000, 0x0000000100000000)
  eden space 5632K, 0% used [0x00000000d5580000,0x00000000d5580000,0x00000000d5b00000)
  from space 1536K, 39% used [0x00000000d5b00000,0x00000000d5b979e8,0x00000000d5c80000)
  to   space 1024K, 0% used [0x00000000d5c80000,0x00000000d5c80000,0x00000000d5d80000)
 ParOldGen       total 237056K, used 231829K [0x0000000080000000, 0x000000008e780000, 0x00000000d5580000)
  object space 237056K, 97% used [0x0000000080000000,0x000000008e2655e8,0x000000008e780000)
 Metaspace       used 60300K, committed 61760K, reserved 1114112K
  class space    used 6266K, committed 6912K, reserved 1048576K
}
Event: 44.230 GC heap before
{Heap before GC invocations=176 (full 4):
 PSYoungGen      total 7168K, used 6238K [0x00000000d5580000, 0x00000000d5d80000, 0x0000000100000000)
  eden space 5632K, 100% used [0x00000000d5580000,0x00000000d5b00000,0x00000000d5b00000)
  from space 1536K, 39% used [0x00000000d5b00000,0x00000000d5b979e8,0x00000000d5c80000)
  to   space 1024K, 0% used [0x00000000d5c80000,0x00000000d5c80000,0x00000000d5d80000)
 ParOldGen       total 237056K, used 231829K [0x0000000080000000, 0x000000008e780000, 0x00000000d5580000)
  object space 237056K, 97% used [0x0000000080000000,0x000000008e2655e8,0x000000008e780000)
 Metaspace       used 60323K, committed 61760K, reserved 1114112K
  class space    used 6266K, committed 6912K, reserved 1048576K
}
Event: 44.232 GC heap after
{Heap after GC invocations=176 (full 4):
 PSYoungGen      total 6656K, used 786K [0x00000000d5580000, 0x00000000d5d80000, 0x0000000100000000)
  eden space 5632K, 0% used [0x00000000d5580000,0x00000000d5580000,0x00000000d5b00000)
  from space 1024K, 76% used [0x00000000d5c80000,0x00000000d5d44bd8,0x00000000d5d80000)
  to   space 1024K, 0% used [0x00000000d5b80000,0x00000000d5b80000,0x00000000d5c80000)
 ParOldGen       total 237056K, used 232331K [0x0000000080000000, 0x000000008e780000, 0x00000000d5580000)
  object space 237056K, 98% used [0x0000000080000000,0x000000008e2e2ea0,0x000000008e780000)
 Metaspace       used 60323K, committed 61760K, reserved 1114112K
  class space    used 6266K, committed 6912K, reserved 1048576K
}
Event: 44.273 GC heap before
{Heap before GC invocations=177 (full 4):
 PSYoungGen      total 6656K, used 6418K [0x00000000d5580000, 0x00000000d5d80000, 0x0000000100000000)
  eden space 5632K, 100% used [0x00000000d5580000,0x00000000d5b00000,0x00000000d5b00000)
  from space 1024K, 76% used [0x00000000d5c80000,0x00000000d5d44bd8,0x00000000d5d80000)
  to   space 1024K, 0% used [0x00000000d5b80000,0x00000000d5b80000,0x00000000d5c80000)
 ParOldGen       total 237056K, used 232331K [0x0000000080000000, 0x000000008e780000, 0x00000000d5580000)
  object space 237056K, 98% used [0x0000000080000000,0x000000008e2e2ea0,0x000000008e780000)
 Metaspace       used 60323K, committed 61760K, reserved 1114112K
  class space    used 6266K, committed 6912K, reserved 1048576K
}

Dll operation events (10 events):
Event: 0.029 Loaded shared library c:\Users\lenov\.vscode\extensions\redhat.java-1.52.0-win32-x64\jre\21.0.9-win32-x86_64\bin\java.dll
Event: 0.131 Loaded shared library c:\Users\lenov\.vscode\extensions\redhat.java-1.52.0-win32-x64\jre\21.0.9-win32-x86_64\bin\zip.dll
Event: 0.158 Loaded shared library C:\Users\lenov\.vscode\extensions\redhat.java-1.52.0-win32-x64\jre\21.0.9-win32-x86_64\bin\instrument.dll
Event: 0.165 Loaded shared library C:\Users\lenov\.vscode\extensions\redhat.java-1.52.0-win32-x64\jre\21.0.9-win32-x86_64\bin\net.dll
Event: 0.169 Loaded shared library C:\Users\lenov\.vscode\extensions\redhat.java-1.52.0-win32-x64\jre\21.0.9-win32-x86_64\bin\nio.dll
Event: 0.176 Loaded shared library C:\Users\lenov\.vscode\extensions\redhat.java-1.52.0-win32-x64\jre\21.0.9-win32-x86_64\bin\zip.dll
Event: 0.199 Loaded shared library C:\Users\lenov\.vscode\extensions\redhat.java-1.52.0-win32-x64\jre\21.0.9-win32-x86_64\bin\jimage.dll
Event: 0.308 Loaded shared library c:\Users\lenov\.vscode\extensions\redhat.java-1.52.0-win32-x64\jre\21.0.9-win32-x86_64\bin\verify.dll
Event: 1.999 Loaded shared library C:\Users\lenov\AppData\Roaming\Code\User\globalStorage\redhat.java\1.52.0\config_win\org.eclipse.equinox.launcher\org.eclipse.equinox.launcher.win32.win32.x86_64_1.2.1500.v20260121-1430\eclipse_11919.dll
Event: 4.803 Loaded shared library C:\Users\lenov\AppData\Local\Temp\jna-2647\jna1243011828810042043.dll

Deoptimization events (20 events):
Event: 41.033 Thread 0x00000215496db350 DEOPT PACKING pc=0x0000021574c59b4c sp=0x000000890dffe160
Event: 41.033 Thread 0x00000215496db350 DEOPT UNPACKING pc=0x0000021574443aa2 sp=0x000000890dffe018 mode 2
Event: 41.058 Thread 0x00000215496db350 DEOPT PACKING pc=0x000002156cf497a7 sp=0x000000890dffdae0
Event: 41.058 Thread 0x00000215496db350 DEOPT UNPACKING pc=0x0000021574444242 sp=0x000000890dffd040 mode 0
Event: 41.059 Thread 0x00000215496db350 Uncommon trap: trap_request=0xffffff45 fr.pc=0x0000021574c53394 relative=0x0000000000001c14
Event: 41.059 Thread 0x00000215496db350 Uncommon trap: reason=unstable_if action=reinterpret pc=0x0000021574c53394 method=sun.nio.cs.StreamDecoder.lockedRead([CII)I @ 122 c2
Event: 41.059 Thread 0x00000215496db350 DEOPT PACKING pc=0x0000021574c53394 sp=0x000000890dffd770
Event: 41.059 Thread 0x00000215496db350 DEOPT UNPACKING pc=0x0000021574443aa2 sp=0x000000890dffd748 mode 2
Event: 41.059 Thread 0x00000215496db350 Uncommon trap: trap_request=0xffffff45 fr.pc=0x0000021574ce3f48 relative=0x0000000000000248
Event: 41.059 Thread 0x00000215496db350 Uncommon trap: reason=unstable_if action=reinterpret pc=0x0000021574ce3f48 method=java.io.Reader.read()I @ 12 c2
Event: 41.059 Thread 0x00000215496db350 DEOPT PACKING pc=0x0000021574ce3f48 sp=0x000000890dffd900
Event: 41.059 Thread 0x00000215496db350 DEOPT UNPACKING pc=0x0000021574443aa2 sp=0x000000890dffd808 mode 2
Event: 41.068 Thread 0x00000215496db350 Uncommon trap: trap_request=0xffffff45 fr.pc=0x0000021574b8cf60 relative=0x0000000000000d60
Event: 42.075 Thread 0x00000215496db350 Uncommon trap: reason=unstable_if action=reinterpret pc=0x0000021574b8cf60 method=org.codehaus.plexus.util.xml.pull.MXParser.nextImpl()I @ 967 c2
Event: 42.092 Thread 0x00000215496db350 DEOPT PACKING pc=0x0000021574b8cf60 sp=0x000000890dffde50
Event: 42.092 Thread 0x00000215496db350 DEOPT UNPACKING pc=0x0000021574443aa2 sp=0x000000890dffddd0 mode 2
Event: 44.135 Thread 0x00000215496db350 Uncommon trap: trap_request=0xffffff45 fr.pc=0x0000021574ce473c relative=0x000000000000017c
Event: 44.135 Thread 0x00000215496db350 Uncommon trap: reason=unstable_if action=reinterpret pc=0x0000021574ce473c method=java.io.Reader.read()I @ 12 c2
Event: 44.135 Thread 0x00000215496db350 DEOPT PACKING pc=0x0000021574ce473c sp=0x000000890dffd950
Event: 44.135 Thread 0x00000215496db350 DEOPT UNPACKING pc=0x0000021574443aa2 sp=0x000000890dffd8d8 mode 2

Classes loaded (20 events):
Event: 14.741 Loading class sun/nio/ch/ChannelOutputStream
Event: 14.741 Loading class sun/nio/ch/ChannelOutputStream done
Event: 14.757 Loading class java/util/stream/ReferencePipeline$4
Event: 14.757 Loading class java/util/stream/ReferencePipeline$4 done
Event: 14.758 Loading class java/util/stream/Nodes$IntFixedNodeBuilder
Event: 14.758 Loading class java/util/stream/Node$Builder$OfInt
Event: 14.758 Loading class java/util/stream/Node$Builder$OfInt done
Event: 14.758 Loading class java/util/stream/Nodes$IntArrayNode
Event: 14.758 Loading class java/util/stream/Nodes$IntArrayNode done
Event: 14.758 Loading class java/util/stream/Nodes$IntFixedNodeBuilder done
Event: 14.758 Loading class java/util/stream/ReferencePipeline$4$1
Event: 14.759 Loading class java/util/stream/ReferencePipeline$4$1 done
Event: 34.190 Loading class sun/nio/cs/ISO_8859_1$Encoder
Event: 34.192 Loading class sun/nio/cs/ISO_8859_1$Encoder done
Event: 34.192 Loading class sun/nio/cs/Surrogate$Parser
Event: 34.199 Loading class sun/nio/cs/Surrogate$Parser done
Event: 34.199 Loading class sun/nio/cs/Surrogate
Event: 34.199 Loading class sun/nio/cs/Surrogate done
Event: 40.660 Loading class jdk/internal/module/IllegalAccessLogger
Event: 40.849 Loading class jdk/internal/module/IllegalAccessLogger done

Classes unloaded (7 events):
Event: 5.181 Thread 0x0000021569d60c20 Unloading class 0x00000215051a5400 'java/lang/invoke/LambdaForm$MH+0x00000215051a5400'
Event: 5.181 Thread 0x0000021569d60c20 Unloading class 0x00000215051a5000 'java/lang/invoke/LambdaForm$MH+0x00000215051a5000'
Event: 5.181 Thread 0x0000021569d60c20 Unloading class 0x00000215051a4c00 'java/lang/invoke/LambdaForm$MH+0x00000215051a4c00'
Event: 5.181 Thread 0x0000021569d60c20 Unloading class 0x00000215051a4800 'java/lang/invoke/LambdaForm$MH+0x00000215051a4800'
Event: 5.181 Thread 0x0000021569d60c20 Unloading class 0x00000215051a4400 'java/lang/invoke/LambdaForm$BMH+0x00000215051a4400'
Event: 5.181 Thread 0x0000021569d60c20 Unloading class 0x00000215051a4000 'java/lang/invoke/LambdaForm$DMH+0x00000215051a4000'
Event: 5.181 Thread 0x0000021569d60c20 Unloading class 0x00000215051a2c00 'java/lang/invoke/LambdaForm$DMH+0x00000215051a2c00'

Classes redefined (0 events):
No events

Internal exceptions (20 events):
Event: 10.715 Thread 0x00000215496dacc0 Exception <a 'sun/nio/fs/WindowsException'{0x00000000d5aebc10}> (0x00000000d5aebc10) 
thrown [s\src\hotspot\share\prims\jni.cpp, line 520]
Event: 10.716 Thread 0x00000215496dacc0 Exception <a 'sun/nio/fs/WindowsException'{0x00000000d5aec5d8}> (0x00000000d5aec5d8) 
thrown [s\src\hotspot\share\prims\jni.cpp, line 520]
Event: 10.726 Thread 0x00000215496dacc0 Exception <a 'java/io/FileNotFoundException'{0x00000000d5d87af8}> (0x00000000d5d87af8) 
thrown [s\src\hotspot\share\prims\jni.cpp, line 520]
Event: 10.727 Thread 0x00000215496dacc0 Exception <a 'java/io/FileNotFoundException'{0x00000000d5d88bc8}> (0x00000000d5d88bc8) 
thrown [s\src\hotspot\share\prims\jni.cpp, line 520]
Event: 10.727 Thread 0x00000215496dacc0 Exception <a 'java/io/FileNotFoundException'{0x00000000d5d89920}> (0x00000000d5d89920) 
thrown [s\src\hotspot\share\prims\jni.cpp, line 520]
Event: 11.846 Thread 0x00000215496db350 Exception <a 'java/lang/NoSuchMethodError'{0x00000000d59bdd00}: 'java.lang.Object java.lang.invoke.DirectMethodHandle$Holder.invokeStatic(java.lang.Object, java.lang.Object, int, int)'> (0x00000000d59bdd00) 
thrown [s\src\hotspot\share\interpreter\linkResolver.cpp, line 773]
Event: 11.847 Thread 0x00000215496db350 Exception <a 'java/lang/NoSuchMethodError'{0x00000000d59c2100}: 'java.lang.Object java.lang.invoke.DirectMethodHandle$Holder.invokeSpecial(java.lang.Object, java.lang.Object, java.lang.Object, int, int)'> (0x00000000d59c2100) 
thrown [s\src\hotspot\share\interpreter\linkResolver.cpp, line 773]
Event: 12.883 Thread 0x00000215496db350 Implicit null exception at 0x0000021574c7fc23 to 0x0000021574c7ff8c
Event: 12.941 Thread 0x00000215496db350 Exception <a 'java/lang/NoSuchMethodError'{0x00000000d5e6dbe8}: 'int java.lang.invoke.DirectMethodHandle$Holder.invokeSpecialIFC(java.lang.Object, java.lang.Object, java.lang.Object)'> (0x00000000d5e6dbe8) 
thrown [s\src\hotspot\share\interpreter\linkResolver.cpp, line 773]
Event: 13.740 Thread 0x00000215496db350 Implicit null exception at 0x0000021574a13546 to 0x0000021574a1358f
Event: 14.650 Thread 0x000002154bd8c840 Exception <a 'java/lang/NoSuchMethodError'{0x00000000d594c1e0}: 'void java.lang.invoke.DirectMethodHandle$Holder.invokeStatic(java.lang.Object, int, java.lang.Object)'> (0x00000000d594c1e0) 
thrown [s\src\hotspot\share\interpreter\linkResolver.cpp, line 773]
Event: 14.735 Thread 0x00000215496db350 Exception <a 'java/lang/NoSuchMethodError'{0x00000000d56281f8}: 'java.lang.Object java.lang.invoke.DirectMethodHandle$Holder.newInvokeSpecial(java.lang.Object, java.lang.Object, int, int, java.lang.Object)'> (0x00000000d56281f8) 
thrown [s\src\hotspot\share\interpreter\linkResolver.cpp, line 773]
Event: 14.736 Thread 0x000002154bd8c840 Exception <a 'java/lang/NoSuchMethodError'{0x00000000d565a468}: 'java.lang.Object java.lang.invoke.DirectMethodHandle$Holder.invokeStatic(java.lang.Object, java.lang.Object, int, java.lang.Object)'> (0x00000000d565a468) 
thrown [s\src\hotspot\share\interpreter\linkResolver.cpp, line 773]
Event: 14.737 Thread 0x000002154bd8c840 Exception <a 'java/lang/NoSuchMethodError'{0x00000000d5698668}: 'java.lang.Object java.lang.invoke.DirectMethodHandle$Holder.newInvokeSpecial(java.lang.Object, java.lang.Object, int)'> (0x00000000d5698668) 
thrown [s\src\hotspot\share\interpreter\linkResolver.cpp, line 773]
Event: 14.802 Thread 0x000002154bd8c840 Implicit null exception at 0x0000021574c7c447 to 0x0000021574c7cafc
Event: 14.870 Thread 0x000002154bd8c840 Exception <a 'java/lang/NoSuchMethodError'{0x00000000d5655f48}: 'java.lang.Object java.lang.invoke.DirectMethodHandle$Holder.invokeStatic(java.lang.Object, java.lang.Object, int, java.lang.Object, java.lang.Object)'> (0x00000000d5655f48) 
thrown [s\src\hotspot\share\interpreter\linkResolver.cpp, line 773]
Event: 17.250 Thread 0x000002154bd8c840 Implicit null exception at 0x0000021574da0307 to 0x0000021574da0d80
Event: 17.283 Thread 0x000002154bd8c840 Implicit null exception at 0x0000021574dd3f44 to 0x0000021574dd3fa0
Event: 40.932 Thread 0x00000215496db350 Exception <a 'sun/nio/fs/WindowsException'{0x00000000d55fd360}> (0x00000000d55fd360) 
thrown [s\src\hotspot\share\prims\jni.cpp, line 520]
Event: 40.941 Thread 0x00000215496db350 Exception <a 'sun/nio/fs/WindowsException'{0x00000000d55fda78}> (0x00000000d55fda78) 
thrown [s\src\hotspot\share\prims\jni.cpp, line 520]

ZGC Phase Switch (0 events):
No events

VM Operations (20 events):
Event: 40.477 Executing VM operation: ParallelGCFailedAllocation (Allocation Failure) done
Event: 40.662 Executing VM operation: ParallelGCFailedAllocation (Allocation Failure)
Event: 40.872 Executing VM operation: ParallelGCFailedAllocation (Allocation Failure) done
Event: 40.926 Executing VM operation: ParallelGCFailedAllocation (Allocation Failure)
Event: 40.929 Executing VM operation: ParallelGCFailedAllocation (Allocation Failure) done
Event: 40.962 Executing VM operation: ParallelGCFailedAllocation (Allocation Failure)
Event: 40.965 Executing VM operation: ParallelGCFailedAllocation (Allocation Failure) done
Event: 41.012 Executing VM operation: ParallelGCFailedAllocation (Allocation Failure)
Event: 41.015 Executing VM operation: ParallelGCFailedAllocation (Allocation Failure) done
Event: 41.054 Executing VM operation: ParallelGCFailedAllocation (Allocation Failure)
Event: 41.057 Executing VM operation: ParallelGCFailedAllocation (Allocation Failure) done
Event: 41.083 Executing VM operation: ParallelGCFailedAllocation (Allocation Failure)
Event: 42.092 Executing VM operation: ParallelGCFailedAllocation (Allocation Failure) done
Event: 42.101 Executing VM operation: ParallelGCFailedAllocation (Allocation Failure)
Event: 44.109 Executing VM operation: ParallelGCFailedAllocation (Allocation Failure) done
Event: 44.131 Executing VM operation: ParallelGCFailedAllocation (Allocation Failure)
Event: 44.133 Executing VM operation: ParallelGCFailedAllocation (Allocation Failure) done
Event: 44.220 Executing VM operation: ParallelGCFailedAllocation (Allocation Failure)
Event: 44.232 Executing VM operation: ParallelGCFailedAllocation (Allocation Failure) done
Event: 44.273 Executing VM operation: ParallelGCFailedAllocation (Allocation Failure)

Memory protections (0 events):
No events

Nmethod flushes (20 events):
Event: 31.747 Thread 0x0000021569d60c20 flushing  nmethod 0x000002156e145f10
Event: 31.747 Thread 0x0000021569d60c20 flushing  nmethod 0x000002156e146910
Event: 31.747 Thread 0x0000021569d60c20 flushing  nmethod 0x000002156e148290
Event: 31.747 Thread 0x0000021569d60c20 flushing  nmethod 0x000002156e166610
Event: 31.747 Thread 0x0000021569d60c20 flushing  nmethod 0x000002156e167310
Event: 31.747 Thread 0x0000021569d60c20 flushing  nmethod 0x000002156e167710
Event: 31.747 Thread 0x0000021569d60c20 flushing  nmethod 0x000002156e167c10
Event: 31.747 Thread 0x0000021569d60c20 flushing  nmethod 0x000002156e168590
Event: 31.747 Thread 0x0000021569d60c20 flushing  nmethod 0x000002156e16d910
Event: 31.747 Thread 0x0000021569d60c20 flushing  nmethod 0x000002156e1b7f10
Event: 31.747 Thread 0x0000021569d60c20 flushing  nmethod 0x000002156e1d6290
Event: 31.747 Thread 0x0000021569d60c20 flushing  nmethod 0x000002156e1e3910
Event: 31.747 Thread 0x0000021569d60c20 flushing  nmethod 0x000002156e1e3d90
Event: 31.747 Thread 0x0000021569d60c20 flushing  nmethod 0x000002156e216710
Event: 31.747 Thread 0x0000021569d60c20 flushing  nmethod 0x000002156e218490
Event: 31.747 Thread 0x0000021569d60c20 flushing  nmethod 0x000002156e221e10
Event: 31.747 Thread 0x0000021569d60c20 flushing  nmethod 0x000002156e24ba10
Event: 31.747 Thread 0x0000021569d60c20 flushing  nmethod 0x000002156e24c110
Event: 31.747 Thread 0x0000021569d60c20 flushing  nmethod 0x000002156e25b490
Event: 31.747 Thread 0x0000021569d60c20 flushing osr nmethod 0x000002156e286910

Events (20 events):
Event: 14.542 Thread 0x00000215496db350 Thread added: 0x000002154bd8c840
Event: 14.736 Thread 0x00000215496db350 Thread added: 0x000002154bd893c0
Event: 14.746 Thread 0x00000215496db350 Thread added: 0x000002154bd8a770
Event: 14.746 Thread 0x00000215496db350 Thread added: 0x000002154bd8ced0
Event: 14.746 Thread 0x00000215496db350 Thread added: 0x000002154bd89a50
Event: 14.746 Thread 0x00000215496db350 Thread added: 0x000002154bd8f630
Event: 14.747 Thread 0x00000215496db350 Thread added: 0x000002154bd8efa0
Event: 14.747 Thread 0x00000215496db350 Thread added: 0x000002154bd8fcc0
Event: 14.785 Thread 0x00000215496db350 Thread added: 0x000002154bd909e0
Event: 14.785 Thread 0x00000215496db350 Thread added: 0x000002154bd8e910
Event: 14.963 Thread 0x00000215496db350 Thread added: 0x000002154bd90350
Event: 18.185 Thread 0x000002154be06e80 Thread exited: 0x000002154be06e80
Event: 23.035 Thread 0x0000021569d78260 Thread added: 0x0000021555b88d10
Event: 24.106 Thread 0x0000021569d78260 Thread added: 0x00000215550b7010
Event: 34.225 Thread 0x00000215550b7010 Thread exited: 0x00000215550b7010
Event: 34.225 Thread 0x0000021555b88d10 Thread exited: 0x0000021555b88d10
Event: 38.450 Thread 0x0000021569d7bb80 Thread added: 0x000002154b149300
Event: 38.454 Thread 0x0000021569d7bb80 Thread added: 0x000002154bcedfe0
Event: 40.643 Thread 0x000002154bcedfe0 Thread exited: 0x000002154bcedfe0
Event: 40.652 Thread 0x0000021569d7bb80 Thread added: 0x000002154bcedfe0


Dynamic libraries:
0x00007ff7f0fa0000 - 0x00007ff7f0fae000 	c:\Users\lenov\.vscode\extensions\redhat.java-1.52.0-win32-x64\jre\21.0.9-win32-x86_64\bin\java.exe
0x00007ffbf70a0000 - 0x00007ffbf7307000 	C:\WINDOWS\SYSTEM32\ntdll.dll
0x00007ffbf52a0000 - 0x00007ffbf5369000 	C:\WINDOWS\System32\KERNEL32.DLL
0x00007ffbf4360000 - 0x00007ffbf474f000 	C:\WINDOWS\System32\KERNELBASE.dll
0x00007ffbf4760000 - 0x00007ffbf48ab000 	C:\WINDOWS\System32\ucrtbase.dll
0x00007ffbc4710000 - 0x00007ffbc4728000 	c:\Users\lenov\.vscode\extensions\redhat.java-1.52.0-win32-x64\jre\21.0.9-win32-x86_64\bin\jli.dll
0x00007ffbf50d0000 - 0x00007ffbf5295000 	C:\WINDOWS\System32\USER32.dll
0x00007ffbf4ad0000 - 0x00007ffbf4af7000 	C:\WINDOWS\System32\win32u.dll
0x00007ffbf5480000 - 0x00007ffbf54ab000 	C:\WINDOWS\System32\GDI32.dll
0x00007ffbf4b00000 - 0x00007ffbf4c2c000 	C:\WINDOWS\System32\gdi32full.dll
0x00007ffbf4a20000 - 0x00007ffbf4ac3000 	C:\WINDOWS\System32\msvcp_win.dll
0x00007ffbbf450000 - 0x00007ffbbf46e000 	c:\Users\lenov\.vscode\extensions\redhat.java-1.52.0-win32-x64\jre\21.0.9-win32-x86_64\bin\VCRUNTIME140.dll
0x00007ffbd9a40000 - 0x00007ffbd9cd3000 	C:\WINDOWS\WinSxS\amd64_microsoft.windows.common-controls_6595b64144ccf1df_6.0.26100.7309_none_3e05feeae336a044\COMCTL32.dll
0x00007ffbf6d20000 - 0x00007ffbf6dc9000 	C:\WINDOWS\System32\msvcrt.dll
0x00007ffbf6dd0000 - 0x00007ffbf6e01000 	C:\WINDOWS\System32\IMM32.DLL
0x00007ffbd9780000 - 0x00007ffbd978c000 	c:\Users\lenov\.vscode\extensions\redhat.java-1.52.0-win32-x64\jre\21.0.9-win32-x86_64\bin\vcruntime140_1.dll
0x00007ffba58b0000 - 0x00007ffba593d000 	c:\Users\lenov\.vscode\extensions\redhat.java-1.52.0-win32-x64\jre\21.0.9-win32-x86_64\bin\msvcp140.dll
0x00007ffb7fbf0000 - 0x00007ffb80990000 	c:\Users\lenov\.vscode\extensions\redhat.java-1.52.0-win32-x64\jre\21.0.9-win32-x86_64\bin\server\jvm.dll
0x00007ffbf6c40000 - 0x00007ffbf6cf4000 	C:\WINDOWS\System32\ADVAPI32.dll
0x00007ffbf6e10000 - 0x00007ffbf6eb6000 	C:\WINDOWS\System32\sechost.dll
0x00007ffbf6470000 - 0x00007ffbf6588000 	C:\WINDOWS\System32\RPCRT4.dll
0x00007ffbf5370000 - 0x00007ffbf53e4000 	C:\WINDOWS\System32\WS2_32.dll
0x00007ffbe91e0000 - 0x00007ffbe9215000 	C:\WINDOWS\SYSTEM32\WINMM.dll
0x00007ffbf4050000 - 0x00007ffbf40ae000 	C:\WINDOWS\SYSTEM32\POWRPROF.dll
0x00007ffbddc50000 - 0x00007ffbddc5b000 	C:\WINDOWS\SYSTEM32\VERSION.dll
0x00007ffbf4030000 - 0x00007ffbf4044000 	C:\WINDOWS\SYSTEM32\UMPDC.dll
0x00007ffbf2f60000 - 0x00007ffbf2f7b000 	C:\WINDOWS\SYSTEM32\kernel.appcore.dll
0x00007ffbd6b20000 - 0x00007ffbd6b2a000 	c:\Users\lenov\.vscode\extensions\redhat.java-1.52.0-win32-x64\jre\21.0.9-win32-x86_64\bin\jimage.dll
0x00007ffbf1760000 - 0x00007ffbf19a2000 	C:\WINDOWS\SYSTEM32\DBGHELP.DLL
0x00007ffbf5510000 - 0x00007ffbf5896000 	C:\WINDOWS\System32\combase.dll
0x00007ffbf5b50000 - 0x00007ffbf5c26000 	C:\WINDOWS\System32\OLEAUT32.dll
0x00007ffbd8210000 - 0x00007ffbd824c000 	C:\WINDOWS\SYSTEM32\dbgcore.DLL
0x00007ffbf48b0000 - 0x00007ffbf4955000 	C:\WINDOWS\System32\bcryptPrimitives.dll
0x00007ffbce810000 - 0x00007ffbce81f000 	c:\Users\lenov\.vscode\extensions\redhat.java-1.52.0-win32-x64\jre\21.0.9-win32-x86_64\bin\instrument.dll
0x00007ffbbe180000 - 0x00007ffbbe1a0000 	c:\Users\lenov\.vscode\extensions\redhat.java-1.52.0-win32-x64\jre\21.0.9-win32-x86_64\bin\java.dll
0x00007ffbf5cc0000 - 0x00007ffbf6413000 	C:\WINDOWS\System32\SHELL32.dll
0x00007ffbf41f0000 - 0x00007ffbf435a000 	C:\WINDOWS\System32\wintypes.dll
0x00007ffbf1db0000 - 0x00007ffbf260e000 	C:\WINDOWS\SYSTEM32\windows.storage.dll
0x00007ffbf6a40000 - 0x00007ffbf6b35000 	C:\WINDOWS\System32\SHCORE.dll
0x00007ffbf5a10000 - 0x00007ffbf5a76000 	C:\WINDOWS\System32\shlwapi.dll
0x00007ffbf4110000 - 0x00007ffbf4139000 	C:\WINDOWS\SYSTEM32\profapi.dll
0x00007ffbbe160000 - 0x00007ffbbe178000 	c:\Users\lenov\.vscode\extensions\redhat.java-1.52.0-win32-x64\jre\21.0.9-win32-x86_64\bin\zip.dll
0x00007ffbce7f0000 - 0x00007ffbce800000 	C:\Users\lenov\.vscode\extensions\redhat.java-1.52.0-win32-x64\jre\21.0.9-win32-x86_64\bin\net.dll
0x00007ffbe2fa0000 - 0x00007ffbe30c8000 	C:\WINDOWS\SYSTEM32\WINHTTP.dll
0x00007ffbf34b0000 - 0x00007ffbf351b000 	C:\WINDOWS\system32\mswsock.dll
0x00007ffbbe140000 - 0x00007ffbbe156000 	C:\Users\lenov\.vscode\extensions\redhat.java-1.52.0-win32-x64\jre\21.0.9-win32-x86_64\bin\nio.dll
0x00007ffbce5c0000 - 0x00007ffbce5d0000 	c:\Users\lenov\.vscode\extensions\redhat.java-1.52.0-win32-x64\jre\21.0.9-win32-x86_64\bin\verify.dll
0x00007ffbbc9d0000 - 0x00007ffbbca15000 	C:\Users\lenov\AppData\Roaming\Code\User\globalStorage\redhat.java\1.52.0\config_win\org.eclipse.equinox.launcher\org.eclipse.equinox.launcher.win32.win32.x86_64_1.2.1500.v20260121-1430\eclipse_11919.dll
0x00007ffbf6ec0000 - 0x00007ffbf7057000 	C:\WINDOWS\System32\ole32.dll
0x00007ffbf38a0000 - 0x00007ffbf38bb000 	C:\WINDOWS\SYSTEM32\CRYPTSP.dll
0x00007ffbf2ec0000 - 0x00007ffbf2efa000 	C:\WINDOWS\system32\rsaenh.dll
0x00007ffbf3560000 - 0x00007ffbf358b000 	C:\WINDOWS\SYSTEM32\USERENV.dll
0x00007ffbf40e0000 - 0x00007ffbf410a000 	C:\WINDOWS\SYSTEM32\bcrypt.dll
0x00007ffbf3700000 - 0x00007ffbf370c000 	C:\WINDOWS\SYSTEM32\CRYPTBASE.dll
0x00007ffbf2aa0000 - 0x00007ffbf2ad4000 	C:\WINDOWS\SYSTEM32\IPHLPAPI.DLL
0x00007ffbf6a20000 - 0x00007ffbf6a2a000 	C:\WINDOWS\System32\NSI.dll
0x00007ffbbaaf0000 - 0x00007ffbbab39000 	C:\Users\lenov\AppData\Local\Temp\jna-2647\jna1243011828810042043.dll
0x00007ffbf6a30000 - 0x00007ffbf6a38000 	C:\WINDOWS\System32\PSAPI.DLL
0x00007ffbead70000 - 0x00007ffbead8e000 	C:\WINDOWS\SYSTEM32\dhcpcsvc6.DLL
0x00007ffbeab00000 - 0x00007ffbeab23000 	C:\WINDOWS\SYSTEM32\dhcpcsvc.DLL

JVMTI agents:
c:\Users\lenov\.vscode\extensions\redhat.java-1.52.0-win32-x64\lombok\lombok-1.18.39-4050.jar path:c:\Users\lenov\.vscode\extensions\redhat.java-1.52.0-win32-x64\jre\21.0.9-win32-x86_64\bin\instrument.dll, loaded, initialized, instrumentlib options:none

dbghelp: loaded successfully - version: 4.0.5 - missing functions: none
symbol engine: initialized successfully - sym options: 0x614 - pdb path: .;c:\Users\lenov\.vscode\extensions\redhat.java-1.52.0-win32-x64\jre\21.0.9-win32-x86_64\bin;C:\WINDOWS\SYSTEM32;C:\WINDOWS\WinSxS\amd64_microsoft.windows.common-controls_6595b64144ccf1df_6.0.26100.7309_none_3e05feeae336a044;c:\Users\lenov\.vscode\extensions\redhat.java-1.52.0-win32-x64\jre\21.0.9-win32-x86_64\bin\server;C:\Users\lenov\AppData\Roaming\Code\User\globalStorage\redhat.java\1.52.0\config_win\org.eclipse.equinox.launcher\org.eclipse.equinox.launcher.win32.win32.x86_64_1.2.1500.v20260121-1430;C:\Users\lenov\AppData\Local\Temp\jna-2647

VM Arguments:
jvm_args: --add-modules=ALL-SYSTEM --add-opens=java.base/java.util=ALL-UNNAMED --add-opens=java.base/java.lang=ALL-UNNAMED --add-opens=java.base/sun.nio.fs=ALL-UNNAMED -Declipse.application=org.eclipse.jdt.ls.core.id1 -Dosgi.bundles.defaultStartLevel=4 -Declipse.product=org.eclipse.jdt.ls.core.product -Djava.import.generatesMetadataFilesAtProjectRoot=false -DDetectVMInstallationsJob.disabled=true -Dfile.encoding=utf8 -XX:+UseParallelGC -XX:GCTimeRatio=4 -XX:AdaptiveSizePolicyWeight=90 -Dsun.zip.disableMemoryMapping=true -Xmx2G -Xms100m -Xlog:disable -javaagent:c:\Users\lenov\.vscode\extensions\redhat.java-1.52.0-win32-x64\lombok\lombok-1.18.39-4050.jar -XX:+HeapDumpOnOutOfMemoryError -XX:HeapDumpPath=c:\Users\lenov\AppData\Roaming\Code\User\workspaceStorage\941b95b32ed1771891e4efbe734da3c9\redhat.java -Daether.dependencyCollector.impl=bf 
java_command: c:\Users\lenov\.vscode\extensions\redhat.java-1.52.0-win32-x64\server\plugins\org.eclipse.equinox.launcher_1.7.100.v20251111-0406.jar -configuration c:\Users\lenov\AppData\Roaming\Code\User\globalStorage\redhat.java\1.52.0\config_win -data c:\Users\lenov\AppData\Roaming\Code\User\workspaceStorage\941b95b32ed1771891e4efbe734da3c9\redhat.java\jdt_ws --pipe=\\.\pipe\lsp-09113713413b4c59e64dbe0b1fff8ce5-sock
java_class_path (initial): c:\Users\lenov\.vscode\extensions\redhat.java-1.52.0-win32-x64\server\plugins\org.eclipse.equinox.launcher_1.7.100.v20251111-0406.jar
Launcher Type: SUN_STANDARD

[Global flags]
    uintx AdaptiveSizePolicyWeight                 = 90                                        {product} {command line}
     intx CICompilerCount                          = 4                                         {product} {ergonomic}
    uintx GCTimeRatio                              = 4                                         {product} {command line}
     bool HeapDumpOnOutOfMemoryError               = true                                   {manageable} {command line}
    ccstr HeapDumpPath                             = c:\Users\lenov\AppData\Roaming\Code\User\workspaceStorage\941b95b32ed1771891e4efbe734da3c9\redhat.java         {manageable} {command line}
   size_t InitialHeapSize                          = 104857600                                 {product} {command line}
   size_t MaxHeapSize                              = 2147483648                                {product} {command line}
   size_t MaxNewSize                               = 715653120                                 {product} {ergonomic}
   size_t MinHeapDeltaBytes                        = 524288                                    {product} {ergonomic}
   size_t MinHeapSize                              = 104857600                                 {product} {command line}
   size_t NewSize                                  = 34603008                                  {product} {ergonomic}
    uintx NonNMethodCodeHeapSize                   = 5839372                                {pd product} {ergonomic}
    uintx NonProfiledCodeHeapSize                  = 122909434                              {pd product} {ergonomic}
   size_t OldSize                                  = 70254592                                  {product} {ergonomic}
    uintx ProfiledCodeHeapSize                     = 122909434                              {pd product} {ergonomic}
    uintx ReservedCodeCacheSize                    = 251658240                              {pd product} {ergonomic}
     bool SegmentedCodeCache                       = true                                      {product} {ergonomic}
   size_t SoftMaxHeapSize                          = 2147483648                             {manageable} {ergonomic}
     bool UseCompressedOops                        = true                           {product lp64_product} {ergonomic}
     bool UseLargePagesIndividualAllocation        = false                                  {pd product} {ergonomic}
     bool UseParallelGC                            = true                                      {product} {command line}

Logging:
Log output configuration:
 #0: stdout all=off uptime,level,tags foldmultilines=false
 #1: stderr all=off uptime,level,tags foldmultilines=false

Release file:
JAVA_VERSION="21.0.9" 
MODULES="java.base java.compiler java.datatransfer java.xml java.prefs java.desktop java.instrument java.logging java.management java.security.sasl java.naming java.rmi java.management.rmi java.net.http java.scripting java.security.jgss java.transaction.xa java.sql java.sql.rowset java.xml.crypto java.se java.smartcardio jdk.accessibility jdk.internal.jvmstat jdk.attach jdk.charsets jdk.internal.opt jdk.zipfs jdk.compiler jdk.crypto.ec jdk.crypto.cryptoki jdk.crypto.mscapi jdk.dynalink jdk.internal.ed jdk.editpad jdk.hotspot.agent jdk.httpserver jdk.internal.le jdk.internal.vm.ci jdk.internal.vm.compiler jdk.internal.vm.compiler.management jdk.jartool jdk.javadoc jdk.jcmd jdk.management jdk.management.agent jdk.jconsole jdk.jdeps jdk.jdwp.agent jdk.jdi jdk.jfr jdk.jshell jdk.jsobject jdk.jstatd jdk.localedata jdk.management.jfr jdk.naming.dns jdk.naming.rmi jdk.net jdk.nio.mapmode jdk.random jdk.sctp jdk.security.auth jdk.security.jgss jdk.unsupported jdk.unsupported.desktop jdk.xml.dom" 

Environment Variables:
JAVA_HOME=C:\Program Files\Eclipse Adoptium\jdk-21.0.9.10-hotspot
PATH=C:\Program Files\Eclipse Adoptium\jdk-21.0.9.10-hotspot\bin;C:\SJ\anaconda\envs\ai-agent-env;C:\SJ\anaconda\envs\ai-agent-env\Scripts;C:\Python312\Scripts\;C:\Python312\;C:\WINDOWS\system32;C:\WINDOWS;C:\WINDOWS\System32\Wbem;C:\WINDOWS\System32\WindowsPowerShell\v1.0\;C:\WINDOWS\System32\OpenSSH\;C:\Program Files\nodejs\;C:\ProgramData\chocolatey\bin;C:\Program Files\dotnet\;C:\Program Files\Git\cmd;C:\Program Files\PuTTY\;C:\Users\lenov\anaconda3;C:\Users\lenov\anaconda3\Library\mingw-w64\bin;C:\Users\lenov\anaconda3\Library\usr\bin;C:\Users\lenov\anaconda3\Library\bin;C:\Users\lenov\AppData\Local\Microsoft\WindowsApps;C:\Users\lenov\AppData\Local\Programs\Microsoft VS Code\bin;C:\Users\lenov\AppData\Roaming\npm;C:\Users\lenov\.dotnet\tools;C:\SJ\LATEX\Miktex\miktex\bin\x64\;C:\intelFPGA_lite\20.1\modelsim_ase\win32aloem;C:\Users\lenov\AppData\Local\GitHubDesktop\bin;C:\msys64\ucrt64\bin;C:\SJ\Projects\C++\HalideLSTM\libtorch;C:\libtorch\bin;C:\Program Files\CMake\bin;C:\ffmpeg-2025-09-10-git-c1dc2e2b7c-essentials_build\bin;C:\Program Files\Docker\Docker\resources\bin;C:\Program Files\Amazon\AWSCLIV2\;C:\Program Files\Eclipse Adoptium\jdk-21.0.9.10-hotspot\bin;C:\Program Files\MySQL\MySQL Server 8.0\bin;C:\Users\lenov\anaconda3;C:\Users\lenov\anaconda3\Library\mingw-w64\bin;C:\Users\lenov\anaconda3\Library\usr\bin;C:\Users\lenov\anaconda3\Library\bin;C:\Users\lenov\anaconda3\Scripts;C:\Users\lenov\AppData\Local\Microsoft\WindowsApps;C:\Users\lenov\AppData\Local\Programs\Microsoft VS Code\bin;C:\Users\lenov\AppData\Roaming\npm;C:\Users\lenov\.dotnet\tools;C:\SJ\LATEX\Miktex\miktex\bin\x64\;C:\intelFPGA_lite\20.1\modelsim_ase\win32aloem;C:\Users\lenov\AppData\Local\GitHubDesktop\bin;C:\msys64\ucrt64\bin;C:\SJ\Projects\C++\HalideLSTM\libtorch;C:\Users\lenov\AppData\Local\Microsoft\WinGet\Packages\Gyan.FFmpeg_Microsoft.Winget.Source_8wekyb3d8bbwe\ffmpeg-8.0-full_build\bin;C:\Users\lenov\AppData\Local\Programs\Antigravity\bin
USERNAME=SJ
OS=Windows_NT
PROCESSOR_IDENTIFIER=Intel64 Family 6 Model 186 Stepping 3, GenuineIntel
TMP=C:\Users\lenov\AppData\Local\Temp
TEMP=C:\Users\lenov\AppData\Local\Temp




Periodic native trim disabled

---------------  S Y S T E M  ---------------

OS:
 Windows 11 , 64 bit Build 26100 (10.0.26100.7623)
OS uptime: 10 days 22:09 hours
Hyper-V role detected

CPU: total 12 (initial active 12) (6 cores per cpu, 2 threads per core) family 6 model 186 stepping 3 microcode 0x4112, cx8, cmov, fxsr, ht, mmx, 3dnowpref, sse, sse2, sse3, ssse3, sse4.1, sse4.2, popcnt, lzcnt, tsc, tscinvbit, avx, avx2, aes, erms, clmul, bmi1, bmi2, adx, sha, fma, vzeroupper, clflush, clflushopt, clwb, hv, serialize, rdtscp, rdpid, fsrm, f16c, cet_ibt, cet_ss
Processor Information for processor 0
  Max Mhz: 1300, Current Mhz: 1300, Mhz Limit: 1300
Processor Information for processor 1
  Max Mhz: 1300, Current Mhz: 1300, Mhz Limit: 1300
Processor Information for processor 2
  Max Mhz: 1300, Current Mhz: 1300, Mhz Limit: 1300
Processor Information for processor 3
  Max Mhz: 1300, Current Mhz: 1300, Mhz Limit: 1300
Processor Information for processor 4
  Max Mhz: 1300, Current Mhz: 900, Mhz Limit: 897
Processor Information for processor 5
  Max Mhz: 1300, Current Mhz: 900, Mhz Limit: 897
Processor Information for processor 6
  Max Mhz: 1300, Current Mhz: 900, Mhz Limit: 897
Processor Information for processor 7
  Max Mhz: 1300, Current Mhz: 900, Mhz Limit: 897
Processor Information for processor 8
  Max Mhz: 1300, Current Mhz: 900, Mhz Limit: 897
Processor Information for processor 9
  Max Mhz: 1300, Current Mhz: 900, Mhz Limit: 897
Processor Information for processor 10
  Max Mhz: 1300, Current Mhz: 900, Mhz Limit: 897
Processor Information for processor 11
  Max Mhz: 1300, Current Mhz: 900, Mhz Limit: 897

Memory: 4k page, system-wide physical 7915M (1008M free)
TotalPageFile size 32491M (AvailPageFile size 107M)
current process WorkingSet (physical memory assigned to process): 417M, peak: 463M
current process commit charge ("private bytes"): 531M, peak: 1650M

vm_info: OpenJDK 64-Bit Server VM (21.0.9+10-LTS) for windows-amd64 JRE (21.0.9+10-LTS), built on 2025-10-21T00:00:00Z by "admin" with unknown MS VC++:1942

END.
