#
# There is insufficient memory for the Java Runtime Environment to continue.
# Native memory allocation (malloc) failed to allocate 1526288 bytes. Error detail: Chunk::new
# Possible reasons:
#   The system is out of physical RAM or swap space
#   This process is running with CompressedOops enabled, and the Java Heap may be blocking the growth of the native heap
# Possible solutions:
#   Reduce memory load on the system
#   Increase physical memory or swap space
#   Check if swap backing store is full
#   Decrease Java heap size (-Xmx/-Xms)
#   Decrease number of Java threads
#   Decrease Java thread stack sizes (-Xss)
#   Set larger code cache with -XX:ReservedCodeCacheSize=
#   JVM is running with Unscaled Compressed Oops mode in which the Java heap is
#     placed in the first 4GB address space. The Java Heap base address is the
#     maximum limit for the native heap growth. Please use -XX:HeapBaseMinAddress
#     to set the Java Heap base and to place the Java Heap above 4GB virtual address.
# This output file may be truncated or incomplete.
#
#  Out of Memory Error (arena.cpp:168), pid=34992, tid=26716
#
# JRE version: OpenJDK Runtime Environment Temurin-21.0.9+10 (21.0.9+10) (build 21.0.9+10-LTS)
# Java VM: OpenJDK 64-Bit Server VM Temurin-21.0.9+10 (21.0.9+10-LTS, mixed mode, sharing, tiered, compressed oops, compressed class ptrs, parallel gc, windows-amd64)
# No core dump will be written. Minidumps are not enabled by default on client versions of Windows
#

---------------  S U M M A R Y ------------

Command Line: --add-modules=ALL-SYSTEM --add-opens=java.base/java.util=ALL-UNNAMED --add-opens=java.base/java.lang=ALL-UNNAMED --add-opens=java.base/sun.nio.fs=ALL-UNNAMED -Declipse.application=org.eclipse.jdt.ls.core.id1 -Dosgi.bundles.defaultStartLevel=4 -Declipse.product=org.eclipse.jdt.ls.core.product -Djava.import.generatesMetadataFilesAtProjectRoot=false -DDetectVMInstallationsJob.disabled=true -Dfile.encoding=utf8 -XX:+UseParallelGC -XX:GCTimeRatio=4 -XX:AdaptiveSizePolicyWeight=90 -Dsun.zip.disableMemoryMapping=true -Xmx2G -Xms100m -Xlog:disable -javaagent:c:\Users\lenov\.vscode\extensions\redhat.java-1.52.0-win32-x64\lombok\lombok-1.18.39-4050.jar -XX:+HeapDumpOnOutOfMemoryError -XX:HeapDumpPath=c:\Users\lenov\AppData\Roaming\Code\User\workspaceStorage\941b95b32ed1771891e4efbe734da3c9\redhat.java -Daether.dependencyCollector.impl=bf c:\Users\lenov\.vscode\extensions\redhat.java-1.52.0-win32-x64\server\plugins\org.eclipse.equinox.launcher_1.7.100.v20251111-0406.jar -configuration c:\Users\lenov\AppData\Roaming\Code\User\globalStorage\redhat.java\1.52.0\config_win -data c:\Users\lenov\AppData\Roaming\Code\User\workspaceStorage\941b95b32ed1771891e4efbe734da3c9\redhat.java\jdt_ws --pipe=\\.\pipe\lsp-3e71de744851c4ba0bcc89d730a24859-sock

Host: 13th Gen Intel(R) Core(TM) i5-1335U, 12 cores, 7G,  Windows 11 , 64 bit Build 26100 (10.0.26100.7623)
Time: Sat Feb 14 15:27:49 2026 Sri Lanka Standard Time elapsed time: 20.795065 seconds (0d 0h 0m 20s)

---------------  T H R E A D  ---------------

Current thread (0x00000295f81093e0):  JavaThread "C2 CompilerThread2" daemon [_thread_in_native, id=26716, stack(0x000000f0bb700000,0x000000f0bb800000) (1024K)]


Current CompileTask:
C2:20795 7498   !   4       org.eclipse.jdt.internal.compiler.classfmt.ClassFileReader::<init> (1968 bytes)

Stack: [0x000000f0bb700000,0x000000f0bb800000]
Native frames: (J=compiled Java code, j=interpreted, Vv=VM code, C=native code)
V  [jvm.dll+0x6d6e29]
V  [jvm.dll+0x8b4b76]
V  [jvm.dll+0x8b712e]
V  [jvm.dll+0x8b7813]
V  [jvm.dll+0x283d86]
V  [jvm.dll+0xc66ed]
V  [jvm.dll+0xc6c31]
V  [jvm.dll+0x3be53b]
V  [jvm.dll+0x38ab92]
V  [jvm.dll+0x389fda]
V  [jvm.dll+0x24bfa0]
V  [jvm.dll+0x24b580]
V  [jvm.dll+0x1cb13e]
V  [jvm.dll+0x25b29d]
V  [jvm.dll+0x25982a]
V  [jvm.dll+0x3f7ea6]
V  [jvm.dll+0x85e9ad]
V  [jvm.dll+0x6d565d]
C  [ucrtbase.dll+0x37b0]
C  [KERNEL32.DLL+0x2e8d7]
C  [ntdll.dll+0x8c53c]


---------------  P R O C E S S  ---------------

Threads class SMR info:
_java_thread_list=0x00000295f69b6160, length=63, elements={
0x00000295d67759f0, 0x00000295d6810360, 0x00000295d6811270, 0x00000295d6817b90,
0x00000295d681acf0, 0x00000295d681b840, 0x00000295d681f9c0, 0x00000295d682cf10,
0x00000295d682d5b0, 0x00000295ee7a1dc0, 0x00000295ee91f1e0, 0x00000295f40da420,
0x00000295f411d030, 0x00000295f43ca020, 0x00000295ef542800, 0x00000295f4411770,
0x00000295ee91a0e0, 0x00000295f44f7e90, 0x00000295f44f98d0, 0x00000295f44f6ae0,
0x00000295f44f7170, 0x00000295f44f6450, 0x00000295f44f7800, 0x00000295f44f8520,
0x00000295f4b38c00, 0x00000295f4b39920, 0x00000295f4b364a0, 0x00000295f4b36b30,
0x00000295f4b37ee0, 0x00000295f4b371c0, 0x00000295f4b37850, 0x00000295f4b38570,
0x00000295f4b39290, 0x00000295f9115230, 0x00000295f9114ba0, 0x00000295f9111db0,
0x00000295f9113e80, 0x00000295f91137f0, 0x00000295f9114510, 0x00000295f91158c0,
0x00000295f9112440, 0x00000295f9115f50, 0x00000295f91165e0, 0x00000295f9113160,
0x00000295f9116c70, 0x00000295f9118d40, 0x00000295f91193d0, 0x00000295f9117300,
0x00000295f9117990, 0x00000295f9118020, 0x00000295f91186b0, 0x00000295f8cbd370,
0x00000295f8cbb930, 0x00000295f8cbf440, 0x00000295f8cbcce0, 0x00000295f8cbe090,
0x00000295f8cbbfc0, 0x00000295f8cbfad0, 0x00000295f8cbc650, 0x00000295f8cc0160,
0x00000295f8cc07f0, 0x00000295f8108d10, 0x00000295f81093e0
}

Java Threads: ( => current thread )
  0x00000295d67759f0 JavaThread "main"                              [_thread_blocked, id=23292, stack(0x000000f0b9400000,0x000000f0b9500000) (1024K)]
  0x00000295d6810360 JavaThread "Reference Handler"          daemon [_thread_blocked, id=20232, stack(0x000000f0b9800000,0x000000f0b9900000) (1024K)]
  0x00000295d6811270 JavaThread "Finalizer"                  daemon [_thread_blocked, id=38424, stack(0x000000f0b9900000,0x000000f0b9a00000) (1024K)]
  0x00000295d6817b90 JavaThread "Signal Dispatcher"          daemon [_thread_blocked, id=13108, stack(0x000000f0b9a00000,0x000000f0b9b00000) (1024K)]
  0x00000295d681acf0 JavaThread "Attach Listener"            daemon [_thread_blocked, id=23020, stack(0x000000f0b9b00000,0x000000f0b9c00000) (1024K)]
  0x00000295d681b840 JavaThread "Service Thread"             daemon [_thread_blocked, id=9132, stack(0x000000f0b9c00000,0x000000f0b9d00000) (1024K)]
  0x00000295d681f9c0 JavaThread "Monitor Deflation Thread"   daemon [_thread_blocked, id=42888, stack(0x000000f0b9d00000,0x000000f0b9e00000) (1024K)]
  0x00000295d682cf10 JavaThread "C2 CompilerThread0"         daemon [_thread_blocked, id=44796, stack(0x000000f0b9e00000,0x000000f0b9f00000) (1024K)]
  0x00000295d682d5b0 JavaThread "C1 CompilerThread0"         daemon [_thread_blocked, id=6876, stack(0x000000f0b9f00000,0x000000f0ba000000) (1024K)]
  0x00000295ee7a1dc0 JavaThread "Common-Cleaner"             daemon [_thread_blocked, id=2184, stack(0x000000f0ba100000,0x000000f0ba200000) (1024K)]
  0x00000295ee91f1e0 JavaThread "Notification Thread"        daemon [_thread_blocked, id=10656, stack(0x000000f0ba200000,0x000000f0ba300000) (1024K)]
  0x00000295f40da420 JavaThread "Active Thread: Equinox Container: 793c497b-70e2-4316-84ce-aee8b761cbd1"        [_thread_blocked, id=36972, stack(0x000000f0baa00000,0x000000f0bab00000) (1024K)]
  0x00000295f411d030 JavaThread "Refresh Thread: Equinox Container: 793c497b-70e2-4316-84ce-aee8b761cbd1" daemon [_thread_blocked, id=31708, stack(0x000000f0bac00000,0x000000f0bad00000) (1024K)]
  0x00000295f43ca020 JavaThread "Framework Event Dispatcher: Equinox Container: 793c497b-70e2-4316-84ce-aee8b761cbd1" daemon [_thread_blocked, id=36328, stack(0x000000f0bad00000,0x000000f0bae00000) (1024K)]
  0x00000295ef542800 JavaThread "Start Level: Equinox Container: 793c497b-70e2-4316-84ce-aee8b761cbd1" daemon [_thread_blocked, id=27060, stack(0x000000f0bae00000,0x000000f0baf00000) (1024K)]
  0x00000295f4411770 JavaThread "Bundle File Closer"         daemon [_thread_blocked, id=44560, stack(0x000000f0bb100000,0x000000f0bb200000) (1024K)]
  0x00000295ee91a0e0 JavaThread "SCR Component Actor"        daemon [_thread_blocked, id=29324, stack(0x000000f0bb200000,0x000000f0bb300000) (1024K)]
  0x00000295f44f7e90 JavaThread "Worker-JM"                         [_thread_blocked, id=10044, stack(0x000000f0bb300000,0x000000f0bb400000) (1024K)]
  0x00000295f44f98d0 JavaThread "JNA Cleaner"                daemon [_thread_blocked, id=24112, stack(0x000000f0ba300000,0x000000f0ba400000) (1024K)]
  0x00000295f44f6ae0 JavaThread "Worker-0"                          [_thread_blocked, id=21304, stack(0x000000f0bb400000,0x000000f0bb500000) (1024K)]
  0x00000295f44f7170 JavaThread "Worker-1"                          [_thread_blocked, id=35944, stack(0x000000f0bb500000,0x000000f0bb600000) (1024K)]
  0x00000295f44f6450 JavaThread "Worker-2"                          [_thread_blocked, id=11052, stack(0x000000f0bb600000,0x000000f0bb700000) (1024K)]
  0x00000295f44f7800 JavaThread "Java indexing"              daemon [_thread_blocked, id=21764, stack(0x000000f0bb800000,0x000000f0bb900000) (1024K)]
  0x00000295f44f8520 JavaThread "Worker-3: Building"                [_thread_blocked, id=11420, stack(0x000000f0bb900000,0x000000f0bba00000) (1024K)]
  0x00000295f4b38c00 JavaThread "Worker-4"                          [_thread_blocked, id=46472, stack(0x000000f0bba00000,0x000000f0bbb00000) (1024K)]
  0x00000295f4b39920 JavaThread "Thread-1"                   daemon [_thread_in_native, id=46944, stack(0x000000f0bbe00000,0x000000f0bbf00000) (1024K)]
  0x00000295f4b364a0 JavaThread "Thread-2"                   daemon [_thread_in_native, id=25848, stack(0x000000f0bbf00000,0x000000f0bc000000) (1024K)]
  0x00000295f4b36b30 JavaThread "Thread-3"                   daemon [_thread_in_native, id=21924, stack(0x000000f0bc000000,0x000000f0bc100000) (1024K)]
  0x00000295f4b37ee0 JavaThread "Thread-4"                   daemon [_thread_in_native, id=22140, stack(0x000000f0bc100000,0x000000f0bc200000) (1024K)]
  0x00000295f4b371c0 JavaThread "Thread-5"                   daemon [_thread_in_native, id=35012, stack(0x000000f0bc200000,0x000000f0bc300000) (1024K)]
  0x00000295f4b37850 JavaThread "Thread-6"                   daemon [_thread_in_native, id=29164, stack(0x000000f0bc300000,0x000000f0bc400000) (1024K)]
  0x00000295f4b38570 JavaThread "Thread-7"                   daemon [_thread_in_native, id=30256, stack(0x000000f0bc400000,0x000000f0bc500000) (1024K)]
  0x00000295f4b39290 JavaThread "Thread-8"                   daemon [_thread_in_native, id=43360, stack(0x000000f0bc500000,0x000000f0bc600000) (1024K)]
  0x00000295f9115230 JavaThread "Thread-9"                   daemon [_thread_in_native, id=26000, stack(0x000000f0bc600000,0x000000f0bc700000) (1024K)]
  0x00000295f9114ba0 JavaThread "Thread-10"                  daemon [_thread_in_native, id=16980, stack(0x000000f0bc700000,0x000000f0bc800000) (1024K)]
  0x00000295f9111db0 JavaThread "Thread-11"                  daemon [_thread_in_native, id=20268, stack(0x000000f0bc800000,0x000000f0bc900000) (1024K)]
  0x00000295f9113e80 JavaThread "Thread-12"                  daemon [_thread_in_native, id=18768, stack(0x000000f0bc900000,0x000000f0bca00000) (1024K)]
  0x00000295f91137f0 JavaThread "Thread-13"                  daemon [_thread_in_native, id=29012, stack(0x000000f0bca00000,0x000000f0bcb00000) (1024K)]
  0x00000295f9114510 JavaThread "Worker-5: Java indexing... "        [_thread_blocked, id=7288, stack(0x000000f0bcb00000,0x000000f0bcc00000) (1024K)]
  0x00000295f91158c0 JavaThread "pool-2-thread-1"                   [_thread_blocked, id=45300, stack(0x000000f0bcc00000,0x000000f0bcd00000) (1024K)]
  0x00000295f9112440 JavaThread "WorkspaceEventsHandler"            [_thread_blocked, id=45964, stack(0x000000f0bcd00000,0x000000f0bce00000) (1024K)]
  0x00000295f9115f50 JavaThread "pool-1-thread-1"                   [_thread_blocked, id=10212, stack(0x000000f0bce00000,0x000000f0bcf00000) (1024K)]
  0x00000295f91165e0 JavaThread "LocalFile Deleter"          daemon [_thread_blocked, id=4800, stack(0x000000f0bcf00000,0x000000f0bd000000) (1024K)]
  0x00000295f9113160 JavaThread "LocalFile Deleter"          daemon [_thread_blocked, id=43872, stack(0x000000f0bd000000,0x000000f0bd100000) (1024K)]
  0x00000295f9116c70 JavaThread "LocalFile Deleter"          daemon [_thread_blocked, id=19428, stack(0x000000f0bd100000,0x000000f0bd200000) (1024K)]
  0x00000295f9118d40 JavaThread "LocalFile Deleter"          daemon [_thread_blocked, id=8680, stack(0x000000f0bd200000,0x000000f0bd300000) (1024K)]
  0x00000295f91193d0 JavaThread "LocalFile Deleter"          daemon [_thread_blocked, id=23744, stack(0x000000f0bd300000,0x000000f0bd400000) (1024K)]
  0x00000295f9117300 JavaThread "LocalFile Deleter"          daemon [_thread_blocked, id=5600, stack(0x000000f0bd400000,0x000000f0bd500000) (1024K)]
  0x00000295f9117990 JavaThread "LocalFile Deleter"          daemon [_thread_blocked, id=29712, stack(0x000000f0bd500000,0x000000f0bd600000) (1024K)]
  0x00000295f9118020 JavaThread "LocalFile Deleter"          daemon [_thread_blocked, id=34092, stack(0x000000f0bd600000,0x000000f0bd700000) (1024K)]
  0x00000295f91186b0 JavaThread "LocalFile Deleter"          daemon [_thread_blocked, id=696, stack(0x000000f0bd700000,0x000000f0bd800000) (1024K)]
  0x00000295f8cbd370 JavaThread "Compiler Source File Reader" daemon [_thread_blocked, id=2688, stack(0x000000f0bd800000,0x000000f0bd900000) (1024K)]
  0x00000295f8cbb930 JavaThread "Compiler Source File Reader" daemon [_thread_blocked, id=4948, stack(0x000000f0bd900000,0x000000f0bda00000) (1024K)]
  0x00000295f8cbf440 JavaThread "Compiler Source File Reader" daemon [_thread_blocked, id=40284, stack(0x000000f0bda00000,0x000000f0bdb00000) (1024K)]
  0x00000295f8cbcce0 JavaThread "Compiler Source File Reader" daemon [_thread_blocked, id=42688, stack(0x000000f0bdb00000,0x000000f0bdc00000) (1024K)]
  0x00000295f8cbe090 JavaThread "Compiler Source File Reader" daemon [_thread_blocked, id=23548, stack(0x000000f0bdc00000,0x000000f0bdd00000) (1024K)]
  0x00000295f8cbbfc0 JavaThread "Compiler Source File Reader" daemon [_thread_blocked, id=22152, stack(0x000000f0bdd00000,0x000000f0bde00000) (1024K)]
  0x00000295f8cbfad0 JavaThread "Compiler Source File Reader" daemon [_thread_blocked, id=20552, stack(0x000000f0bde00000,0x000000f0bdf00000) (1024K)]
  0x00000295f8cbc650 JavaThread "Compiler Source File Reader" daemon [_thread_blocked, id=18072, stack(0x000000f0bdf00000,0x000000f0be000000) (1024K)]
  0x00000295f8cc0160 JavaThread "Compiler Source File Reader" daemon [_thread_blocked, id=12512, stack(0x000000f0be000000,0x000000f0be100000) (1024K)]
  0x00000295f8cc07f0 JavaThread "Compiler Source File Reader" daemon [_thread_blocked, id=19616, stack(0x000000f0be100000,0x000000f0be200000) (1024K)]
  0x00000295f8108d10 JavaThread "C2 CompilerThread1"         daemon [_thread_blocked, id=10768, stack(0x000000f0ba000000,0x000000f0ba100000) (1024K)]
=>0x00000295f81093e0 JavaThread "C2 CompilerThread2"         daemon [_thread_in_native, id=26716, stack(0x000000f0bb700000,0x000000f0bb800000) (1024K)]
Total: 63

Other Threads:
  0x00000295d44bec30 VMThread "VM Thread"                           [id=5280, stack(0x000000f0b9700000,0x000000f0b9800000) (1024K)]
  0x00000295ed0fca00 WatcherThread "VM Periodic Task Thread"        [id=21412, stack(0x000000f0b9600000,0x000000f0b9700000) (1024K)]
  0x00000295d6792db0 WorkerThread "GC Thread#0"                     [id=21572, stack(0x000000f0b9500000,0x000000f0b9600000) (1024K)]
  0x00000295f4022e70 WorkerThread "GC Thread#1"                     [id=45488, stack(0x000000f0ba400000,0x000000f0ba500000) (1024K)]
  0x00000295efcda3a0 WorkerThread "GC Thread#2"                     [id=30776, stack(0x000000f0ba500000,0x000000f0ba600000) (1024K)]
  0x00000295efcda740 WorkerThread "GC Thread#3"                     [id=28132, stack(0x000000f0ba600000,0x000000f0ba700000) (1024K)]
  0x00000295efc351a0 WorkerThread "GC Thread#4"                     [id=42800, stack(0x000000f0ba700000,0x000000f0ba800000) (1024K)]
  0x00000295efc35540 WorkerThread "GC Thread#5"                     [id=22376, stack(0x000000f0ba800000,0x000000f0ba900000) (1024K)]
  0x00000295ef9faff0 WorkerThread "GC Thread#6"                     [id=13972, stack(0x000000f0ba900000,0x000000f0baa00000) (1024K)]
  0x00000295f41f44b0 WorkerThread "GC Thread#7"                     [id=39760, stack(0x000000f0bab00000,0x000000f0bac00000) (1024K)]
  0x00000295f43cf6b0 WorkerThread "GC Thread#8"                     [id=2928, stack(0x000000f0baf00000,0x000000f0bb000000) (1024K)]
  0x00000295f43cfa50 WorkerThread "GC Thread#9"                     [id=38996, stack(0x000000f0bb000000,0x000000f0bb100000) (1024K)]
Total: 12

Threads with active compile tasks:
C2 CompilerThread0  20814 7476   !   4       org.eclipse.jdt.internal.core.search.indexing.AddJrtToIndex$JrtIndexer::visitFile (133 bytes)
C2 CompilerThread1  20814 7491       4       java.nio.file.Files::newByteChannel (36 bytes)
C2 CompilerThread2  20814 7498   !   4       org.eclipse.jdt.internal.compiler.classfmt.ClassFileReader::<init> (1968 bytes)
Total: 3

VM state: at safepoint (normal execution)

VM Mutex/Monitor currently owned by a thread:  ([mutex/lock_event])
[0x00007ffb808ad570] Threads_lock - owner thread: 0x00000295d44bec30
[0x00007ffb808ad670] Heap_lock - owner thread: 0x00000295f44f7800
[0x00007ffb808adaf0] PSOldGenExpand_lock - owner thread: 0x00000295efcda740

Heap address: 0x0000000080000000, size: 2048 MB, Compressed Oops mode: 32-bit

CDS archive(s) mapped at: [0x0000029580000000-0x0000029580ba0000-0x0000029580ba0000), size 12189696, SharedBaseAddress: 0x0000029580000000, ArchiveRelocationMode: 1.
Compressed class space mapped at: 0x0000029581000000-0x00000295c1000000, reserved size: 1073741824
Narrow klass base: 0x0000029580000000, Narrow klass shift: 0, Narrow klass range: 0x100000000

GC Precious Log:
 CardTable entry size: 512
 CPUs: 12 total, 12 available
 Memory: 7915M
 Large Page Support: Disabled
 NUMA Support: Disabled
 Compressed Oops: Enabled (32-bit)
 Alignments: Space 512K, Generation 512K, Heap 2M
 Heap Min Capacity: 100M
 Heap Initial Capacity: 100M
 Heap Max Capacity: 2G
 Pre-touch: Disabled
 Parallel Workers: 10

Heap:
 PSYoungGen      total 12288K, used 11589K [0x00000000d5580000, 0x00000000d6580000, 0x0000000100000000)
  eden space 9216K, 100% used [0x00000000d5580000,0x00000000d5e80000,0x00000000d5e80000)
  from space 3072K, 77% used [0x00000000d5e80000,0x00000000d60d1738,0x00000000d6180000)
  to   space 2560K, 86% used [0x00000000d6300000,0x00000000d65272d0,0x00000000d6580000)
 ParOldGen       total 157696K, used 157693K [0x0000000080000000, 0x0000000089a00000, 0x00000000d5580000)
  object space 157696K, 99% used [0x0000000080000000,0x00000000899ff5b8,0x0000000089a00000)
 Metaspace       used 52947K, committed 54400K, reserved 1114112K
  class space    used 5789K, committed 6464K, reserved 1048576K

Card table byte_map: [0x00000295d6110000,0x00000295d6520000] _byte_map_base: 0x00000295d5d10000

Marking Bits: (ParMarkBitMap*) 0x00007ffb808b2460
 Begin Bits: [0x00000295e8c20000, 0x00000295eac20000)
 End Bits:   [0x00000295eac20000, 0x00000295ecc20000)

Polling page: 0x00000295d49c0000

Metaspace:

Usage:
  Non-class:     46.05 MB used.
      Class:      5.65 MB used.
       Both:     51.71 MB used.

Virtual space:
  Non-class space:       64.00 MB reserved,      46.81 MB ( 73%) committed,  1 nodes.
      Class space:        1.00 GB reserved,       6.31 MB ( <1%) committed,  1 nodes.
             Both:        1.06 GB reserved,      53.12 MB (  5%) committed. 

Chunk freelists:
   Non-Class:  496.00 KB
       Class:  9.55 MB
        Both:  10.03 MB

MaxMetaspaceSize: unlimited
CompressedClassSpaceSize: 1.00 GB
Initial GC threshold: 21.00 MB
Current GC threshold: 58.38 MB
CDS: on
 - commit_granule_bytes: 65536.
 - commit_granule_words: 8192.
 - virtual_space_node_default_size: 8388608.
 - enlarge_chunks_in_place: 1.
 - use_allocation_guard: 0.


Internal statistics:

num_allocs_failed_limit: 6.
num_arena_births: 1044.
num_arena_deaths: 14.
num_vsnodes_births: 2.
num_vsnodes_deaths: 0.
num_space_committed: 850.
num_space_uncommitted: 0.
num_chunks_returned_to_freelist: 20.
num_chunks_taken_from_freelist: 3647.
num_chunk_merges: 12.
num_chunk_splits: 2162.
num_chunks_enlarged: 1059.
num_inconsistent_stats: 0.

CodeHeap 'non-profiled nmethods': size=120000Kb used=4978Kb max_used=4978Kb free=115021Kb
 bounds [0x00000295e1440000, 0x00000295e1920000, 0x00000295e8970000]
CodeHeap 'profiled nmethods': size=120000Kb used=13934Kb max_used=13934Kb free=106065Kb
 bounds [0x00000295d9970000, 0x00000295da710000, 0x00000295e0ea0000]
CodeHeap 'non-nmethods': size=5760Kb used=1405Kb max_used=1473Kb free=4354Kb
 bounds [0x00000295e0ea0000, 0x00000295e1110000, 0x00000295e1440000]
CodeCache: size=245760Kb, used=20317Kb, max_used=20385Kb, free=225440Kb
 total_blobs=7600, nmethods=6889, adapters=617, full_count=0
Compilation: enabled, stopped_count=0, restarted_count=0

Compilation events (20 events):
Event: 19.729 Thread 0x00000295f8108d10 nmethod 7503 0x00000295e1919e10 code [0x00000295e1919fa0, 0x00000295e191a0c0]
Event: 19.729 Thread 0x00000295f8108d10 7502       4       org.eclipse.jdt.internal.compiler.classfmt.InnerClassInfo::<init> (40 bytes)
Event: 19.731 Thread 0x00000295f8108d10 nmethod 7502 0x00000295e191a210 code [0x00000295e191a3a0, 0x00000295e191a518]
Event: 19.731 Thread 0x00000295f8108d10 7504       4       org.eclipse.jdt.internal.compiler.classfmt.InnerClassInfo::getEnclosingTypeName (76 bytes)
Event: 19.739 Thread 0x00000295f8108d10 nmethod 7504 0x00000295e191a690 code [0x00000295e191a8a0, 0x00000295e191ad70]
Event: 19.739 Thread 0x00000295f8108d10 7487       4       org.eclipse.jdt.internal.compiler.util.JrtFileSystem::getClassfileContent (71 bytes)
Event: 19.745 Thread 0x00000295f8108d10 nmethod 7487 0x00000295e191b290 code [0x00000295e191b4a0, 0x00000295e191b830]
Event: 19.745 Thread 0x00000295f8108d10 7488       4       org.eclipse.jdt.internal.compiler.util.JrtFileSystem::getFileBytes (45 bytes)
Event: 19.748 Thread 0x00000295d682d5b0 7506       3       java.util.zip.ZipFile$ZipEntryIterator::<init> (20 bytes)
Event: 19.749 Thread 0x00000295d682d5b0 nmethod 7506 0x00000295da70a490 code [0x00000295da70a640, 0x00000295da70a7d0]
Event: 19.750 Thread 0x00000295f8108d10 nmethod 7488 0x00000295e191bc90 code [0x00000295e191bea0, 0x00000295e191c200]
Event: 19.750 Thread 0x00000295f8108d10 7505 %     4       java.util.Arrays::fill @ 5 (21 bytes)
Event: 19.755 Thread 0x00000295d682d5b0 7507   !   3       java.util.zip.ZipFile::entries (34 bytes)
Event: 19.756 Thread 0x00000295d682d5b0 nmethod 7507 0x00000295da70a890 code [0x00000295da70aa60, 0x00000295da70ade0]
Event: 19.757 Thread 0x00000295f8108d10 nmethod 7505% 0x00000295e191c610 code [0x00000295e191c7a0, 0x00000295e191c9b8]
Event: 19.758 Thread 0x00000295f8108d10 7491       4       java.nio.file.Files::newByteChannel (36 bytes)
Event: 19.765 Thread 0x00000295d682d5b0 7508       3       java.lang.Integer::compareTo (12 bytes)
Event: 19.765 Thread 0x00000295d682d5b0 nmethod 7508 0x00000295da70b010 code [0x00000295da70b1c0, 0x00000295da70b410]
Event: 19.765 Thread 0x00000295d682d5b0 7509       3       java.lang.Integer::compareTo (9 bytes)
Event: 19.765 Thread 0x00000295d682d5b0 nmethod 7509 0x00000295da70b510 code [0x00000295da70b6e0, 0x00000295da70ba80]

GC Heap History (20 events):
Event: 14.511 GC heap after
{Heap after GC invocations=62 (full 2):
 PSYoungGen      total 13312K, used 2514K [0x00000000d5580000, 0x00000000d6600000, 0x0000000100000000)
  eden space 10752K, 0% used [0x00000000d5580000,0x00000000d5580000,0x00000000d6000000)
  from space 2560K, 98% used [0x00000000d6380000,0x00000000d65f4ba8,0x00000000d6600000)
  to   space 3072K, 0% used [0x00000000d6000000,0x00000000d6000000,0x00000000d6300000)
 ParOldGen       total 137216K, used 136796K [0x0000000080000000, 0x0000000088600000, 0x00000000d5580000)
  object space 137216K, 99% used [0x0000000080000000,0x0000000088597228,0x0000000088600000)
 Metaspace       used 52530K, committed 53952K, reserved 1114112K
  class space    used 5757K, committed 6400K, reserved 1048576K
}
Event: 15.557 GC heap before
{Heap before GC invocations=63 (full 2):
 PSYoungGen      total 13312K, used 13266K [0x00000000d5580000, 0x00000000d6600000, 0x0000000100000000)
  eden space 10752K, 100% used [0x00000000d5580000,0x00000000d6000000,0x00000000d6000000)
  from space 2560K, 98% used [0x00000000d6380000,0x00000000d65f4ba8,0x00000000d6600000)
  to   space 3072K, 0% used [0x00000000d6000000,0x00000000d6000000,0x00000000d6300000)
 ParOldGen       total 137216K, used 136796K [0x0000000080000000, 0x0000000088600000, 0x00000000d5580000)
  object space 137216K, 99% used [0x0000000080000000,0x0000000088597228,0x0000000088600000)
 Metaspace       used 52928K, committed 54400K, reserved 1114112K
  class space    used 5789K, committed 6464K, reserved 1048576K
}
Event: 15.559 GC heap after
{Heap after GC invocations=63 (full 2):
 PSYoungGen      total 12800K, used 2016K [0x00000000d5580000, 0x00000000d6500000, 0x0000000100000000)
  eden space 10752K, 0% used [0x00000000d5580000,0x00000000d5580000,0x00000000d6000000)
  from space 2048K, 98% used [0x00000000d6000000,0x00000000d61f8258,0x00000000d6200000)
  to   space 2560K, 0% used [0x00000000d6280000,0x00000000d6280000,0x00000000d6500000)
 ParOldGen       total 139264K, used 139093K [0x0000000080000000, 0x0000000088800000, 0x00000000d5580000)
  object space 139264K, 99% used [0x0000000080000000,0x00000000887d5448,0x0000000088800000)
 Metaspace       used 52928K, committed 54400K, reserved 1114112K
  class space    used 5789K, committed 6464K, reserved 1048576K
}
Event: 16.339 GC heap before
{Heap before GC invocations=64 (full 2):
 PSYoungGen      total 12800K, used 12768K [0x00000000d5580000, 0x00000000d6500000, 0x0000000100000000)
  eden space 10752K, 100% used [0x00000000d5580000,0x00000000d6000000,0x00000000d6000000)
  from space 2048K, 98% used [0x00000000d6000000,0x00000000d61f8258,0x00000000d6200000)
  to   space 2560K, 0% used [0x00000000d6280000,0x00000000d6280000,0x00000000d6500000)
 ParOldGen       total 139264K, used 139093K [0x0000000080000000, 0x0000000088800000, 0x00000000d5580000)
  object space 139264K, 99% used [0x0000000080000000,0x00000000887d5448,0x0000000088800000)
 Metaspace       used 52932K, committed 54400K, reserved 1114112K
  class space    used 5789K, committed 6464K, reserved 1048576K
}
Event: 16.342 GC heap after
{Heap after GC invocations=64 (full 2):
 PSYoungGen      total 12800K, used 2548K [0x00000000d5580000, 0x00000000d6600000, 0x0000000100000000)
  eden space 10240K, 0% used [0x00000000d5580000,0x00000000d5580000,0x00000000d5f80000)
  from space 2560K, 99% used [0x00000000d6280000,0x00000000d64fd260,0x00000000d6500000)
  to   space 3072K, 0% used [0x00000000d5f80000,0x00000000d5f80000,0x00000000d6280000)
 ParOldGen       total 141312K, used 140994K [0x0000000080000000, 0x0000000088a00000, 0x00000000d5580000)
  object space 141312K, 99% used [0x0000000080000000,0x00000000889b08d0,0x0000000088a00000)
 Metaspace       used 52932K, committed 54400K, reserved 1114112K
  class space    used 5789K, committed 6464K, reserved 1048576K
}
Event: 17.317 GC heap before
{Heap before GC invocations=65 (full 2):
 PSYoungGen      total 12800K, used 12788K [0x00000000d5580000, 0x00000000d6600000, 0x0000000100000000)
  eden space 10240K, 100% used [0x00000000d5580000,0x00000000d5f80000,0x00000000d5f80000)
  from space 2560K, 99% used [0x00000000d6280000,0x00000000d64fd260,0x00000000d6500000)
  to   space 3072K, 0% used [0x00000000d5f80000,0x00000000d5f80000,0x00000000d6280000)
 ParOldGen       total 141312K, used 140994K [0x0000000080000000, 0x0000000088a00000, 0x00000000d5580000)
  object space 141312K, 99% used [0x0000000080000000,0x00000000889b08d0,0x0000000088a00000)
 Metaspace       used 52942K, committed 54400K, reserved 1114112K
  class space    used 5789K, committed 6464K, reserved 1048576K
}
Event: 17.322 GC heap after
{Heap after GC invocations=65 (full 2):
 PSYoungGen      total 12800K, used 2385K [0x00000000d5580000, 0x00000000d6480000, 0x0000000100000000)
  eden space 10240K, 0% used [0x00000000d5580000,0x00000000d5580000,0x00000000d5f80000)
  from space 2560K, 93% used [0x00000000d5f80000,0x00000000d61d4498,0x00000000d6200000)
  to   space 2560K, 0% used [0x00000000d6200000,0x00000000d6200000,0x00000000d6480000)
 ParOldGen       total 143872K, used 143400K [0x0000000080000000, 0x0000000088c80000, 0x00000000d5580000)
  object space 143872K, 99% used [0x0000000080000000,0x0000000088c0a128,0x0000000088c80000)
 Metaspace       used 52942K, committed 54400K, reserved 1114112K
  class space    used 5789K, committed 6464K, reserved 1048576K
}
Event: 18.250 GC heap before
{Heap before GC invocations=66 (full 2):
 PSYoungGen      total 12800K, used 12625K [0x00000000d5580000, 0x00000000d6480000, 0x0000000100000000)
  eden space 10240K, 100% used [0x00000000d5580000,0x00000000d5f80000,0x00000000d5f80000)
  from space 2560K, 93% used [0x00000000d5f80000,0x00000000d61d4498,0x00000000d6200000)
  to   space 2560K, 0% used [0x00000000d6200000,0x00000000d6200000,0x00000000d6480000)
 ParOldGen       total 143872K, used 143400K [0x0000000080000000, 0x0000000088c80000, 0x00000000d5580000)
  object space 143872K, 99% used [0x0000000080000000,0x0000000088c0a128,0x0000000088c80000)
 Metaspace       used 52942K, committed 54400K, reserved 1114112K
  class space    used 5789K, committed 6464K, reserved 1048576K
}
Event: 18.255 GC heap after
{Heap after GC invocations=66 (full 2):
 PSYoungGen      total 12800K, used 2333K [0x00000000d5580000, 0x00000000d6480000, 0x0000000100000000)
  eden space 10240K, 0% used [0x00000000d5580000,0x00000000d5580000,0x00000000d5f80000)
  from space 2560K, 91% used [0x00000000d6200000,0x00000000d64474e0,0x00000000d6480000)
  to   space 2560K, 0% used [0x00000000d5f80000,0x00000000d5f80000,0x00000000d6200000)
 ParOldGen       total 145920K, used 145564K [0x0000000080000000, 0x0000000088e80000, 0x00000000d5580000)
  object space 145920K, 99% used [0x0000000080000000,0x0000000088e271e8,0x0000000088e80000)
 Metaspace       used 52942K, committed 54400K, reserved 1114112K
  class space    used 5789K, committed 6464K, reserved 1048576K
}
Event: 18.359 GC heap before
{Heap before GC invocations=67 (full 2):
 PSYoungGen      total 12800K, used 12573K [0x00000000d5580000, 0x00000000d6480000, 0x0000000100000000)
  eden space 10240K, 100% used [0x00000000d5580000,0x00000000d5f80000,0x00000000d5f80000)
  from space 2560K, 91% used [0x00000000d6200000,0x00000000d64474e0,0x00000000d6480000)
  to   space 2560K, 0% used [0x00000000d5f80000,0x00000000d5f80000,0x00000000d6200000)
 ParOldGen       total 145920K, used 145564K [0x0000000080000000, 0x0000000088e80000, 0x00000000d5580000)
  object space 145920K, 99% used [0x0000000080000000,0x0000000088e271e8,0x0000000088e80000)
 Metaspace       used 52942K, committed 54400K, reserved 1114112K
  class space    used 5789K, committed 6464K, reserved 1048576K
}
Event: 18.362 GC heap after
{Heap after GC invocations=67 (full 2):
 PSYoungGen      total 12800K, used 2427K [0x00000000d5580000, 0x00000000d6480000, 0x0000000100000000)
  eden space 10240K, 0% used [0x00000000d5580000,0x00000000d5580000,0x00000000d5f80000)
  from space 2560K, 94% used [0x00000000d5f80000,0x00000000d61deca8,0x00000000d6200000)
  to   space 2560K, 0% used [0x00000000d6200000,0x00000000d6200000,0x00000000d6480000)
 ParOldGen       total 147968K, used 147767K [0x0000000080000000, 0x0000000089080000, 0x00000000d5580000)
  object space 147968K, 99% used [0x0000000080000000,0x000000008904dc00,0x0000000089080000)
 Metaspace       used 52942K, committed 54400K, reserved 1114112K
  class space    used 5789K, committed 6464K, reserved 1048576K
}
Event: 18.447 GC heap before
{Heap before GC invocations=68 (full 2):
 PSYoungGen      total 12800K, used 12667K [0x00000000d5580000, 0x00000000d6480000, 0x0000000100000000)
  eden space 10240K, 100% used [0x00000000d5580000,0x00000000d5f80000,0x00000000d5f80000)
  from space 2560K, 94% used [0x00000000d5f80000,0x00000000d61deca8,0x00000000d6200000)
  to   space 2560K, 0% used [0x00000000d6200000,0x00000000d6200000,0x00000000d6480000)
 ParOldGen       total 147968K, used 147767K [0x0000000080000000, 0x0000000089080000, 0x00000000d5580000)
  object space 147968K, 99% used [0x0000000080000000,0x000000008904dc00,0x0000000089080000)
 Metaspace       used 52945K, committed 54400K, reserved 1114112K
  class space    used 5789K, committed 6464K, reserved 1048576K
}
Event: 18.451 GC heap after
{Heap after GC invocations=68 (full 2):
 PSYoungGen      total 12288K, used 2537K [0x00000000d5580000, 0x00000000d6580000, 0x0000000100000000)
  eden space 9728K, 0% used [0x00000000d5580000,0x00000000d5580000,0x00000000d5f00000)
  from space 2560K, 99% used [0x00000000d6200000,0x00000000d647a7c0,0x00000000d6480000)
  to   space 3072K, 0% used [0x00000000d5f00000,0x00000000d5f00000,0x00000000d6200000)
 ParOldGen       total 150016K, used 149982K [0x0000000080000000, 0x0000000089280000, 0x00000000d5580000)
  object space 150016K, 99% used [0x0000000080000000,0x0000000089277870,0x0000000089280000)
 Metaspace       used 52945K, committed 54400K, reserved 1114112K
  class space    used 5789K, committed 6464K, reserved 1048576K
}
Event: 18.510 GC heap before
{Heap before GC invocations=69 (full 2):
 PSYoungGen      total 12288K, used 12265K [0x00000000d5580000, 0x00000000d6580000, 0x0000000100000000)
  eden space 9728K, 100% used [0x00000000d5580000,0x00000000d5f00000,0x00000000d5f00000)
  from space 2560K, 99% used [0x00000000d6200000,0x00000000d647a7c0,0x00000000d6480000)
  to   space 3072K, 0% used [0x00000000d5f00000,0x00000000d5f00000,0x00000000d6200000)
 ParOldGen       total 150016K, used 149982K [0x0000000080000000, 0x0000000089280000, 0x00000000d5580000)
  object space 150016K, 99% used [0x0000000080000000,0x0000000089277870,0x0000000089280000)
 Metaspace       used 52945K, committed 54400K, reserved 1114112K
  class space    used 5789K, committed 6464K, reserved 1048576K
}
Event: 18.514 GC heap after
{Heap after GC invocations=69 (full 2):
 PSYoungGen      total 12288K, used 2338K [0x00000000d5580000, 0x00000000d6400000, 0x0000000100000000)
  eden space 9728K, 0% used [0x00000000d5580000,0x00000000d5580000,0x00000000d5f00000)
  from space 2560K, 91% used [0x00000000d5f00000,0x00000000d61489b8,0x00000000d6180000)
  to   space 2560K, 0% used [0x00000000d6180000,0x00000000d6180000,0x00000000d6400000)
 ParOldGen       total 152576K, used 152352K [0x0000000080000000, 0x0000000089500000, 0x00000000d5580000)
  object space 152576K, 99% used [0x0000000080000000,0x00000000894c83f0,0x0000000089500000)
 Metaspace       used 52945K, committed 54400K, reserved 1114112K
  class space    used 5789K, committed 6464K, reserved 1048576K
}
Event: 18.626 GC heap before
{Heap before GC invocations=70 (full 2):
 PSYoungGen      total 12288K, used 12066K [0x00000000d5580000, 0x00000000d6400000, 0x0000000100000000)
  eden space 9728K, 100% used [0x00000000d5580000,0x00000000d5f00000,0x00000000d5f00000)
  from space 2560K, 91% used [0x00000000d5f00000,0x00000000d61489b8,0x00000000d6180000)
  to   space 2560K, 0% used [0x00000000d6180000,0x00000000d6180000,0x00000000d6400000)
 ParOldGen       total 152576K, used 152352K [0x0000000080000000, 0x0000000089500000, 0x00000000d5580000)
  object space 152576K, 99% used [0x0000000080000000,0x00000000894c83f0,0x0000000089500000)
 Metaspace       used 52945K, committed 54400K, reserved 1114112K
  class space    used 5789K, committed 6464K, reserved 1048576K
}
Event: 18.629 GC heap after
{Heap after GC invocations=70 (full 2):
 PSYoungGen      total 11776K, used 2534K [0x00000000d5580000, 0x00000000d6500000, 0x0000000100000000)
  eden space 9216K, 0% used [0x00000000d5580000,0x00000000d5580000,0x00000000d5e80000)
  from space 2560K, 98% used [0x00000000d6180000,0x00000000d63f9908,0x00000000d6400000)
  to   space 3072K, 0% used [0x00000000d5e80000,0x00000000d5e80000,0x00000000d6180000)
 ParOldGen       total 154624K, used 154541K [0x0000000080000000, 0x0000000089700000, 0x00000000d5580000)
  object space 154624K, 99% used [0x0000000080000000,0x00000000896eb458,0x0000000089700000)
 Metaspace       used 52945K, committed 54400K, reserved 1114112K
  class space    used 5789K, committed 6464K, reserved 1048576K
}
Event: 18.677 GC heap before
{Heap before GC invocations=71 (full 2):
 PSYoungGen      total 11776K, used 11750K [0x00000000d5580000, 0x00000000d6500000, 0x0000000100000000)
  eden space 9216K, 100% used [0x00000000d5580000,0x00000000d5e80000,0x00000000d5e80000)
  from space 2560K, 98% used [0x00000000d6180000,0x00000000d63f9908,0x00000000d6400000)
  to   space 3072K, 0% used [0x00000000d5e80000,0x00000000d5e80000,0x00000000d6180000)
 ParOldGen       total 154624K, used 154541K [0x0000000080000000, 0x0000000089700000, 0x00000000d5580000)
  object space 154624K, 99% used [0x0000000080000000,0x00000000896eb458,0x0000000089700000)
 Metaspace       used 52945K, committed 54400K, reserved 1114112K
  class space    used 5789K, committed 6464K, reserved 1048576K
}
Event: 19.684 GC heap after
{Heap after GC invocations=71 (full 2):
 PSYoungGen      total 12288K, used 2373K [0x00000000d5580000, 0x00000000d6580000, 0x0000000100000000)
  eden space 9216K, 0% used [0x00000000d5580000,0x00000000d5580000,0x00000000d5e80000)
  from space 3072K, 77% used [0x00000000d5e80000,0x00000000d60d1738,0x00000000d6180000)
  to   space 2560K, 0% used [0x00000000d6300000,0x00000000d6300000,0x00000000d6580000)
 ParOldGen       total 157184K, used 156912K [0x0000000080000000, 0x0000000089980000, 0x00000000d5580000)
  object space 157184K, 99% used [0x0000000080000000,0x000000008993c0c0,0x0000000089980000)
 Metaspace       used 52945K, committed 54400K, reserved 1114112K
  class space    used 5789K, committed 6464K, reserved 1048576K
}
Event: 19.787 GC heap before
{Heap before GC invocations=72 (full 2):
 PSYoungGen      total 12288K, used 11589K [0x00000000d5580000, 0x00000000d6580000, 0x0000000100000000)
  eden space 9216K, 100% used [0x00000000d5580000,0x00000000d5e80000,0x00000000d5e80000)
  from space 3072K, 77% used [0x00000000d5e80000,0x00000000d60d1738,0x00000000d6180000)
  to   space 2560K, 0% used [0x00000000d6300000,0x00000000d6300000,0x00000000d6580000)
 ParOldGen       total 157184K, used 156912K [0x0000000080000000, 0x0000000089980000, 0x00000000d5580000)
  object space 157184K, 99% used [0x0000000080000000,0x000000008993c0c0,0x0000000089980000)
 Metaspace       used 52947K, committed 54400K, reserved 1114112K
  class space    used 5789K, committed 6464K, reserved 1048576K
}

Dll operation events (10 events):
Event: 0.021 Loaded shared library c:\Users\lenov\.vscode\extensions\redhat.java-1.52.0-win32-x64\jre\21.0.9-win32-x86_64\bin\java.dll
Event: 0.089 Loaded shared library c:\Users\lenov\.vscode\extensions\redhat.java-1.52.0-win32-x64\jre\21.0.9-win32-x86_64\bin\zip.dll
Event: 0.105 Loaded shared library C:\Users\lenov\.vscode\extensions\redhat.java-1.52.0-win32-x64\jre\21.0.9-win32-x86_64\bin\instrument.dll
Event: 0.109 Loaded shared library C:\Users\lenov\.vscode\extensions\redhat.java-1.52.0-win32-x64\jre\21.0.9-win32-x86_64\bin\net.dll
Event: 0.110 Loaded shared library C:\Users\lenov\.vscode\extensions\redhat.java-1.52.0-win32-x64\jre\21.0.9-win32-x86_64\bin\nio.dll
Event: 0.113 Loaded shared library C:\Users\lenov\.vscode\extensions\redhat.java-1.52.0-win32-x64\jre\21.0.9-win32-x86_64\bin\zip.dll
Event: 0.142 Loaded shared library C:\Users\lenov\.vscode\extensions\redhat.java-1.52.0-win32-x64\jre\21.0.9-win32-x86_64\bin\jimage.dll
Event: 0.225 Loaded shared library c:\Users\lenov\.vscode\extensions\redhat.java-1.52.0-win32-x64\jre\21.0.9-win32-x86_64\bin\verify.dll
Event: 1.256 Loaded shared library C:\Users\lenov\AppData\Roaming\Code\User\globalStorage\redhat.java\1.52.0\config_win\org.eclipse.equinox.launcher\org.eclipse.equinox.launcher.win32.win32.x86_64_1.2.1500.v20260121-1430\eclipse_11919.dll
Event: 2.627 Loaded shared library C:\Users\lenov\AppData\Local\Temp\jna-2647\jna9617796977815589838.dll

Deoptimization events (20 events):
Event: 18.507 Thread 0x00000295f44f7800 DEOPT PACKING pc=0x00000295da6fce22 sp=0x000000f0bb8fed00
Event: 18.507 Thread 0x00000295f44f7800 DEOPT UNPACKING pc=0x00000295e0ef4242 sp=0x000000f0bb8fe278 mode 0
Event: 18.544 Thread 0x00000295f44f7800 DEOPT PACKING pc=0x00000295da6fce22 sp=0x000000f0bb8fed00
Event: 18.544 Thread 0x00000295f44f7800 DEOPT UNPACKING pc=0x00000295e0ef4242 sp=0x000000f0bb8fe278 mode 0
Event: 18.562 Thread 0x00000295f44f7800 DEOPT PACKING pc=0x00000295da6fce22 sp=0x000000f0bb8fed00
Event: 18.562 Thread 0x00000295f44f7800 DEOPT UNPACKING pc=0x00000295e0ef4242 sp=0x000000f0bb8fe278 mode 0
Event: 18.589 Thread 0x00000295f44f7800 DEOPT PACKING pc=0x00000295da6fce22 sp=0x000000f0bb8fed00
Event: 18.589 Thread 0x00000295f44f7800 DEOPT UNPACKING pc=0x00000295e0ef4242 sp=0x000000f0bb8fe278 mode 0
Event: 18.638 Thread 0x00000295f44f7800 DEOPT PACKING pc=0x00000295da6fce22 sp=0x000000f0bb8fed00
Event: 18.638 Thread 0x00000295f44f7800 DEOPT UNPACKING pc=0x00000295e0ef4242 sp=0x000000f0bb8fe278 mode 0
Event: 18.656 Thread 0x00000295f44f7800 DEOPT PACKING pc=0x00000295da6fce22 sp=0x000000f0bb8fed00
Event: 18.656 Thread 0x00000295f44f7800 DEOPT UNPACKING pc=0x00000295e0ef4242 sp=0x000000f0bb8fe278 mode 0
Event: 18.667 Thread 0x00000295f44f8520 DEOPT PACKING pc=0x00000295da315867 sp=0x000000f0bb9fda60
Event: 18.667 Thread 0x00000295f44f8520 DEOPT UNPACKING pc=0x00000295e0ef4242 sp=0x000000f0bb9fcfd0 mode 0
Event: 19.704 Thread 0x00000295f44f7800 DEOPT PACKING pc=0x00000295da6fce22 sp=0x000000f0bb8fed00
Event: 19.704 Thread 0x00000295f44f7800 DEOPT UNPACKING pc=0x00000295e0ef4242 sp=0x000000f0bb8fe278 mode 0
Event: 19.764 Thread 0x00000295f44f7800 DEOPT PACKING pc=0x00000295da6fce22 sp=0x000000f0bb8fed00
Event: 19.764 Thread 0x00000295f44f7800 DEOPT UNPACKING pc=0x00000295e0ef4242 sp=0x000000f0bb8fe278 mode 0
Event: 19.765 Thread 0x00000295f44f8520 DEOPT PACKING pc=0x00000295da315867 sp=0x000000f0bb9fda60
Event: 19.765 Thread 0x00000295f44f8520 DEOPT UNPACKING pc=0x00000295e0ef4242 sp=0x000000f0bb9fcfd0 mode 0

Classes loaded (20 events):
Event: 12.670 Loading class sun/security/provider/ByteArrayAccess$LE
Event: 12.670 Loading class sun/security/provider/ByteArrayAccess$LE done
Event: 12.703 Loading class java/time/format/DateTimeParseContext
Event: 12.703 Loading class java/time/format/DateTimeParseContext done
Event: 12.703 Loading class java/time/format/Parsed
Event: 12.704 Loading class java/time/format/Parsed done
Event: 12.705 Loading class java/time/Month
Event: 12.705 Loading class java/time/Month done
Event: 12.705 Loading class java/time/Year
Event: 12.706 Loading class java/time/Year done
Event: 12.717 Loading class sun/nio/ch/WindowsAsynchronousFileChannelImpl$WriteTask
Event: 12.717 Loading class sun/nio/ch/WindowsAsynchronousFileChannelImpl$WriteTask done
Event: 12.986 Loading class java/util/concurrent/ForkJoinTask$AdaptedCallable
Event: 12.987 Loading class java/util/concurrent/ForkJoinTask$AdaptedCallable done
Event: 13.466 Loading class java/util/Vector$1
Event: 13.467 Loading class java/util/Vector$1 done
Event: 13.470 Loading class java/util/WeakHashMap$KeyIterator
Event: 13.470 Loading class java/util/WeakHashMap$KeyIterator done
Event: 14.287 Loading class java/util/regex/Pattern$Caret
Event: 14.287 Loading class java/util/regex/Pattern$Caret done

Classes unloaded (7 events):
Event: 3.150 Thread 0x00000295d44bec30 Unloading class 0x00000295811aac00 'java/lang/invoke/LambdaForm$MH+0x00000295811aac00'
Event: 3.150 Thread 0x00000295d44bec30 Unloading class 0x00000295811aa800 'java/lang/invoke/LambdaForm$MH+0x00000295811aa800'
Event: 3.150 Thread 0x00000295d44bec30 Unloading class 0x00000295811aa400 'java/lang/invoke/LambdaForm$MH+0x00000295811aa400'
Event: 3.150 Thread 0x00000295d44bec30 Unloading class 0x00000295811aa000 'java/lang/invoke/LambdaForm$MH+0x00000295811aa000'
Event: 3.150 Thread 0x00000295d44bec30 Unloading class 0x00000295811a9c00 'java/lang/invoke/LambdaForm$BMH+0x00000295811a9c00'
Event: 3.150 Thread 0x00000295d44bec30 Unloading class 0x00000295811a9800 'java/lang/invoke/LambdaForm$DMH+0x00000295811a9800'
Event: 3.150 Thread 0x00000295d44bec30 Unloading class 0x00000295811a8400 'java/lang/invoke/LambdaForm$DMH+0x00000295811a8400'

Classes redefined (0 events):
No events

Internal exceptions (20 events):
Event: 12.398 Thread 0x00000295f44f6450 Implicit null exception at 0x00000295e14fa7f6 to 0x00000295e14fab2c
Event: 12.401 Thread 0x00000295f44f6450 Exception <a 'java/lang/NoSuchMethodError'{0x00000000d5a2c150}: 'int java.lang.invoke.Invokers$Holder.linkToTargetMethod(java.lang.Object, java.lang.Object, java.lang.Object)'> (0x00000000d5a2c150) 
thrown [s\src\hotspot\share\interpreter\linkResolver.cpp, line 773]
Event: 12.599 Thread 0x00000295d67759f0 Exception <a 'java/lang/NoSuchMethodError'{0x00000000d5db4150}: 'void java.lang.invoke.DirectMethodHandle$Holder.invokeSpecial(java.lang.Object, java.lang.Object, java.lang.Object, java.lang.Object, java.lang.Object, java.lang.Object)'> (0x00000000d5db4150) 
thrown [s\src\hotspot\share\interpreter\linkResolver.cpp, line 773]
Event: 12.601 Thread 0x00000295d67759f0 Exception <a 'java/lang/IncompatibleClassChangeError'{0x00000000d5dd34b0}: Found class java.lang.Object, but interface was expected> (0x00000000d5dd34b0) 
thrown [s\src\hotspot\share\interpreter\linkResolver.cpp, line 840]
Event: 12.601 Thread 0x00000295d67759f0 Exception <a 'java/lang/IncompatibleClassChangeError'{0x00000000d5dd5160}: Found class java.lang.Object, but interface was expected> (0x00000000d5dd5160) 
thrown [s\src\hotspot\share\interpreter\linkResolver.cpp, line 840]
Event: 12.670 Thread 0x00000295f44f6450 Implicit null exception at 0x00000295e159be1f to 0x00000295e159c080
Event: 12.775 Thread 0x00000295f44f7800 Exception <a 'java/lang/NoSuchMethodError'{0x00000000d5e8d628}: 'java.lang.Object java.lang.invoke.DirectMethodHandle$Holder.invokeVirtual(java.lang.Object, java.lang.Object, int)'> (0x00000000d5e8d628) 
thrown [s\src\hotspot\share\interpreter\linkResolver.cpp, line 773]
Event: 12.815 Thread 0x00000295f9115f50 Exception <a 'java/io/FileNotFoundException'{0x00000000d618e700}> (0x00000000d618e700) 
thrown [s\src\hotspot\share\prims\jni.cpp, line 520]
Event: 12.958 Thread 0x00000295f9115f50 Exception <a 'java/lang/IncompatibleClassChangeError'{0x00000000d5a761f8}: Found class java.lang.Object, but interface was expected> (0x00000000d5a761f8) 
thrown [s\src\hotspot\share\interpreter\linkResolver.cpp, line 840]
Event: 12.985 Thread 0x00000295f44f8520 Exception <a 'sun/nio/fs/WindowsException'{0x00000000d5e6a518}> (0x00000000d5e6a518) 
thrown [s\src\hotspot\share\prims\jni.cpp, line 520]
Event: 12.988 Thread 0x00000295f91165e0 Exception <a 'sun/nio/fs/WindowsException'{0x00000000d5efa0f8}> (0x00000000d5efa0f8) 
thrown [s\src\hotspot\share\prims\jni.cpp, line 520]
Event: 12.989 Thread 0x00000295f91165e0 Exception <a 'sun/nio/fs/WindowsException'{0x00000000d5eff6b0}> (0x00000000d5eff6b0) 
thrown [s\src\hotspot\share\prims\jni.cpp, line 520]
Event: 12.990 Thread 0x00000295f91193d0 Exception <a 'sun/nio/fs/WindowsException'{0x00000000d5f5ca00}> (0x00000000d5f5ca00) 
thrown [s\src\hotspot\share\prims\jni.cpp, line 520]
Event: 13.105 Thread 0x00000295f44f7800 Implicit null exception at 0x00000295e17aebe9 to 0x00000295e17aedbc
Event: 13.463 Thread 0x00000295f4b38c00 Exception <a 'sun/nio/fs/WindowsException'{0x00000000d60ca180}> (0x00000000d60ca180) 
thrown [s\src\hotspot\share\prims\jni.cpp, line 520]
Event: 13.463 Thread 0x00000295f4b38c00 Exception <a 'sun/nio/fs/WindowsException'{0x00000000d6153968}> (0x00000000d6153968) 
thrown [s\src\hotspot\share\prims\jni.cpp, line 520]
Event: 13.472 Thread 0x00000295f4b38c00 Exception <a 'java/io/FileNotFoundException'{0x00000000d63efad0}> (0x00000000d63efad0) 
thrown [s\src\hotspot\share\prims\jni.cpp, line 520]
Event: 13.473 Thread 0x00000295f4b38c00 Exception <a 'java/io/FileNotFoundException'{0x00000000d6431268}> (0x00000000d6431268) 
thrown [s\src\hotspot\share\prims\jni.cpp, line 520]
Event: 13.473 Thread 0x00000295f4b38c00 Exception <a 'java/io/FileNotFoundException'{0x00000000d6431fc0}> (0x00000000d6431fc0) 
thrown [s\src\hotspot\share\prims\jni.cpp, line 520]
Event: 14.291 Thread 0x00000295f44f7800 Implicit null exception at 0x00000295e1872697 to 0x00000295e18773b0

ZGC Phase Switch (0 events):
No events

VM Operations (20 events):
Event: 15.549 Executing VM operation: Cleanup done
Event: 15.557 Executing VM operation: ParallelGCFailedAllocation (Allocation Failure)
Event: 15.559 Executing VM operation: ParallelGCFailedAllocation (Allocation Failure) done
Event: 16.339 Executing VM operation: ParallelGCFailedAllocation (Allocation Failure)
Event: 16.342 Executing VM operation: ParallelGCFailedAllocation (Allocation Failure) done
Event: 17.317 Executing VM operation: ParallelGCFailedAllocation (Allocation Failure)
Event: 17.322 Executing VM operation: ParallelGCFailedAllocation (Allocation Failure) done
Event: 18.250 Executing VM operation: ParallelGCFailedAllocation (Allocation Failure)
Event: 18.255 Executing VM operation: ParallelGCFailedAllocation (Allocation Failure) done
Event: 18.359 Executing VM operation: ParallelGCFailedAllocation (Allocation Failure)
Event: 18.362 Executing VM operation: ParallelGCFailedAllocation (Allocation Failure) done
Event: 18.447 Executing VM operation: ParallelGCFailedAllocation (Allocation Failure)
Event: 18.451 Executing VM operation: ParallelGCFailedAllocation (Allocation Failure) done
Event: 18.510 Executing VM operation: ParallelGCFailedAllocation (Allocation Failure)
Event: 18.514 Executing VM operation: ParallelGCFailedAllocation (Allocation Failure) done
Event: 18.626 Executing VM operation: ParallelGCFailedAllocation (Allocation Failure)
Event: 18.629 Executing VM operation: ParallelGCFailedAllocation (Allocation Failure) done
Event: 18.677 Executing VM operation: ParallelGCFailedAllocation (Allocation Failure)
Event: 19.685 Executing VM operation: ParallelGCFailedAllocation (Allocation Failure) done
Event: 19.787 Executing VM operation: ParallelGCFailedAllocation (Allocation Failure)

Memory protections (0 events):
No events

Nmethod flushes (20 events):
Event: 11.400 Thread 0x00000295d44bec30 flushing  nmethod 0x00000295d9f87790
Event: 11.400 Thread 0x00000295d44bec30 flushing  nmethod 0x00000295d9f88090
Event: 11.400 Thread 0x00000295d44bec30 flushing  nmethod 0x00000295d9f89290
Event: 11.400 Thread 0x00000295d44bec30 flushing  nmethod 0x00000295d9f89a90
Event: 11.400 Thread 0x00000295d44bec30 flushing  nmethod 0x00000295d9f8a210
Event: 11.400 Thread 0x00000295d44bec30 flushing  nmethod 0x00000295d9f8b790
Event: 11.400 Thread 0x00000295d44bec30 flushing  nmethod 0x00000295d9f8bb90
Event: 11.400 Thread 0x00000295d44bec30 flushing  nmethod 0x00000295d9f8c490
Event: 11.400 Thread 0x00000295d44bec30 flushing  nmethod 0x00000295d9f8fe90
Event: 11.400 Thread 0x00000295d44bec30 flushing  nmethod 0x00000295d9f91310
Event: 11.400 Thread 0x00000295d44bec30 flushing  nmethod 0x00000295d9fac210
Event: 11.400 Thread 0x00000295d44bec30 flushing  nmethod 0x00000295d9fb5690
Event: 11.400 Thread 0x00000295d44bec30 flushing  nmethod 0x00000295d9fc4810
Event: 11.400 Thread 0x00000295d44bec30 flushing  nmethod 0x00000295d9fc8e90
Event: 11.400 Thread 0x00000295d44bec30 flushing  nmethod 0x00000295d9fcb510
Event: 11.400 Thread 0x00000295d44bec30 flushing  nmethod 0x00000295da02da90
Event: 11.400 Thread 0x00000295d44bec30 flushing  nmethod 0x00000295da04c390
Event: 11.400 Thread 0x00000295d44bec30 flushing  nmethod 0x00000295da04c810
Event: 11.400 Thread 0x00000295d44bec30 flushing  nmethod 0x00000295da051e10
Event: 11.400 Thread 0x00000295d44bec30 flushing  nmethod 0x00000295da089290

Events (20 events):
Event: 12.990 Thread 0x00000295f91165e0 Thread added: 0x00000295f9118020
Event: 12.990 Thread 0x00000295f9118d40 Thread added: 0x00000295f91186b0
Event: 13.109 Thread 0x00000295f44f8520 Thread added: 0x00000295f8cbd370
Event: 13.109 Thread 0x00000295f44f8520 Thread added: 0x00000295f8cbb930
Event: 13.109 Thread 0x00000295f44f8520 Thread added: 0x00000295f8cbf440
Event: 13.109 Thread 0x00000295f8cbd370 Thread added: 0x00000295f8cbcce0
Event: 13.109 Thread 0x00000295f44f8520 Thread added: 0x00000295f8cbe090
Event: 13.110 Thread 0x00000295f8cbf440 Thread added: 0x00000295f8cbbfc0
Event: 13.110 Thread 0x00000295f44f8520 Thread added: 0x00000295f8cbfad0
Event: 13.110 Thread 0x00000295f8cbe090 Thread added: 0x00000295f8cbc650
Event: 13.110 Thread 0x00000295f8cbb930 Thread added: 0x00000295f8cc0160
Event: 13.110 Thread 0x00000295f8cbfad0 Thread added: 0x00000295f8cc07f0
Event: 15.099 Thread 0x00000295efcc5450 Thread exited: 0x00000295efcc5450
Event: 15.225 Thread 0x00000295efcc1cd0 Thread exited: 0x00000295efcc1cd0
Event: 16.359 Thread 0x00000295d682cf10 Thread added: 0x00000295f8108640
Event: 16.359 Thread 0x00000295d682cf10 Thread added: 0x00000295f8107f70
Event: 16.486 Thread 0x00000295f8107f70 Thread exited: 0x00000295f8107f70
Event: 16.654 Thread 0x00000295f8108640 Thread exited: 0x00000295f8108640
Event: 18.380 Thread 0x00000295d682d5b0 Thread added: 0x00000295f8108d10
Event: 18.380 Thread 0x00000295d682d5b0 Thread added: 0x00000295f81093e0


Dynamic libraries:
0x00007ff7f0fa0000 - 0x00007ff7f0fae000 	c:\Users\lenov\.vscode\extensions\redhat.java-1.52.0-win32-x64\jre\21.0.9-win32-x86_64\bin\java.exe
0x00007ffbf70a0000 - 0x00007ffbf7307000 	C:\WINDOWS\SYSTEM32\ntdll.dll
0x00007ffbf52a0000 - 0x00007ffbf5369000 	C:\WINDOWS\System32\KERNEL32.DLL
0x00007ffbf4360000 - 0x00007ffbf474f000 	C:\WINDOWS\System32\KERNELBASE.dll
0x00007ffbf4760000 - 0x00007ffbf48ab000 	C:\WINDOWS\System32\ucrtbase.dll
0x00007ffbbf450000 - 0x00007ffbbf46e000 	c:\Users\lenov\.vscode\extensions\redhat.java-1.52.0-win32-x64\jre\21.0.9-win32-x86_64\bin\VCRUNTIME140.dll
0x00007ffbc4710000 - 0x00007ffbc4728000 	c:\Users\lenov\.vscode\extensions\redhat.java-1.52.0-win32-x64\jre\21.0.9-win32-x86_64\bin\jli.dll
0x00007ffbf50d0000 - 0x00007ffbf5295000 	C:\WINDOWS\System32\USER32.dll
0x00007ffbf4ad0000 - 0x00007ffbf4af7000 	C:\WINDOWS\System32\win32u.dll
0x00007ffbf5480000 - 0x00007ffbf54ab000 	C:\WINDOWS\System32\GDI32.dll
0x00007ffbd9a40000 - 0x00007ffbd9cd3000 	C:\WINDOWS\WinSxS\amd64_microsoft.windows.common-controls_6595b64144ccf1df_6.0.26100.7309_none_3e05feeae336a044\COMCTL32.dll
0x00007ffbf4b00000 - 0x00007ffbf4c2c000 	C:\WINDOWS\System32\gdi32full.dll
0x00007ffbf4a20000 - 0x00007ffbf4ac3000 	C:\WINDOWS\System32\msvcp_win.dll
0x00007ffbf6d20000 - 0x00007ffbf6dc9000 	C:\WINDOWS\System32\msvcrt.dll
0x00007ffbf6dd0000 - 0x00007ffbf6e01000 	C:\WINDOWS\System32\IMM32.DLL
0x00007ffbd9780000 - 0x00007ffbd978c000 	c:\Users\lenov\.vscode\extensions\redhat.java-1.52.0-win32-x64\jre\21.0.9-win32-x86_64\bin\vcruntime140_1.dll
0x00007ffba58b0000 - 0x00007ffba593d000 	c:\Users\lenov\.vscode\extensions\redhat.java-1.52.0-win32-x64\jre\21.0.9-win32-x86_64\bin\msvcp140.dll
0x00007ffb7fbf0000 - 0x00007ffb80990000 	c:\Users\lenov\.vscode\extensions\redhat.java-1.52.0-win32-x64\jre\21.0.9-win32-x86_64\bin\server\jvm.dll
0x00007ffbf6c40000 - 0x00007ffbf6cf4000 	C:\WINDOWS\System32\ADVAPI32.dll
0x00007ffbf6e10000 - 0x00007ffbf6eb6000 	C:\WINDOWS\System32\sechost.dll
0x00007ffbf6470000 - 0x00007ffbf6588000 	C:\WINDOWS\System32\RPCRT4.dll
0x00007ffbf5370000 - 0x00007ffbf53e4000 	C:\WINDOWS\System32\WS2_32.dll
0x00007ffbf4050000 - 0x00007ffbf40ae000 	C:\WINDOWS\SYSTEM32\POWRPROF.dll
0x00007ffbe91e0000 - 0x00007ffbe9215000 	C:\WINDOWS\SYSTEM32\WINMM.dll
0x00007ffbddc50000 - 0x00007ffbddc5b000 	C:\WINDOWS\SYSTEM32\VERSION.dll
0x00007ffbf4030000 - 0x00007ffbf4044000 	C:\WINDOWS\SYSTEM32\UMPDC.dll
0x00007ffbf2f60000 - 0x00007ffbf2f7b000 	C:\WINDOWS\SYSTEM32\kernel.appcore.dll
0x00007ffbd6b20000 - 0x00007ffbd6b2a000 	c:\Users\lenov\.vscode\extensions\redhat.java-1.52.0-win32-x64\jre\21.0.9-win32-x86_64\bin\jimage.dll
0x00007ffbf1760000 - 0x00007ffbf19a2000 	C:\WINDOWS\SYSTEM32\DBGHELP.DLL
0x00007ffbf5510000 - 0x00007ffbf5896000 	C:\WINDOWS\System32\combase.dll
0x00007ffbf5b50000 - 0x00007ffbf5c26000 	C:\WINDOWS\System32\OLEAUT32.dll
0x00007ffbd8210000 - 0x00007ffbd824c000 	C:\WINDOWS\SYSTEM32\dbgcore.DLL
0x00007ffbf48b0000 - 0x00007ffbf4955000 	C:\WINDOWS\System32\bcryptPrimitives.dll
0x00007ffbce810000 - 0x00007ffbce81f000 	c:\Users\lenov\.vscode\extensions\redhat.java-1.52.0-win32-x64\jre\21.0.9-win32-x86_64\bin\instrument.dll
0x00007ffbbe180000 - 0x00007ffbbe1a0000 	c:\Users\lenov\.vscode\extensions\redhat.java-1.52.0-win32-x64\jre\21.0.9-win32-x86_64\bin\java.dll
0x00007ffbf5cc0000 - 0x00007ffbf6413000 	C:\WINDOWS\System32\SHELL32.dll
0x00007ffbf41f0000 - 0x00007ffbf435a000 	C:\WINDOWS\System32\wintypes.dll
0x00007ffbf1db0000 - 0x00007ffbf260e000 	C:\WINDOWS\SYSTEM32\windows.storage.dll
0x00007ffbf6a40000 - 0x00007ffbf6b35000 	C:\WINDOWS\System32\SHCORE.dll
0x00007ffbf5a10000 - 0x00007ffbf5a76000 	C:\WINDOWS\System32\shlwapi.dll
0x00007ffbf4110000 - 0x00007ffbf4139000 	C:\WINDOWS\SYSTEM32\profapi.dll
0x00007ffbbe160000 - 0x00007ffbbe178000 	c:\Users\lenov\.vscode\extensions\redhat.java-1.52.0-win32-x64\jre\21.0.9-win32-x86_64\bin\zip.dll
0x00007ffbce7f0000 - 0x00007ffbce800000 	C:\Users\lenov\.vscode\extensions\redhat.java-1.52.0-win32-x64\jre\21.0.9-win32-x86_64\bin\net.dll
0x00007ffbe2fa0000 - 0x00007ffbe30c8000 	C:\WINDOWS\SYSTEM32\WINHTTP.dll
0x00007ffbf34b0000 - 0x00007ffbf351b000 	C:\WINDOWS\system32\mswsock.dll
0x00007ffbbe140000 - 0x00007ffbbe156000 	C:\Users\lenov\.vscode\extensions\redhat.java-1.52.0-win32-x64\jre\21.0.9-win32-x86_64\bin\nio.dll
0x00007ffbce5c0000 - 0x00007ffbce5d0000 	c:\Users\lenov\.vscode\extensions\redhat.java-1.52.0-win32-x64\jre\21.0.9-win32-x86_64\bin\verify.dll
0x00007ffbbc9d0000 - 0x00007ffbbca15000 	C:\Users\lenov\AppData\Roaming\Code\User\globalStorage\redhat.java\1.52.0\config_win\org.eclipse.equinox.launcher\org.eclipse.equinox.launcher.win32.win32.x86_64_1.2.1500.v20260121-1430\eclipse_11919.dll
0x00007ffbf6ec0000 - 0x00007ffbf7057000 	C:\WINDOWS\System32\ole32.dll
0x00007ffbf38a0000 - 0x00007ffbf38bb000 	C:\WINDOWS\SYSTEM32\CRYPTSP.dll
0x00007ffbf2ec0000 - 0x00007ffbf2efa000 	C:\WINDOWS\system32\rsaenh.dll
0x00007ffbf3560000 - 0x00007ffbf358b000 	C:\WINDOWS\SYSTEM32\USERENV.dll
0x00007ffbf40e0000 - 0x00007ffbf410a000 	C:\WINDOWS\SYSTEM32\bcrypt.dll
0x00007ffbf3700000 - 0x00007ffbf370c000 	C:\WINDOWS\SYSTEM32\CRYPTBASE.dll
0x00007ffbf2aa0000 - 0x00007ffbf2ad4000 	C:\WINDOWS\SYSTEM32\IPHLPAPI.DLL
0x00007ffbf6a20000 - 0x00007ffbf6a2a000 	C:\WINDOWS\System32\NSI.dll
0x00007ffbbaaf0000 - 0x00007ffbbab39000 	C:\Users\lenov\AppData\Local\Temp\jna-2647\jna9617796977815589838.dll
0x00007ffbf6a30000 - 0x00007ffbf6a38000 	C:\WINDOWS\System32\PSAPI.DLL
0x00007ffbead70000 - 0x00007ffbead8e000 	C:\WINDOWS\SYSTEM32\dhcpcsvc6.DLL
0x00007ffbeab00000 - 0x00007ffbeab23000 	C:\WINDOWS\SYSTEM32\dhcpcsvc.DLL

JVMTI agents:
c:\Users\lenov\.vscode\extensions\redhat.java-1.52.0-win32-x64\lombok\lombok-1.18.39-4050.jar path:c:\Users\lenov\.vscode\extensions\redhat.java-1.52.0-win32-x64\jre\21.0.9-win32-x86_64\bin\instrument.dll, loaded, initialized, instrumentlib options:none

dbghelp: loaded successfully - version: 4.0.5 - missing functions: none
symbol engine: initialized successfully - sym options: 0x614 - pdb path: .;c:\Users\lenov\.vscode\extensions\redhat.java-1.52.0-win32-x64\jre\21.0.9-win32-x86_64\bin;C:\WINDOWS\SYSTEM32;C:\WINDOWS\WinSxS\amd64_microsoft.windows.common-controls_6595b64144ccf1df_6.0.26100.7309_none_3e05feeae336a044;c:\Users\lenov\.vscode\extensions\redhat.java-1.52.0-win32-x64\jre\21.0.9-win32-x86_64\bin\server;C:\Users\lenov\AppData\Roaming\Code\User\globalStorage\redhat.java\1.52.0\config_win\org.eclipse.equinox.launcher\org.eclipse.equinox.launcher.win32.win32.x86_64_1.2.1500.v20260121-1430;C:\Users\lenov\AppData\Local\Temp\jna-2647

VM Arguments:
jvm_args: --add-modules=ALL-SYSTEM --add-opens=java.base/java.util=ALL-UNNAMED --add-opens=java.base/java.lang=ALL-UNNAMED --add-opens=java.base/sun.nio.fs=ALL-UNNAMED -Declipse.application=org.eclipse.jdt.ls.core.id1 -Dosgi.bundles.defaultStartLevel=4 -Declipse.product=org.eclipse.jdt.ls.core.product -Djava.import.generatesMetadataFilesAtProjectRoot=false -DDetectVMInstallationsJob.disabled=true -Dfile.encoding=utf8 -XX:+UseParallelGC -XX:GCTimeRatio=4 -XX:AdaptiveSizePolicyWeight=90 -Dsun.zip.disableMemoryMapping=true -Xmx2G -Xms100m -Xlog:disable -javaagent:c:\Users\lenov\.vscode\extensions\redhat.java-1.52.0-win32-x64\lombok\lombok-1.18.39-4050.jar -XX:+HeapDumpOnOutOfMemoryError -XX:HeapDumpPath=c:\Users\lenov\AppData\Roaming\Code\User\workspaceStorage\941b95b32ed1771891e4efbe734da3c9\redhat.java -Daether.dependencyCollector.impl=bf 
java_command: c:\Users\lenov\.vscode\extensions\redhat.java-1.52.0-win32-x64\server\plugins\org.eclipse.equinox.launcher_1.7.100.v20251111-0406.jar -configuration c:\Users\lenov\AppData\Roaming\Code\User\globalStorage\redhat.java\1.52.0\config_win -data c:\Users\lenov\AppData\Roaming\Code\User\workspaceStorage\941b95b32ed1771891e4efbe734da3c9\redhat.java\jdt_ws --pipe=\\.\pipe\lsp-3e71de744851c4ba0bcc89d730a24859-sock
java_class_path (initial): c:\Users\lenov\.vscode\extensions\redhat.java-1.52.0-win32-x64\server\plugins\org.eclipse.equinox.launcher_1.7.100.v20251111-0406.jar
Launcher Type: SUN_STANDARD

[Global flags]
    uintx AdaptiveSizePolicyWeight                 = 90                                        {product} {command line}
     intx CICompilerCount                          = 4                                         {product} {ergonomic}
    uintx GCTimeRatio                              = 4                                         {product} {command line}
     bool HeapDumpOnOutOfMemoryError               = true                                   {manageable} {command line}
    ccstr HeapDumpPath                             = c:\Users\lenov\AppData\Roaming\Code\User\workspaceStorage\941b95b32ed1771891e4efbe734da3c9\redhat.java         {manageable} {command line}
   size_t InitialHeapSize                          = 104857600                                 {product} {command line}
   size_t MaxHeapSize                              = 2147483648                                {product} {command line}
   size_t MaxNewSize                               = 715653120                                 {product} {ergonomic}
   size_t MinHeapDeltaBytes                        = 524288                                    {product} {ergonomic}
   size_t MinHeapSize                              = 104857600                                 {product} {command line}
   size_t NewSize                                  = 34603008                                  {product} {ergonomic}
    uintx NonNMethodCodeHeapSize                   = 5839372                                {pd product} {ergonomic}
    uintx NonProfiledCodeHeapSize                  = 122909434                              {pd product} {ergonomic}
   size_t OldSize                                  = 70254592                                  {product} {ergonomic}
    uintx ProfiledCodeHeapSize                     = 122909434                              {pd product} {ergonomic}
    uintx ReservedCodeCacheSize                    = 251658240                              {pd product} {ergonomic}
     bool SegmentedCodeCache                       = true                                      {product} {ergonomic}
   size_t SoftMaxHeapSize                          = 2147483648                             {manageable} {ergonomic}
     bool UseCompressedOops                        = true                           {product lp64_product} {ergonomic}
     bool UseLargePagesIndividualAllocation        = false                                  {pd product} {ergonomic}
     bool UseParallelGC                            = true                                      {product} {command line}

Logging:
Log output configuration:
 #0: stdout all=off uptime,level,tags foldmultilines=false
 #1: stderr all=off uptime,level,tags foldmultilines=false

Release file:
JAVA_VERSION="21.0.9" 
MODULES="java.base java.compiler java.datatransfer java.xml java.prefs java.desktop java.instrument java.logging java.management java.security.sasl java.naming java.rmi java.management.rmi java.net.http java.scripting java.security.jgss java.transaction.xa java.sql java.sql.rowset java.xml.crypto java.se java.smartcardio jdk.accessibility jdk.internal.jvmstat jdk.attach jdk.charsets jdk.internal.opt jdk.zipfs jdk.compiler jdk.crypto.ec jdk.crypto.cryptoki jdk.crypto.mscapi jdk.dynalink jdk.internal.ed jdk.editpad jdk.hotspot.agent jdk.httpserver jdk.internal.le jdk.internal.vm.ci jdk.internal.vm.compiler jdk.internal.vm.compiler.management jdk.jartool jdk.javadoc jdk.jcmd jdk.management jdk.management.agent jdk.jconsole jdk.jdeps jdk.jdwp.agent jdk.jdi jdk.jfr jdk.jshell jdk.jsobject jdk.jstatd jdk.localedata jdk.management.jfr jdk.naming.dns jdk.naming.rmi jdk.net jdk.nio.mapmode jdk.random jdk.sctp jdk.security.auth jdk.security.jgss jdk.unsupported jdk.unsupported.desktop jdk.xml.dom" 

Environment Variables:
JAVA_HOME=C:\Program Files\Eclipse Adoptium\jdk-21.0.9.10-hotspot
PATH=C:\Program Files\Eclipse Adoptium\jdk-21.0.9.10-hotspot\bin;C:\SJ\anaconda\envs\ai-agent-env;C:\SJ\anaconda\envs\ai-agent-env\Scripts;C:\Python312\Scripts\;C:\Python312\;C:\WINDOWS\system32;C:\WINDOWS;C:\WINDOWS\System32\Wbem;C:\WINDOWS\System32\WindowsPowerShell\v1.0\;C:\WINDOWS\System32\OpenSSH\;C:\Program Files\nodejs\;C:\ProgramData\chocolatey\bin;C:\Program Files\dotnet\;C:\Program Files\Git\cmd;C:\Program Files\PuTTY\;C:\Users\lenov\anaconda3;C:\Users\lenov\anaconda3\Library\mingw-w64\bin;C:\Users\lenov\anaconda3\Library\usr\bin;C:\Users\lenov\anaconda3\Library\bin;C:\Users\lenov\AppData\Local\Microsoft\WindowsApps;C:\Users\lenov\AppData\Local\Programs\Microsoft VS Code\bin;C:\Users\lenov\AppData\Roaming\npm;C:\Users\lenov\.dotnet\tools;C:\SJ\LATEX\Miktex\miktex\bin\x64\;C:\intelFPGA_lite\20.1\modelsim_ase\win32aloem;C:\Users\lenov\AppData\Local\GitHubDesktop\bin;C:\msys64\ucrt64\bin;C:\SJ\Projects\C++\HalideLSTM\libtorch;C:\libtorch\bin;C:\Program Files\CMake\bin;C:\ffmpeg-2025-09-10-git-c1dc2e2b7c-essentials_build\bin;C:\Program Files\Docker\Docker\resources\bin;C:\Program Files\Amazon\AWSCLIV2\;C:\Program Files\Eclipse Adoptium\jdk-21.0.9.10-hotspot\bin;C:\Program Files\MySQL\MySQL Server 8.0\bin;C:\Users\lenov\anaconda3;C:\Users\lenov\anaconda3\Library\mingw-w64\bin;C:\Users\lenov\anaconda3\Library\usr\bin;C:\Users\lenov\anaconda3\Library\bin;C:\Users\lenov\anaconda3\Scripts;C:\Users\lenov\AppData\Local\Microsoft\WindowsApps;C:\Users\lenov\AppData\Local\Programs\Microsoft VS Code\bin;C:\Users\lenov\AppData\Roaming\npm;C:\Users\lenov\.dotnet\tools;C:\SJ\LATEX\Miktex\miktex\bin\x64\;C:\intelFPGA_lite\20.1\modelsim_ase\win32aloem;C:\Users\lenov\AppData\Local\GitHubDesktop\bin;C:\msys64\ucrt64\bin;C:\SJ\Projects\C++\HalideLSTM\libtorch;C:\Users\lenov\AppData\Local\Microsoft\WinGet\Packages\Gyan.FFmpeg_Microsoft.Winget.Source_8wekyb3d8bbwe\ffmpeg-8.0-full_build\bin;C:\Users\lenov\AppData\Local\Programs\Antigravity\bin
USERNAME=SJ
OS=Windows_NT
PROCESSOR_IDENTIFIER=Intel64 Family 6 Model 186 Stepping 3, GenuineIntel
TMP=C:\Users\lenov\AppData\Local\Temp
TEMP=C:\Users\lenov\AppData\Local\Temp




Periodic native trim disabled

---------------  S Y S T E M  ---------------

OS:
 Windows 11 , 64 bit Build 26100 (10.0.26100.7623)
OS uptime: 10 days 22:08 hours
Hyper-V role detected

CPU: total 12 (initial active 12) (6 cores per cpu, 2 threads per core) family 6 model 186 stepping 3 microcode 0x4112, cx8, cmov, fxsr, ht, mmx, 3dnowpref, sse, sse2, sse3, ssse3, sse4.1, sse4.2, popcnt, lzcnt, tsc, tscinvbit, avx, avx2, aes, erms, clmul, bmi1, bmi2, adx, sha, fma, vzeroupper, clflush, clflushopt, clwb, hv, serialize, rdtscp, rdpid, fsrm, f16c, cet_ibt, cet_ss
Processor Information for processor 0
  Max Mhz: 1300, Current Mhz: 1300, Mhz Limit: 1300
Processor Information for processor 1
  Max Mhz: 1300, Current Mhz: 1300, Mhz Limit: 1300
Processor Information for processor 2
  Max Mhz: 1300, Current Mhz: 1300, Mhz Limit: 1300
Processor Information for processor 3
  Max Mhz: 1300, Current Mhz: 1300, Mhz Limit: 1300
Processor Information for processor 4
  Max Mhz: 1300, Current Mhz: 900, Mhz Limit: 897
Processor Information for processor 5
  Max Mhz: 1300, Current Mhz: 900, Mhz Limit: 897
Processor Information for processor 6
  Max Mhz: 1300, Current Mhz: 900, Mhz Limit: 897
Processor Information for processor 7
  Max Mhz: 1300, Current Mhz: 900, Mhz Limit: 897
Processor Information for processor 8
  Max Mhz: 1300, Current Mhz: 900, Mhz Limit: 897
Processor Information for processor 9
  Max Mhz: 1300, Current Mhz: 900, Mhz Limit: 897
Processor Information for processor 10
  Max Mhz: 1300, Current Mhz: 900, Mhz Limit: 897
Processor Information for processor 11
  Max Mhz: 1300, Current Mhz: 900, Mhz Limit: 897

Memory: 4k page, system-wide physical 7915M (602M free)
TotalPageFile size 32491M (AvailPageFile size 8M)
current process WorkingSet (physical memory assigned to process): 400M, peak: 413M
current process commit charge ("private bytes"): 436M, peak: 450M

vm_info: OpenJDK 64-Bit Server VM (21.0.9+10-LTS) for windows-amd64 JRE (21.0.9+10-LTS), built on 2025-10-21T00:00:00Z by "admin" with unknown MS VC++:1942

END.
