#
# There is insufficient memory for the Java Runtime Environment to continue.
# Native memory allocation (malloc) failed to allocate 1745296 bytes. Error detail: Chunk::new
# Possible reasons:
#   The system is out of physical RAM or swap space
#   This process is running with CompressedOops enabled, and the Java Heap may be blocking the growth of the native heap
# Possible solutions:
#   Reduce memory load on the system
#   Increase physical memory or swap space
#   Check if swap backing store is full
#   Decrease Java heap size (-Xmx/-Xms)
#   Decrease number of Java threads
#   Decrease Java thread stack sizes (-Xss)
#   Set larger code cache with -XX:ReservedCodeCacheSize=
#   JVM is running with Unscaled Compressed Oops mode in which the Java heap is
#     placed in the first 4GB address space. The Java Heap base address is the
#     maximum limit for the native heap growth. Please use -XX:HeapBaseMinAddress
#     to set the Java Heap base and to place the Java Heap above 4GB virtual address.
# This output file may be truncated or incomplete.
#
#  Out of Memory Error (arena.cpp:168), pid=28104, tid=45440
#
# JRE version: OpenJDK Runtime Environment Temurin-21.0.9+10 (21.0.9+10) (build 21.0.9+10-LTS)
# Java VM: OpenJDK 64-Bit Server VM Temurin-21.0.9+10 (21.0.9+10-LTS, mixed mode, sharing, tiered, compressed oops, compressed class ptrs, parallel gc, windows-amd64)
# No core dump will be written. Minidumps are not enabled by default on client versions of Windows
#

---------------  S U M M A R Y ------------

Command Line: --add-modules=ALL-SYSTEM --add-opens=java.base/java.util=ALL-UNNAMED --add-opens=java.base/java.lang=ALL-UNNAMED --add-opens=java.base/sun.nio.fs=ALL-UNNAMED -Declipse.application=org.eclipse.jdt.ls.core.id1 -Dosgi.bundles.defaultStartLevel=4 -Declipse.product=org.eclipse.jdt.ls.core.product -Djava.import.generatesMetadataFilesAtProjectRoot=false -DDetectVMInstallationsJob.disabled=true -Dfile.encoding=utf8 -XX:+UseParallelGC -XX:GCTimeRatio=4 -XX:AdaptiveSizePolicyWeight=90 -Dsun.zip.disableMemoryMapping=true -Xmx2G -Xms100m -Xlog:disable -javaagent:c:\Users\lenov\.vscode\extensions\redhat.java-1.52.0-win32-x64\lombok\lombok-1.18.39-4050.jar -XX:+HeapDumpOnOutOfMemoryError -XX:HeapDumpPath=c:\Users\lenov\AppData\Roaming\Code\User\workspaceStorage\941b95b32ed1771891e4efbe734da3c9\redhat.java -Daether.dependencyCollector.impl=bf c:\Users\lenov\.vscode\extensions\redhat.java-1.52.0-win32-x64\server\plugins\org.eclipse.equinox.launcher_1.7.100.v20251111-0406.jar -configuration c:\Users\lenov\AppData\Roaming\Code\User\globalStorage\redhat.java\1.52.0\config_win -data c:\Users\lenov\AppData\Roaming\Code\User\workspaceStorage\941b95b32ed1771891e4efbe734da3c9\redhat.java\jdt_ws --pipe=\\.\pipe\lsp-780e22e157d5b61a78a826244c38e317-sock

Host: 13th Gen Intel(R) Core(TM) i5-1335U, 12 cores, 7G,  Windows 11 , 64 bit Build 26100 (10.0.26100.7623)
Time: Sat Feb 14 15:27:27 2026 Sri Lanka Standard Time elapsed time: 11.160663 seconds (0d 0h 0m 11s)

---------------  T H R E A D  ---------------

Current thread (0x00000292cf44d180):  JavaThread "C2 CompilerThread0" daemon [_thread_in_native, id=45440, stack(0x0000009bd5a00000,0x0000009bd5b00000) (1024K)]


Current CompileTask:
C2:11160 7664       4       org.eclipse.jdt.internal.compiler.util.JrtFileSystem$2::visitFile (72 bytes)

Stack: [0x0000009bd5a00000,0x0000009bd5b00000]
Native frames: (J=compiled Java code, j=interpreted, Vv=VM code, C=native code)
V  [jvm.dll+0x6d6e29]
V  [jvm.dll+0x8b4b76]
V  [jvm.dll+0x8b712e]
V  [jvm.dll+0x8b7813]
V  [jvm.dll+0x283d86]
V  [jvm.dll+0xc66ed]
V  [jvm.dll+0xc6c31]
V  [jvm.dll+0x3be501]
V  [jvm.dll+0x1e3b52]
V  [jvm.dll+0x24c0f3]
V  [jvm.dll+0x24b580]
V  [jvm.dll+0x1cb13e]
V  [jvm.dll+0x25b29d]
V  [jvm.dll+0x25982a]
V  [jvm.dll+0x3f7ea6]
V  [jvm.dll+0x85e9ad]
V  [jvm.dll+0x6d565d]
C  [ucrtbase.dll+0x37b0]
C  [KERNEL32.DLL+0x2e8d7]
C  [ntdll.dll+0x8c53c]


---------------  P R O C E S S  ---------------

Threads class SMR info:
_java_thread_list=0x00000292eeecb740, length=62, elements={
0x00000292cf390060, 0x00000292cf4343d0, 0x00000292e5e3c190, 0x00000292cf436ce0,
0x00000292e71b1f80, 0x00000292cf43b410, 0x00000292cf43be60, 0x00000292cf44d180,
0x00000292cf44e8e0, 0x00000292e73a25e0, 0x00000292e8188b10, 0x00000292e872bfa0,
0x00000292e87742e0, 0x00000292e8762050, 0x00000292e8762a80, 0x00000292ed42bc40,
0x00000292e8854170, 0x00000292ed3461f0, 0x00000292ed345b60, 0x00000292ed3475a0,
0x00000292ed344120, 0x00000292ed3447b0, 0x00000292e72e7240, 0x00000292ed3454d0,
0x00000292ed346f10, 0x00000292ed344e40, 0x00000292ee951e50, 0x00000292ee951130,
0x00000292ee950aa0, 0x00000292ee9517c0, 0x00000292ee9524e0, 0x00000292ee952b70,
0x00000292ee94f6f0, 0x00000292ee94fd80, 0x00000292edf30680, 0x00000292edf30d10,
0x00000292edf2d890, 0x00000292edf2fff0, 0x00000292edf313a0, 0x00000292edf2f2d0,
0x00000292edf2f960, 0x00000292edf2df20, 0x00000292edf31a30, 0x00000292edf34190,
0x00000292edf34eb0, 0x00000292edf32750, 0x00000292edf32de0, 0x00000292edf33470,
0x00000292efd2f590, 0x00000292efd2e870, 0x00000292efd2fc20, 0x00000292efd2d4c0,
0x00000292efd2e1e0, 0x00000292efd2ef00, 0x00000292efd302b0, 0x00000292efd2ce30,
0x00000292efd30940, 0x00000292efd30fd0, 0x00000292efd2db50, 0x00000292efd32380,
0x00000292efd33dc0, 0x00000292efd32a10
}

Java Threads: ( => current thread )
  0x00000292cf390060 JavaThread "main"                              [_thread_blocked, id=41544, stack(0x0000009bd5000000,0x0000009bd5100000) (1024K)]
  0x00000292cf4343d0 JavaThread "Reference Handler"          daemon [_thread_blocked, id=21440, stack(0x0000009bd5400000,0x0000009bd5500000) (1024K)]
  0x00000292e5e3c190 JavaThread "Finalizer"                  daemon [_thread_blocked, id=35348, stack(0x0000009bd5500000,0x0000009bd5600000) (1024K)]
  0x00000292cf436ce0 JavaThread "Signal Dispatcher"          daemon [_thread_blocked, id=26140, stack(0x0000009bd5600000,0x0000009bd5700000) (1024K)]
  0x00000292e71b1f80 JavaThread "Attach Listener"            daemon [_thread_blocked, id=23180, stack(0x0000009bd5700000,0x0000009bd5800000) (1024K)]
  0x00000292cf43b410 JavaThread "Service Thread"             daemon [_thread_blocked, id=41212, stack(0x0000009bd5800000,0x0000009bd5900000) (1024K)]
  0x00000292cf43be60 JavaThread "Monitor Deflation Thread"   daemon [_thread_blocked, id=41616, stack(0x0000009bd5900000,0x0000009bd5a00000) (1024K)]
=>0x00000292cf44d180 JavaThread "C2 CompilerThread0"         daemon [_thread_in_native, id=45440, stack(0x0000009bd5a00000,0x0000009bd5b00000) (1024K)]
  0x00000292cf44e8e0 JavaThread "C1 CompilerThread0"         daemon [_thread_in_vm, id=27432, stack(0x0000009bd5b00000,0x0000009bd5c00000) (1024K)]
  0x00000292e73a25e0 JavaThread "Common-Cleaner"             daemon [_thread_blocked, id=20384, stack(0x0000009bd5d00000,0x0000009bd5e00000) (1024K)]
  0x00000292e8188b10 JavaThread "Notification Thread"        daemon [_thread_blocked, id=20016, stack(0x0000009bd5e00000,0x0000009bd5f00000) (1024K)]
  0x00000292e872bfa0 JavaThread "Active Thread: Equinox Container: 90b824d5-afbe-4ba6-a3c4-fe2a088443cb"        [_thread_blocked, id=25132, stack(0x0000009bd6500000,0x0000009bd6600000) (1024K)]
  0x00000292e87742e0 JavaThread "Refresh Thread: Equinox Container: 90b824d5-afbe-4ba6-a3c4-fe2a088443cb" daemon [_thread_blocked, id=14468, stack(0x0000009bd6700000,0x0000009bd6800000) (1024K)]
  0x00000292e8762050 JavaThread "Framework Event Dispatcher: Equinox Container: 90b824d5-afbe-4ba6-a3c4-fe2a088443cb" daemon [_thread_blocked, id=39476, stack(0x0000009bd6800000,0x0000009bd6900000) (1024K)]
  0x00000292e8762a80 JavaThread "Start Level: Equinox Container: 90b824d5-afbe-4ba6-a3c4-fe2a088443cb" daemon [_thread_blocked, id=15624, stack(0x0000009bd6900000,0x0000009bd6a00000) (1024K)]
  0x00000292ed42bc40 JavaThread "Bundle File Closer"         daemon [_thread_blocked, id=40808, stack(0x0000009bd6c00000,0x0000009bd6d00000) (1024K)]
  0x00000292e8854170 JavaThread "SCR Component Actor"        daemon [_thread_blocked, id=8476, stack(0x0000009bd6d00000,0x0000009bd6e00000) (1024K)]
  0x00000292ed3461f0 JavaThread "Worker-JM"                         [_thread_blocked, id=5360, stack(0x0000009bd6e00000,0x0000009bd6f00000) (1024K)]
  0x00000292ed345b60 JavaThread "JNA Cleaner"                daemon [_thread_blocked, id=22872, stack(0x0000009bd6f00000,0x0000009bd7000000) (1024K)]
  0x00000292ed3475a0 JavaThread "Worker-0"                          [_thread_blocked, id=12768, stack(0x0000009bd7000000,0x0000009bd7100000) (1024K)]
  0x00000292ed344120 JavaThread "Worker-1"                          [_thread_blocked, id=4796, stack(0x0000009bd7100000,0x0000009bd7200000) (1024K)]
  0x00000292ed3447b0 JavaThread "Worker-2: Building"                [_thread_in_vm, id=21720, stack(0x0000009bd7200000,0x0000009bd7300000) (1024K)]
  0x00000292e72e7240 JavaThread "C2 CompilerThread1"         daemon [_thread_in_native, id=47688, stack(0x0000009bd5c00000,0x0000009bd5d00000) (1024K)]
  0x00000292ed3454d0 JavaThread "Java indexing"              daemon [_thread_in_Java, id=9200, stack(0x0000009bd7300000,0x0000009bd7400000) (1024K)]
  0x00000292ed346f10 JavaThread "Worker-3: Java indexing... "        [_thread_blocked, id=40024, stack(0x0000009bd7400000,0x0000009bd7500000) (1024K)]
  0x00000292ed344e40 JavaThread "Worker-4"                          [_thread_blocked, id=33712, stack(0x0000009bd7500000,0x0000009bd7600000) (1024K)]
  0x00000292ee951e50 JavaThread "Worker-5"                          [_thread_blocked, id=31032, stack(0x0000009bd7900000,0x0000009bd7a00000) (1024K)]
  0x00000292ee951130 JavaThread "Thread-1"                   daemon [_thread_in_native, id=24232, stack(0x0000009bd7a00000,0x0000009bd7b00000) (1024K)]
  0x00000292ee950aa0 JavaThread "Thread-2"                   daemon [_thread_in_native, id=30764, stack(0x0000009bd7b00000,0x0000009bd7c00000) (1024K)]
  0x00000292ee9517c0 JavaThread "Thread-3"                   daemon [_thread_in_native, id=45228, stack(0x0000009bd7c00000,0x0000009bd7d00000) (1024K)]
  0x00000292ee9524e0 JavaThread "Thread-4"                   daemon [_thread_in_native, id=13080, stack(0x0000009bd7d00000,0x0000009bd7e00000) (1024K)]
  0x00000292ee952b70 JavaThread "Thread-5"                   daemon [_thread_in_native, id=5500, stack(0x0000009bd7e00000,0x0000009bd7f00000) (1024K)]
  0x00000292ee94f6f0 JavaThread "Thread-6"                   daemon [_thread_in_native, id=19728, stack(0x0000009bd7f00000,0x0000009bd8000000) (1024K)]
  0x00000292ee94fd80 JavaThread "Thread-7"                   daemon [_thread_in_native, id=19440, stack(0x0000009bd8000000,0x0000009bd8100000) (1024K)]
  0x00000292edf30680 JavaThread "Thread-8"                   daemon [_thread_in_native, id=5976, stack(0x0000009bd8100000,0x0000009bd8200000) (1024K)]
  0x00000292edf30d10 JavaThread "Thread-9"                   daemon [_thread_in_native, id=14076, stack(0x0000009bd8200000,0x0000009bd8300000) (1024K)]
  0x00000292edf2d890 JavaThread "Thread-10"                  daemon [_thread_in_native, id=23828, stack(0x0000009bd8300000,0x0000009bd8400000) (1024K)]
  0x00000292edf2fff0 JavaThread "Thread-11"                  daemon [_thread_in_native, id=1228, stack(0x0000009bd8400000,0x0000009bd8500000) (1024K)]
  0x00000292edf313a0 JavaThread "Thread-12"                  daemon [_thread_in_native, id=36960, stack(0x0000009bd8500000,0x0000009bd8600000) (1024K)]
  0x00000292edf2f2d0 JavaThread "Thread-13"                  daemon [_thread_in_native, id=13900, stack(0x0000009bd8600000,0x0000009bd8700000) (1024K)]
  0x00000292edf2f960 JavaThread "pool-2-thread-1"                   [_thread_blocked, id=46244, stack(0x0000009bd8700000,0x0000009bd8800000) (1024K)]
  0x00000292edf2df20 JavaThread "WorkspaceEventsHandler"            [_thread_blocked, id=31784, stack(0x0000009bd8800000,0x0000009bd8900000) (1024K)]
  0x00000292edf31a30 JavaThread "pool-1-thread-1"                   [_thread_blocked, id=19340, stack(0x0000009bd8900000,0x0000009bd8a00000) (1024K)]
  0x00000292edf34190 JavaThread "LocalFile Deleter"          daemon [_thread_blocked, id=10516, stack(0x0000009bd8a00000,0x0000009bd8b00000) (1024K)]
  0x00000292edf34eb0 JavaThread "LocalFile Deleter"          daemon [_thread_blocked, id=10616, stack(0x0000009bd8b00000,0x0000009bd8c00000) (1024K)]
  0x00000292edf32750 JavaThread "LocalFile Deleter"          daemon [_thread_blocked, id=13764, stack(0x0000009bd8c00000,0x0000009bd8d00000) (1024K)]
  0x00000292edf32de0 JavaThread "LocalFile Deleter"          daemon [_thread_blocked, id=38876, stack(0x0000009bd8d00000,0x0000009bd8e00000) (1024K)]
  0x00000292edf33470 JavaThread "LocalFile Deleter"          daemon [_thread_blocked, id=40924, stack(0x0000009bd8e00000,0x0000009bd8f00000) (1024K)]
  0x00000292efd2f590 JavaThread "LocalFile Deleter"          daemon [_thread_blocked, id=33208, stack(0x0000009bd8f00000,0x0000009bd9000000) (1024K)]
  0x00000292efd2e870 JavaThread "LocalFile Deleter"          daemon [_thread_blocked, id=37536, stack(0x0000009bd9000000,0x0000009bd9100000) (1024K)]
  0x00000292efd2fc20 JavaThread "LocalFile Deleter"          daemon [_thread_blocked, id=38056, stack(0x0000009bd9100000,0x0000009bd9200000) (1024K)]
  0x00000292efd2d4c0 JavaThread "LocalFile Deleter"          daemon [_thread_blocked, id=15532, stack(0x0000009bd9200000,0x0000009bd9300000) (1024K)]
  0x00000292efd2e1e0 JavaThread "Compiler Source File Reader" daemon [_thread_blocked, id=24208, stack(0x0000009bd9300000,0x0000009bd9400000) (1024K)]
  0x00000292efd2ef00 JavaThread "Compiler Source File Reader" daemon [_thread_blocked, id=14288, stack(0x0000009bd9400000,0x0000009bd9500000) (1024K)]
  0x00000292efd302b0 JavaThread "Compiler Source File Reader" daemon [_thread_blocked, id=46280, stack(0x0000009bd9500000,0x0000009bd9600000) (1024K)]
  0x00000292efd2ce30 JavaThread "Compiler Source File Reader" daemon [_thread_blocked, id=43720, stack(0x0000009bd9600000,0x0000009bd9700000) (1024K)]
  0x00000292efd30940 JavaThread "Compiler Source File Reader" daemon [_thread_blocked, id=25816, stack(0x0000009bd9700000,0x0000009bd9800000) (1024K)]
  0x00000292efd30fd0 JavaThread "Compiler Source File Reader" daemon [_thread_blocked, id=30932, stack(0x0000009bd9800000,0x0000009bd9900000) (1024K)]
  0x00000292efd2db50 JavaThread "Compiler Source File Reader" daemon [_thread_blocked, id=37520, stack(0x0000009bd9900000,0x0000009bd9a00000) (1024K)]
  0x00000292efd32380 JavaThread "Compiler Source File Reader" daemon [_thread_blocked, id=22944, stack(0x0000009bd9a00000,0x0000009bd9b00000) (1024K)]
  0x00000292efd33dc0 JavaThread "Compiler Source File Reader" daemon [_thread_blocked, id=35640, stack(0x0000009bd9b00000,0x0000009bd9c00000) (1024K)]
  0x00000292efd32a10 JavaThread "Compiler Source File Reader" daemon [_thread_blocked, id=18496, stack(0x0000009bd9c00000,0x0000009bd9d00000) (1024K)]
Total: 62

Other Threads:
  0x00000292cf42f810 VMThread "VM Thread"                           [id=35528, stack(0x0000009bd5300000,0x0000009bd5400000) (1024K)]
  0x00000292e5d1ca00 WatcherThread "VM Periodic Task Thread"        [id=34240, stack(0x0000009bd5200000,0x0000009bd5300000) (1024K)]
  0x00000292cf3af3f0 WorkerThread "GC Thread#0"                     [id=47488, stack(0x0000009bd5100000,0x0000009bd5200000) (1024K)]
  0x00000292e83bca30 WorkerThread "GC Thread#1"                     [id=3888, stack(0x0000009bd5f00000,0x0000009bd6000000) (1024K)]
  0x00000292e866fc50 WorkerThread "GC Thread#2"                     [id=6336, stack(0x0000009bd6000000,0x0000009bd6100000) (1024K)]
  0x00000292e8413970 WorkerThread "GC Thread#3"                     [id=47896, stack(0x0000009bd6100000,0x0000009bd6200000) (1024K)]
  0x00000292e83bbba0 WorkerThread "GC Thread#4"                     [id=44236, stack(0x0000009bd6200000,0x0000009bd6300000) (1024K)]
  0x00000292e85a1480 WorkerThread "GC Thread#5"                     [id=9036, stack(0x0000009bd6300000,0x0000009bd6400000) (1024K)]
  0x00000292e85a1820 WorkerThread "GC Thread#6"                     [id=36672, stack(0x0000009bd6400000,0x0000009bd6500000) (1024K)]
  0x00000292e8549b30 WorkerThread "GC Thread#7"                     [id=24432, stack(0x0000009bd6600000,0x0000009bd6700000) (1024K)]
  0x00000292e854a610 WorkerThread "GC Thread#8"                     [id=45408, stack(0x0000009bd6a00000,0x0000009bd6b00000) (1024K)]
  0x00000292e854a270 WorkerThread "GC Thread#9"                     [id=2436, stack(0x0000009bd6b00000,0x0000009bd6c00000) (1024K)]
Total: 12

Threads with active compile tasks:
C2 CompilerThread0  11221 7664       4       org.eclipse.jdt.internal.compiler.util.JrtFileSystem$2::visitFile (72 bytes)
C2 CompilerThread1  11221 7660       4       org.eclipse.jdt.internal.compiler.util.JrtFileSystem$2::visitFile (10 bytes)
Total: 2

VM state: not at safepoint (normal execution)

VM Mutex/Monitor currently owned by a thread: None

Heap address: 0x0000000080000000, size: 2048 MB, Compressed Oops mode: 32-bit

CDS archive(s) mapped at: [0x0000029280000000-0x0000029280ba0000-0x0000029280ba0000), size 12189696, SharedBaseAddress: 0x0000029280000000, ArchiveRelocationMode: 1.
Compressed class space mapped at: 0x0000029281000000-0x00000292c1000000, reserved size: 1073741824
Narrow klass base: 0x0000029280000000, Narrow klass shift: 0, Narrow klass range: 0x100000000

GC Precious Log:
 CardTable entry size: 512
 CPUs: 12 total, 12 available
 Memory: 7915M
 Large Page Support: Disabled
 NUMA Support: Disabled
 Compressed Oops: Enabled (32-bit)
 Alignments: Space 512K, Generation 512K, Heap 2M
 Heap Min Capacity: 100M
 Heap Initial Capacity: 100M
 Heap Max Capacity: 2G
 Pre-touch: Disabled
 Parallel Workers: 10

Heap:
 PSYoungGen      total 14336K, used 7194K [0x00000000d5580000, 0x00000000d6780000, 0x0000000100000000)
  eden space 12288K, 42% used [0x00000000d5580000,0x00000000d5a91450,0x00000000d6180000)
  from space 2048K, 97% used [0x00000000d6580000,0x00000000d6775570,0x00000000d6780000)
  to   space 3072K, 0% used [0x00000000d6180000,0x00000000d6180000,0x00000000d6480000)
 ParOldGen       total 153088K, used 153014K [0x0000000080000000, 0x0000000089580000, 0x00000000d5580000)
  object space 153088K, 99% used [0x0000000080000000,0x000000008956db50,0x0000000089580000)
 Metaspace       used 55365K, committed 56704K, reserved 1114112K
  class space    used 5981K, committed 6592K, reserved 1048576K

Card table byte_map: [0x00000292ced30000,0x00000292cf140000] _byte_map_base: 0x00000292ce930000

Marking Bits: (ParMarkBitMap*) 0x00007ffb808b2460
 Begin Bits: [0x00000292e1840000, 0x00000292e3840000)
 End Bits:   [0x00000292e3840000, 0x00000292e5840000)

Polling page: 0x00000292cd260000

Metaspace:

Usage:
  Non-class:     48.23 MB used.
      Class:      5.84 MB used.
       Both:     54.07 MB used.

Virtual space:
  Non-class space:       64.00 MB reserved,      48.94 MB ( 76%) committed,  1 nodes.
      Class space:        1.00 GB reserved,       6.44 MB ( <1%) committed,  1 nodes.
             Both:        1.06 GB reserved,      55.38 MB (  5%) committed. 

Chunk freelists:
   Non-Class:  14.88 MB
       Class:  9.47 MB
        Both:  24.35 MB

MaxMetaspaceSize: unlimited
CompressedClassSpaceSize: 1.00 GB
Initial GC threshold: 21.00 MB
Current GC threshold: 58.38 MB
CDS: on
 - commit_granule_bytes: 65536.
 - commit_granule_words: 8192.
 - virtual_space_node_default_size: 8388608.
 - enlarge_chunks_in_place: 1.
 - use_allocation_guard: 0.


Internal statistics:

num_allocs_failed_limit: 6.
num_arena_births: 1058.
num_arena_deaths: 14.
num_vsnodes_births: 2.
num_vsnodes_deaths: 0.
num_space_committed: 886.
num_space_uncommitted: 0.
num_chunks_returned_to_freelist: 20.
num_chunks_taken_from_freelist: 3704.
num_chunk_merges: 6.
num_chunk_splits: 2234.
num_chunks_enlarged: 1168.
num_inconsistent_stats: 0.

CodeHeap 'non-profiled nmethods': size=120000Kb used=3262Kb max_used=3262Kb free=116737Kb
 bounds [0x00000292da060000, 0x00000292da390000, 0x00000292e1590000]
CodeHeap 'profiled nmethods': size=120000Kb used=15402Kb max_used=15402Kb free=104597Kb
 bounds [0x00000292d2590000, 0x00000292d34a0000, 0x00000292d9ac0000]
CodeHeap 'non-nmethods': size=5760Kb used=1405Kb max_used=1482Kb free=4354Kb
 bounds [0x00000292d9ac0000, 0x00000292d9d30000, 0x00000292da060000]
CodeCache: size=245760Kb, used=20069Kb, max_used=20146Kb, free=225688Kb
 total_blobs=7916, nmethods=7205, adapters=617, full_count=0
Compilation: enabled, stopped_count=0, restarted_count=0

Compilation events (20 events):
Event: 9.923 Thread 0x00000292cf44e8e0 7819       2       lombok.patcher.MethodTarget::descriptorMatch (119 bytes)
Event: 9.924 Thread 0x00000292cf44e8e0 nmethod 7819 0x00000292d346d290 code [0x00000292d346d520, 0x00000292d346da60]
Event: 9.924 Thread 0x00000292cf44e8e0 7827       3       java.util.regex.Pattern$Begin::match (62 bytes)
Event: 9.924 Thread 0x00000292cf44e8e0 nmethod 7827 0x00000292d346dc90 code [0x00000292d346de60, 0x00000292d346e190]
Event: 9.924 Thread 0x00000292cf44e8e0 7828       3       java.util.regex.Pattern$Dollar::match (209 bytes)
Event: 9.925 Thread 0x00000292cf44e8e0 nmethod 7828 0x00000292d346e310 code [0x00000292d346e5a0, 0x00000292d346f248]
Event: 9.926 Thread 0x00000292cf44e8e0 7829       2       org.lombokweb.asm.MethodVisitor::visitEnd (15 bytes)
Event: 9.927 Thread 0x00000292cf44e8e0 nmethod 7829 0x00000292d346f510 code [0x00000292d346f6c0, 0x00000292d346f800]
Event: 9.927 Thread 0x00000292cf44e8e0 7830       2       org.lombokweb.asm.MethodVisitor::visitCode (15 bytes)
Event: 9.927 Thread 0x00000292cf44e8e0 nmethod 7830 0x00000292d346f890 code [0x00000292d346fa40, 0x00000292d346fb80]
Event: 9.927 Thread 0x00000292cf44e8e0 7831       2       org.lombokweb.asm.MethodVisitor::visitMaxs (17 bytes)
Event: 9.929 Thread 0x00000292cf44e8e0 nmethod 7831 0x00000292d346fc10 code [0x00000292d346fdc0, 0x00000292d346ff00]
Event: 9.931 Thread 0x00000292cf44e8e0 7833       3       java.util.regex.Pattern$Loop::match (196 bytes)
Event: 9.932 Thread 0x00000292cf44e8e0 nmethod 7833 0x00000292d346ff90 code [0x00000292d3470200, 0x00000292d3470af0]
Event: 9.932 Thread 0x00000292cf44e8e0 7834       3       java.util.regex.IntHashSet::contains (44 bytes)
Event: 9.932 Thread 0x00000292cf44e8e0 nmethod 7834 0x00000292d3470f10 code [0x00000292d34710c0, 0x00000292d3471368]
Event: 9.936 Thread 0x00000292cf44e8e0 7836       2       org.lombokweb.asm.MethodWriter::visitLdcInsn (215 bytes)
Event: 9.938 Thread 0x00000292cf44e8e0 nmethod 7836 0x00000292d3471510 code [0x00000292d3471720, 0x00000292d3471ba0]
Event: 10.014 Thread 0x00000292cf44e8e0 7838       2       org.eclipse.jdt.internal.compiler.parser.Parser::consumeZeroTypeAnnotations (87 bytes)
Event: 10.015 Thread 0x00000292cf44e8e0 nmethod 7838 0x00000292d3471f10 code [0x00000292d34720e0, 0x00000292d34724d0]

GC Heap History (20 events):
Event: 9.798 GC heap before
{Heap before GC invocations=64 (full 2):
 PSYoungGen      total 12800K, used 12415K [0x00000000d5580000, 0x00000000d6480000, 0x0000000100000000)
  eden space 10240K, 100% used [0x00000000d5580000,0x00000000d5f80000,0x00000000d5f80000)
  from space 2560K, 84% used [0x00000000d5f80000,0x00000000d619fe18,0x00000000d6200000)
  to   space 2560K, 0% used [0x00000000d6200000,0x00000000d6200000,0x00000000d6480000)
 ParOldGen       total 136704K, used 136553K [0x0000000080000000, 0x0000000088580000, 0x00000000d5580000)
  object space 136704K, 99% used [0x0000000080000000,0x000000008855a438,0x0000000088580000)
 Metaspace       used 54060K, committed 55424K, reserved 1114112K
  class space    used 5871K, committed 6464K, reserved 1048576K
}
Event: 9.801 GC heap after
{Heap after GC invocations=64 (full 2):
 PSYoungGen      total 12800K, used 1975K [0x00000000d5580000, 0x00000000d6480000, 0x0000000100000000)
  eden space 10240K, 0% used [0x00000000d5580000,0x00000000d5580000,0x00000000d5f80000)
  from space 2560K, 77% used [0x00000000d6200000,0x00000000d63edf78,0x00000000d6480000)
  to   space 2560K, 0% used [0x00000000d5f80000,0x00000000d5f80000,0x00000000d6200000)
 ParOldGen       total 138752K, used 138535K [0x0000000080000000, 0x0000000088780000, 0x00000000d5580000)
  object space 138752K, 99% used [0x0000000080000000,0x0000000088749cd8,0x0000000088780000)
 Metaspace       used 54060K, committed 55424K, reserved 1114112K
  class space    used 5871K, committed 6464K, reserved 1048576K
}
Event: 9.832 GC heap before
{Heap before GC invocations=65 (full 2):
 PSYoungGen      total 12800K, used 12215K [0x00000000d5580000, 0x00000000d6480000, 0x0000000100000000)
  eden space 10240K, 100% used [0x00000000d5580000,0x00000000d5f80000,0x00000000d5f80000)
  from space 2560K, 77% used [0x00000000d6200000,0x00000000d63edf78,0x00000000d6480000)
  to   space 2560K, 0% used [0x00000000d5f80000,0x00000000d5f80000,0x00000000d6200000)
 ParOldGen       total 138752K, used 138535K [0x0000000080000000, 0x0000000088780000, 0x00000000d5580000)
  object space 138752K, 99% used [0x0000000080000000,0x0000000088749cd8,0x0000000088780000)
 Metaspace       used 54231K, committed 55616K, reserved 1114112K
  class space    used 5885K, committed 6464K, reserved 1048576K
}
Event: 9.835 GC heap after
{Heap after GC invocations=65 (full 2):
 PSYoungGen      total 12800K, used 2542K [0x00000000d5580000, 0x00000000d6980000, 0x0000000100000000)
  eden space 10240K, 0% used [0x00000000d5580000,0x00000000d5580000,0x00000000d5f80000)
  from space 2560K, 99% used [0x00000000d5f80000,0x00000000d61fbab0,0x00000000d6200000)
  to   space 5120K, 0% used [0x00000000d6480000,0x00000000d6480000,0x00000000d6980000)
 ParOldGen       total 140800K, used 140365K [0x0000000080000000, 0x0000000088980000, 0x00000000d5580000)
  object space 140800K, 99% used [0x0000000080000000,0x00000000889136b8,0x0000000088980000)
 Metaspace       used 54231K, committed 55616K, reserved 1114112K
  class space    used 5885K, committed 6464K, reserved 1048576K
}
Event: 9.855 GC heap before
{Heap before GC invocations=66 (full 2):
 PSYoungGen      total 12800K, used 12782K [0x00000000d5580000, 0x00000000d6980000, 0x0000000100000000)
  eden space 10240K, 100% used [0x00000000d5580000,0x00000000d5f80000,0x00000000d5f80000)
  from space 2560K, 99% used [0x00000000d5f80000,0x00000000d61fbab0,0x00000000d6200000)
  to   space 5120K, 0% used [0x00000000d6480000,0x00000000d6480000,0x00000000d6980000)
 ParOldGen       total 140800K, used 140365K [0x0000000080000000, 0x0000000088980000, 0x00000000d5580000)
  object space 140800K, 99% used [0x0000000080000000,0x00000000889136b8,0x0000000088980000)
 Metaspace       used 54241K, committed 55616K, reserved 1114112K
  class space    used 5885K, committed 6464K, reserved 1048576K
}
Event: 9.858 GC heap after
{Heap after GC invocations=66 (full 2):
 PSYoungGen      total 12288K, used 1971K [0x00000000d5580000, 0x00000000d6680000, 0x0000000100000000)
  eden space 10240K, 0% used [0x00000000d5580000,0x00000000d5580000,0x00000000d5f80000)
  from space 2048K, 96% used [0x00000000d6480000,0x00000000d666cf90,0x00000000d6680000)
  to   space 3072K, 0% used [0x00000000d6080000,0x00000000d6080000,0x00000000d6380000)
 ParOldGen       total 142848K, used 142434K [0x0000000080000000, 0x0000000088b80000, 0x00000000d5580000)
  object space 142848K, 99% used [0x0000000080000000,0x0000000088b18b10,0x0000000088b80000)
 Metaspace       used 54241K, committed 55616K, reserved 1114112K
  class space    used 5885K, committed 6464K, reserved 1048576K
}
Event: 9.873 GC heap before
{Heap before GC invocations=67 (full 2):
 PSYoungGen      total 12288K, used 12211K [0x00000000d5580000, 0x00000000d6680000, 0x0000000100000000)
  eden space 10240K, 100% used [0x00000000d5580000,0x00000000d5f80000,0x00000000d5f80000)
  from space 2048K, 96% used [0x00000000d6480000,0x00000000d666cf90,0x00000000d6680000)
  to   space 3072K, 0% used [0x00000000d6080000,0x00000000d6080000,0x00000000d6380000)
 ParOldGen       total 142848K, used 142434K [0x0000000080000000, 0x0000000088b80000, 0x00000000d5580000)
  object space 142848K, 99% used [0x0000000080000000,0x0000000088b18b10,0x0000000088b80000)
 Metaspace       used 54262K, committed 55616K, reserved 1114112K
  class space    used 5885K, committed 6464K, reserved 1048576K
}
Event: 9.875 GC heap after
{Heap after GC invocations=67 (full 2):
 PSYoungGen      total 12800K, used 2201K [0x00000000d5580000, 0x00000000d6500000, 0x0000000100000000)
  eden space 10240K, 0% used [0x00000000d5580000,0x00000000d5580000,0x00000000d5f80000)
  from space 2560K, 85% used [0x00000000d6080000,0x00000000d62a6508,0x00000000d6300000)
  to   space 2048K, 0% used [0x00000000d6300000,0x00000000d6300000,0x00000000d6500000)
 ParOldGen       total 143872K, used 143420K [0x0000000080000000, 0x0000000088c80000, 0x00000000d5580000)
  object space 143872K, 99% used [0x0000000080000000,0x0000000088c0f138,0x0000000088c80000)
 Metaspace       used 54262K, committed 55616K, reserved 1114112K
  class space    used 5885K, committed 6464K, reserved 1048576K
}
Event: 9.894 GC heap before
{Heap before GC invocations=68 (full 2):
 PSYoungGen      total 12800K, used 12319K [0x00000000d5580000, 0x00000000d6500000, 0x0000000100000000)
  eden space 10240K, 98% used [0x00000000d5580000,0x00000000d5f617b0,0x00000000d5f80000)
  from space 2560K, 85% used [0x00000000d6080000,0x00000000d62a6508,0x00000000d6300000)
  to   space 2048K, 0% used [0x00000000d6300000,0x00000000d6300000,0x00000000d6500000)
 ParOldGen       total 143872K, used 143420K [0x0000000080000000, 0x0000000088c80000, 0x00000000d5580000)
  object space 143872K, 99% used [0x0000000080000000,0x0000000088c0f138,0x0000000088c80000)
 Metaspace       used 54262K, committed 55616K, reserved 1114112K
  class space    used 5885K, committed 6464K, reserved 1048576K
}
Event: 9.896 GC heap after
{Heap after GC invocations=68 (full 2):
 PSYoungGen      total 12288K, used 2037K [0x00000000d5580000, 0x00000000d6680000, 0x0000000100000000)
  eden space 10240K, 0% used [0x00000000d5580000,0x00000000d5580000,0x00000000d5f80000)
  from space 2048K, 99% used [0x00000000d6300000,0x00000000d64fd7a0,0x00000000d6500000)
  to   space 3584K, 0% used [0x00000000d5f80000,0x00000000d5f80000,0x00000000d6300000)
 ParOldGen       total 144896K, used 144728K [0x0000000080000000, 0x0000000088d80000, 0x00000000d5580000)
  object space 144896K, 99% used [0x0000000080000000,0x0000000088d56088,0x0000000088d80000)
 Metaspace       used 54262K, committed 55616K, reserved 1114112K
  class space    used 5885K, committed 6464K, reserved 1048576K
}
Event: 9.910 GC heap before
{Heap before GC invocations=69 (full 2):
 PSYoungGen      total 12288K, used 12277K [0x00000000d5580000, 0x00000000d6680000, 0x0000000100000000)
  eden space 10240K, 100% used [0x00000000d5580000,0x00000000d5f80000,0x00000000d5f80000)
  from space 2048K, 99% used [0x00000000d6300000,0x00000000d64fd7a0,0x00000000d6500000)
  to   space 3584K, 0% used [0x00000000d5f80000,0x00000000d5f80000,0x00000000d6300000)
 ParOldGen       total 144896K, used 144728K [0x0000000080000000, 0x0000000088d80000, 0x00000000d5580000)
  object space 144896K, 99% used [0x0000000080000000,0x0000000088d56088,0x0000000088d80000)
 Metaspace       used 54262K, committed 55616K, reserved 1114112K
  class space    used 5885K, committed 6464K, reserved 1048576K
}
Event: 9.913 GC heap after
{Heap after GC invocations=69 (full 2):
 PSYoungGen      total 12288K, used 1840K [0x00000000d5580000, 0x00000000d6480000, 0x0000000100000000)
  eden space 10240K, 0% used [0x00000000d5580000,0x00000000d5580000,0x00000000d5f80000)
  from space 2048K, 89% used [0x00000000d5f80000,0x00000000d614c368,0x00000000d6180000)
  to   space 2560K, 0% used [0x00000000d6200000,0x00000000d6200000,0x00000000d6480000)
 ParOldGen       total 146944K, used 146436K [0x0000000080000000, 0x0000000088f80000, 0x00000000d5580000)
  object space 146944K, 99% used [0x0000000080000000,0x0000000088f011f0,0x0000000088f80000)
 Metaspace       used 54262K, committed 55616K, reserved 1114112K
  class space    used 5885K, committed 6464K, reserved 1048576K
}
Event: 9.927 GC heap before
{Heap before GC invocations=70 (full 2):
 PSYoungGen      total 12288K, used 12080K [0x00000000d5580000, 0x00000000d6480000, 0x0000000100000000)
  eden space 10240K, 100% used [0x00000000d5580000,0x00000000d5f80000,0x00000000d5f80000)
  from space 2048K, 89% used [0x00000000d5f80000,0x00000000d614c368,0x00000000d6180000)
  to   space 2560K, 0% used [0x00000000d6200000,0x00000000d6200000,0x00000000d6480000)
 ParOldGen       total 146944K, used 146436K [0x0000000080000000, 0x0000000088f80000, 0x00000000d5580000)
  object space 146944K, 99% used [0x0000000080000000,0x0000000088f011f0,0x0000000088f80000)
 Metaspace       used 54262K, committed 55616K, reserved 1114112K
  class space    used 5885K, committed 6464K, reserved 1048576K
}
Event: 9.929 GC heap after
{Heap after GC invocations=70 (full 2):
 PSYoungGen      total 12288K, used 1672K [0x00000000d5580000, 0x00000000d6400000, 0x0000000100000000)
  eden space 10240K, 0% used [0x00000000d5580000,0x00000000d5580000,0x00000000d5f80000)
  from space 2048K, 81% used [0x00000000d6200000,0x00000000d63a20a8,0x00000000d6400000)
  to   space 2048K, 0% used [0x00000000d5f80000,0x00000000d5f80000,0x00000000d6180000)
 ParOldGen       total 147456K, used 147322K [0x0000000080000000, 0x0000000089000000, 0x00000000d5580000)
  object space 147456K, 99% used [0x0000000080000000,0x0000000088fde928,0x0000000089000000)
 Metaspace       used 54262K, committed 55616K, reserved 1114112K
  class space    used 5885K, committed 6464K, reserved 1048576K
}
Event: 9.958 GC heap before
{Heap before GC invocations=71 (full 2):
 PSYoungGen      total 12288K, used 11912K [0x00000000d5580000, 0x00000000d6400000, 0x0000000100000000)
  eden space 10240K, 100% used [0x00000000d5580000,0x00000000d5f80000,0x00000000d5f80000)
  from space 2048K, 81% used [0x00000000d6200000,0x00000000d63a20a8,0x00000000d6400000)
  to   space 2048K, 0% used [0x00000000d5f80000,0x00000000d5f80000,0x00000000d6180000)
 ParOldGen       total 147456K, used 147322K [0x0000000080000000, 0x0000000089000000, 0x00000000d5580000)
  object space 147456K, 99% used [0x0000000080000000,0x0000000088fde928,0x0000000089000000)
 Metaspace       used 54579K, committed 55936K, reserved 1114112K
  class space    used 5904K, committed 6464K, reserved 1048576K
}
Event: 9.960 GC heap after
{Heap after GC invocations=71 (full 2):
 PSYoungGen      total 12288K, used 1591K [0x00000000d5580000, 0x00000000d6380000, 0x0000000100000000)
  eden space 10240K, 0% used [0x00000000d5580000,0x00000000d5580000,0x00000000d5f80000)
  from space 2048K, 77% used [0x00000000d5f80000,0x00000000d610de48,0x00000000d6180000)
  to   space 2048K, 0% used [0x00000000d6180000,0x00000000d6180000,0x00000000d6380000)
 ParOldGen       total 148480K, used 148006K [0x0000000080000000, 0x0000000089100000, 0x00000000d5580000)
  object space 148480K, 99% used [0x0000000080000000,0x0000000089089a78,0x0000000089100000)
 Metaspace       used 54579K, committed 55936K, reserved 1114112K
  class space    used 5904K, committed 6464K, reserved 1048576K
}
Event: 9.991 GC heap before
{Heap before GC invocations=72 (full 2):
 PSYoungGen      total 12288K, used 11831K [0x00000000d5580000, 0x00000000d6380000, 0x0000000100000000)
  eden space 10240K, 100% used [0x00000000d5580000,0x00000000d5f80000,0x00000000d5f80000)
  from space 2048K, 77% used [0x00000000d5f80000,0x00000000d610de48,0x00000000d6180000)
  to   space 2048K, 0% used [0x00000000d6180000,0x00000000d6180000,0x00000000d6380000)
 ParOldGen       total 148480K, used 148006K [0x0000000080000000, 0x0000000089100000, 0x00000000d5580000)
  object space 148480K, 99% used [0x0000000080000000,0x0000000089089a78,0x0000000089100000)
 Metaspace       used 55038K, committed 56384K, reserved 1114112K
  class space    used 5949K, committed 6528K, reserved 1048576K
}
Event: 9.994 GC heap after
{Heap after GC invocations=72 (full 2):
 PSYoungGen      total 12288K, used 1867K [0x00000000d5580000, 0x00000000d6380000, 0x0000000100000000)
  eden space 10240K, 0% used [0x00000000d5580000,0x00000000d5580000,0x00000000d5f80000)
  from space 2048K, 91% used [0x00000000d6180000,0x00000000d6352d80,0x00000000d6380000)
  to   space 2048K, 0% used [0x00000000d5f80000,0x00000000d5f80000,0x00000000d6180000)
 ParOldGen       total 149504K, used 149413K [0x0000000080000000, 0x0000000089200000, 0x00000000d5580000)
  object space 149504K, 99% used [0x0000000080000000,0x00000000891e9670,0x0000000089200000)
 Metaspace       used 55038K, committed 56384K, reserved 1114112K
  class space    used 5949K, committed 6528K, reserved 1048576K
}
Event: 10.015 GC heap before
{Heap before GC invocations=73 (full 2):
 PSYoungGen      total 12288K, used 12107K [0x00000000d5580000, 0x00000000d6380000, 0x0000000100000000)
  eden space 10240K, 100% used [0x00000000d5580000,0x00000000d5f80000,0x00000000d5f80000)
  from space 2048K, 91% used [0x00000000d6180000,0x00000000d6352d80,0x00000000d6380000)
  to   space 2048K, 0% used [0x00000000d5f80000,0x00000000d5f80000,0x00000000d6180000)
 ParOldGen       total 149504K, used 149413K [0x0000000080000000, 0x0000000089200000, 0x00000000d5580000)
  object space 149504K, 99% used [0x0000000080000000,0x00000000891e9670,0x0000000089200000)
 Metaspace       used 55267K, committed 56640K, reserved 1114112K
  class space    used 5972K, committed 6592K, reserved 1048576K
}
Event: 11.155 GC heap after
{Heap after GC invocations=73 (full 2):
 PSYoungGen      total 12288K, used 2044K [0x00000000d5580000, 0x00000000d6980000, 0x0000000100000000)
  eden space 10240K, 0% used [0x00000000d5580000,0x00000000d5580000,0x00000000d5f80000)
  from space 2048K, 99% used [0x00000000d5f80000,0x00000000d617f168,0x00000000d6180000)
  to   space 4096K, 0% used [0x00000000d6580000,0x00000000d6580000,0x00000000d6980000)
 ParOldGen       total 151552K, used 151073K [0x0000000080000000, 0x0000000089400000, 0x00000000d5580000)
  object space 151552K, 99% used [0x0000000080000000,0x0000000089388538,0x0000000089400000)
 Metaspace       used 55267K, committed 56640K, reserved 1114112K
  class space    used 5972K, committed 6592K, reserved 1048576K
}

Dll operation events (10 events):
Event: 0.012 Loaded shared library c:\Users\lenov\.vscode\extensions\redhat.java-1.52.0-win32-x64\jre\21.0.9-win32-x86_64\bin\java.dll
Event: 0.079 Loaded shared library c:\Users\lenov\.vscode\extensions\redhat.java-1.52.0-win32-x64\jre\21.0.9-win32-x86_64\bin\zip.dll
Event: 0.101 Loaded shared library C:\Users\lenov\.vscode\extensions\redhat.java-1.52.0-win32-x64\jre\21.0.9-win32-x86_64\bin\instrument.dll
Event: 0.110 Loaded shared library C:\Users\lenov\.vscode\extensions\redhat.java-1.52.0-win32-x64\jre\21.0.9-win32-x86_64\bin\net.dll
Event: 0.112 Loaded shared library C:\Users\lenov\.vscode\extensions\redhat.java-1.52.0-win32-x64\jre\21.0.9-win32-x86_64\bin\nio.dll
Event: 0.115 Loaded shared library C:\Users\lenov\.vscode\extensions\redhat.java-1.52.0-win32-x64\jre\21.0.9-win32-x86_64\bin\zip.dll
Event: 0.133 Loaded shared library C:\Users\lenov\.vscode\extensions\redhat.java-1.52.0-win32-x64\jre\21.0.9-win32-x86_64\bin\jimage.dll
Event: 0.268 Loaded shared library c:\Users\lenov\.vscode\extensions\redhat.java-1.52.0-win32-x64\jre\21.0.9-win32-x86_64\bin\verify.dll
Event: 1.846 Loaded shared library C:\Users\lenov\AppData\Roaming\Code\User\globalStorage\redhat.java\1.52.0\config_win\org.eclipse.equinox.launcher\org.eclipse.equinox.launcher.win32.win32.x86_64_1.2.1500.v20260121-1430\eclipse_11919.dll
Event: 3.977 Loaded shared library C:\Users\lenov\AppData\Local\Temp\jna-2647\jna146334847270304858.dll

Deoptimization events (20 events):
Event: 9.867 Thread 0x00000292ed3447b0 DEOPT PACKING pc=0x00000292da279f5c sp=0x0000009bd72fa2d0
Event: 9.867 Thread 0x00000292ed3447b0 DEOPT UNPACKING pc=0x00000292d9b13aa2 sp=0x0000009bd72fa278 mode 2
Event: 9.867 Thread 0x00000292ed3447b0 Uncommon trap: trap_request=0xffffffde fr.pc=0x00000292da279f5c relative=0x000000000000841c
Event: 9.867 Thread 0x00000292ed3447b0 Uncommon trap: reason=class_check action=maybe_recompile pc=0x00000292da279f5c method=lombok.patcher.PatchScript$MethodPatcher.visitMethod(ILjava/lang/String;Ljava/lang/String;Ljava/lang/String;[Ljava/lang/String;)Lorg/lombokweb/asm/MethodVisitor; @ 101 c
Event: 9.867 Thread 0x00000292ed3447b0 DEOPT PACKING pc=0x00000292da279f5c sp=0x0000009bd72fa2d0
Event: 9.867 Thread 0x00000292ed3447b0 DEOPT UNPACKING pc=0x00000292d9b13aa2 sp=0x0000009bd72fa278 mode 2
Event: 9.878 Thread 0x00000292ed3454d0 DEOPT PACKING pc=0x00000292d2f91474 sp=0x0000009bd73fe9a0
Event: 9.878 Thread 0x00000292ed3454d0 DEOPT UNPACKING pc=0x00000292d9b14242 sp=0x0000009bd73fde18 mode 0
Event: 9.906 Thread 0x00000292ed3454d0 DEOPT PACKING pc=0x00000292d2f91474 sp=0x0000009bd73feac0
Event: 9.906 Thread 0x00000292ed3454d0 DEOPT UNPACKING pc=0x00000292d9b14242 sp=0x0000009bd73fdf50 mode 0
Event: 9.941 Thread 0x00000292ed3454d0 DEOPT PACKING pc=0x00000292d2f91474 sp=0x0000009bd73feac0
Event: 9.941 Thread 0x00000292ed3454d0 DEOPT UNPACKING pc=0x00000292d9b14242 sp=0x0000009bd73fdf50 mode 0
Event: 9.961 Thread 0x00000292ed3454d0 DEOPT PACKING pc=0x00000292d2f91474 sp=0x0000009bd73fe9a0
Event: 9.961 Thread 0x00000292ed3454d0 DEOPT UNPACKING pc=0x00000292d9b14242 sp=0x0000009bd73fde18 mode 0
Event: 9.974 Thread 0x00000292ed3447b0 DEOPT PACKING pc=0x00000292d315d43c sp=0x0000009bd72f71a0
Event: 9.974 Thread 0x00000292ed3447b0 DEOPT UNPACKING pc=0x00000292d9b14242 sp=0x0000009bd72f66c0 mode 0
Event: 9.977 Thread 0x00000292ed3454d0 DEOPT PACKING pc=0x00000292d2f91474 sp=0x0000009bd73feac0
Event: 9.977 Thread 0x00000292ed3454d0 DEOPT UNPACKING pc=0x00000292d9b14242 sp=0x0000009bd73fdf50 mode 0
Event: 10.006 Thread 0x00000292ed3454d0 DEOPT PACKING pc=0x00000292d2f91474 sp=0x0000009bd73fe9a0
Event: 10.006 Thread 0x00000292ed3454d0 DEOPT UNPACKING pc=0x00000292d9b14242 sp=0x0000009bd73fde18 mode 0

Classes loaded (20 events):
Event: 7.574 Loading class java/nio/channels/ServerSocketChannel
Event: 7.574 Loading class java/nio/channels/ServerSocketChannel done
Event: 7.803 Loading class jdk/internal/org/objectweb/asm/ClassReader
Event: 7.805 Loading class jdk/internal/org/objectweb/asm/ClassReader done
Event: 8.149 Loading class java/lang/ProcessEnvironment$CheckedKeySet
Event: 8.149 Loading class java/lang/ProcessEnvironment$CheckedKeySet done
Event: 8.398 Loading class java/util/regex/Pattern$Pos
Event: 8.399 Loading class java/util/regex/Pattern$Pos done
Event: 8.423 Loading class sun/security/provider/MD5
Event: 8.424 Loading class sun/security/provider/MD5 done
Event: 8.424 Loading class sun/security/provider/ByteArrayAccess$LE
Event: 8.424 Loading class sun/security/provider/ByteArrayAccess$LE done
Event: 8.426 Loading class java/util/concurrent/ForkJoinTask$AdaptedCallable
Event: 8.426 Loading class java/util/concurrent/ForkJoinTask$AdaptedCallable done
Event: 8.926 Loading class java/util/Vector$1
Event: 8.927 Loading class java/util/Vector$1 done
Event: 9.311 Loading class java/util/regex/Pattern$Caret
Event: 9.312 Loading class java/util/regex/Pattern$Caret done
Event: 9.779 Loading class java/util/WeakHashMap$KeyIterator
Event: 9.779 Loading class java/util/WeakHashMap$KeyIterator done

Classes unloaded (7 events):
Event: 4.619 Thread 0x00000292cf42f810 Unloading class 0x00000292811ab400 'java/lang/invoke/LambdaForm$MH+0x00000292811ab400'
Event: 4.619 Thread 0x00000292cf42f810 Unloading class 0x00000292811ab000 'java/lang/invoke/LambdaForm$MH+0x00000292811ab000'
Event: 4.619 Thread 0x00000292cf42f810 Unloading class 0x00000292811aac00 'java/lang/invoke/LambdaForm$MH+0x00000292811aac00'
Event: 4.619 Thread 0x00000292cf42f810 Unloading class 0x00000292811aa800 'java/lang/invoke/LambdaForm$MH+0x00000292811aa800'
Event: 4.619 Thread 0x00000292cf42f810 Unloading class 0x00000292811aa400 'java/lang/invoke/LambdaForm$BMH+0x00000292811aa400'
Event: 4.619 Thread 0x00000292cf42f810 Unloading class 0x00000292811aa000 'java/lang/invoke/LambdaForm$DMH+0x00000292811aa000'
Event: 4.619 Thread 0x00000292cf42f810 Unloading class 0x00000292811a8c00 'java/lang/invoke/LambdaForm$DMH+0x00000292811a8c00'

Classes redefined (0 events):
No events

Internal exceptions (20 events):
Event: 6.989 Thread 0x00000292edf31a30 Exception <a 'java/io/FileNotFoundException'{0x00000000d5edc008}> (0x00000000d5edc008) 
thrown [s\src\hotspot\share\prims\jni.cpp, line 520]
Event: 7.029 Thread 0x00000292edf31a30 Exception <a 'java/lang/NoSuchMethodError'{0x00000000d6a544f0}: 'java.lang.Object java.lang.invoke.DirectMethodHandle$Holder.invokeStatic(java.lang.Object, int, java.lang.Object, java.lang.Object)'> (0x00000000d6a544f0) 
thrown [s\src\hotspot\share\interpreter\linkResolver.cpp, line 773]
Event: 7.030 Thread 0x00000292edf31a30 Exception <a 'java/lang/NoSuchMethodError'{0x00000000d6a57cf0}: 'java.lang.Object java.lang.invoke.DelegatingMethodHandle$Holder.delegate(java.lang.Object, int, java.lang.Object, java.lang.Object)'> (0x00000000d6a57cf0) 
thrown [s\src\hotspot\share\interpreter\linkResolver.cpp, line 773]
Event: 7.037 Thread 0x00000292edf31a30 Exception <a 'java/lang/NoSuchMethodError'{0x00000000d562d5c8}: 'int java.lang.invoke.Invokers$Holder.linkToTargetMethod(java.lang.Object, java.lang.Object, java.lang.Object)'> (0x00000000d562d5c8) 
thrown [s\src\hotspot\share\interpreter\linkResolver.cpp, line 773]
Event: 7.474 Thread 0x00000292ed3454d0 Implicit null exception at 0x00000292da1b6069 to 0x00000292da1b623c
Event: 7.786 Thread 0x00000292ed3475a0 Exception <a 'java/lang/ExceptionInInitializerError'{0x00000000d5f875d0}> (0x00000000d5f875d0) 
thrown [s\src\hotspot\share\oops\instanceKlass.cpp, line 1220]
Event: 7.806 Thread 0x00000292ed3475a0 Implicit null exception at 0x00000292da19eefe to 0x00000292da19f170
Event: 7.806 Thread 0x00000292ed3475a0 Implicit null exception at 0x00000292da11361c to 0x00000292da114538
Event: 7.809 Thread 0x00000292ed3475a0 Exception <a 'java/lang/NoSuchMethodError'{0x00000000d6473690}: 'java.lang.Object java.lang.invoke.Invokers$Holder.invokeExact_MT(java.lang.Object, int, java.lang.Object)'> (0x00000000d6473690) 
thrown [s\src\hotspot\share\interpreter\linkResolver.cpp, line 773]
Event: 8.132 Thread 0x00000292ed3475a0 Exception <a 'java/lang/NoClassDefFoundError'{0x00000000d5922978}: com/google/inject/servlet/ServletModuleTargetVisitor> (0x00000000d5922978) 
thrown [s\src\hotspot\share\classfile\systemDictionary.cpp, line 301]
Event: 8.367 Thread 0x00000292edf31a30 Exception <a 'java/lang/IncompatibleClassChangeError'{0x00000000d5934420}: Found class java.lang.Object, but interface was expected> (0x00000000d5934420) 
thrown [s\src\hotspot\share\interpreter\linkResolver.cpp, line 840]
Event: 8.424 Thread 0x00000292ed3447b0 Exception <a 'sun/nio/fs/WindowsException'{0x00000000d61ef9d0}> (0x00000000d61ef9d0) 
thrown [s\src\hotspot\share\prims\jni.cpp, line 520]
Event: 8.428 Thread 0x00000292edf34190 Exception <a 'sun/nio/fs/WindowsException'{0x00000000d62c4088}> (0x00000000d62c4088) 
thrown [s\src\hotspot\share\prims\jni.cpp, line 520]
Event: 8.430 Thread 0x00000292edf34eb0 Exception <a 'sun/nio/fs/WindowsException'{0x00000000d62e05d8}> (0x00000000d62e05d8) 
thrown [s\src\hotspot\share\prims\jni.cpp, line 520]
Event: 8.432 Thread 0x00000292efd2e870 Exception <a 'sun/nio/fs/WindowsException'{0x00000000d636fda8}> (0x00000000d636fda8) 
thrown [s\src\hotspot\share\prims\jni.cpp, line 520]
Event: 9.773 Thread 0x00000292ed344120 Exception <a 'sun/nio/fs/WindowsException'{0x00000000d589b758}> (0x00000000d589b758) 
thrown [s\src\hotspot\share\prims\jni.cpp, line 520]
Event: 9.773 Thread 0x00000292ed344120 Exception <a 'sun/nio/fs/WindowsException'{0x00000000d58d9fa0}> (0x00000000d58d9fa0) 
thrown [s\src\hotspot\share\prims\jni.cpp, line 520]
Event: 9.783 Thread 0x00000292ed344120 Exception <a 'java/io/FileNotFoundException'{0x00000000d5aa55a8}> (0x00000000d5aa55a8) 
thrown [s\src\hotspot\share\prims\jni.cpp, line 520]
Event: 9.784 Thread 0x00000292ed344120 Exception <a 'java/io/FileNotFoundException'{0x00000000d5afc8e0}> (0x00000000d5afc8e0) 
thrown [s\src\hotspot\share\prims\jni.cpp, line 520]
Event: 9.784 Thread 0x00000292ed344120 Exception <a 'java/io/FileNotFoundException'{0x00000000d5b2a7b0}> (0x00000000d5b2a7b0) 
thrown [s\src\hotspot\share\prims\jni.cpp, line 520]

ZGC Phase Switch (0 events):
No events

VM Operations (20 events):
Event: 9.765 Executing VM operation: ParallelGCFailedAllocation (Allocation Failure) done
Event: 9.798 Executing VM operation: ParallelGCFailedAllocation (Allocation Failure)
Event: 9.801 Executing VM operation: ParallelGCFailedAllocation (Allocation Failure) done
Event: 9.832 Executing VM operation: ParallelGCFailedAllocation (Allocation Failure)
Event: 9.835 Executing VM operation: ParallelGCFailedAllocation (Allocation Failure) done
Event: 9.854 Executing VM operation: ParallelGCFailedAllocation (Allocation Failure)
Event: 9.858 Executing VM operation: ParallelGCFailedAllocation (Allocation Failure) done
Event: 9.873 Executing VM operation: ParallelGCFailedAllocation (Allocation Failure)
Event: 9.875 Executing VM operation: ParallelGCFailedAllocation (Allocation Failure) done
Event: 9.894 Executing VM operation: ParallelGCFailedAllocation (Allocation Failure)
Event: 9.896 Executing VM operation: ParallelGCFailedAllocation (Allocation Failure) done
Event: 9.910 Executing VM operation: ParallelGCFailedAllocation (Allocation Failure)
Event: 9.913 Executing VM operation: ParallelGCFailedAllocation (Allocation Failure) done
Event: 9.927 Executing VM operation: ParallelGCFailedAllocation (Allocation Failure)
Event: 9.929 Executing VM operation: ParallelGCFailedAllocation (Allocation Failure) done
Event: 9.958 Executing VM operation: ParallelGCFailedAllocation (Allocation Failure)
Event: 9.960 Executing VM operation: ParallelGCFailedAllocation (Allocation Failure) done
Event: 9.991 Executing VM operation: ParallelGCFailedAllocation (Allocation Failure)
Event: 9.994 Executing VM operation: ParallelGCFailedAllocation (Allocation Failure) done
Event: 10.015 Executing VM operation: ParallelGCFailedAllocation (Allocation Failure)

Memory protections (0 events):
No events

Nmethod flushes (20 events):
Event: 6.207 Thread 0x00000292cf42f810 flushing  nmethod 0x00000292d2bf0290
Event: 6.207 Thread 0x00000292cf42f810 flushing  nmethod 0x00000292d2bf2390
Event: 6.207 Thread 0x00000292cf42f810 flushing  nmethod 0x00000292d2bf2890
Event: 6.207 Thread 0x00000292cf42f810 flushing  nmethod 0x00000292d2bf3a90
Event: 6.207 Thread 0x00000292cf42f810 flushing  nmethod 0x00000292d2bf3e90
Event: 6.207 Thread 0x00000292cf42f810 flushing  nmethod 0x00000292d2bfe090
Event: 6.207 Thread 0x00000292cf42f810 flushing  nmethod 0x00000292d2bfe590
Event: 6.207 Thread 0x00000292cf42f810 flushing  nmethod 0x00000292d2bfea90
Event: 6.207 Thread 0x00000292cf42f810 flushing  nmethod 0x00000292d2c15910
Event: 6.207 Thread 0x00000292cf42f810 flushing  nmethod 0x00000292d2c1bf10
Event: 6.207 Thread 0x00000292cf42f810 flushing  nmethod 0x00000292d2c28a10
Event: 6.207 Thread 0x00000292cf42f810 flushing  nmethod 0x00000292d2c2d790
Event: 6.207 Thread 0x00000292cf42f810 flushing  nmethod 0x00000292d2c30e90
Event: 6.207 Thread 0x00000292cf42f810 flushing  nmethod 0x00000292d2c37490
Event: 6.208 Thread 0x00000292cf42f810 flushing  nmethod 0x00000292d2cb8590
Event: 6.208 Thread 0x00000292cf42f810 flushing  nmethod 0x00000292d2cb8a10
Event: 6.208 Thread 0x00000292cf42f810 flushing  nmethod 0x00000292d2cbe010
Event: 6.208 Thread 0x00000292cf42f810 flushing  nmethod 0x00000292d2cdbe90
Event: 6.208 Thread 0x00000292cf42f810 flushing  nmethod 0x00000292d2cdd190
Event: 6.208 Thread 0x00000292cf42f810 flushing  nmethod 0x00000292d2cfbb90

Events (20 events):
Event: 6.731 Thread 0x00000292cf390060 Thread added: 0x00000292edf31a30
Event: 8.427 Thread 0x00000292ed3447b0 Thread added: 0x00000292edf34190
Event: 8.429 Thread 0x00000292edf34190 Thread added: 0x00000292edf34eb0
Event: 8.430 Thread 0x00000292edf34190 Thread added: 0x00000292edf32750
Event: 8.430 Thread 0x00000292edf34eb0 Thread added: 0x00000292edf32de0
Event: 8.430 Thread 0x00000292edf34eb0 Thread added: 0x00000292edf33470
Event: 8.431 Thread 0x00000292edf34eb0 Thread added: 0x00000292efd2f590
Event: 8.431 Thread 0x00000292edf34eb0 Thread added: 0x00000292efd2e870
Event: 8.431 Thread 0x00000292efd2e870 Thread added: 0x00000292efd2fc20
Event: 8.431 Thread 0x00000292efd2f590 Thread added: 0x00000292efd2d4c0
Event: 8.511 Thread 0x00000292ed3447b0 Thread added: 0x00000292efd2e1e0
Event: 8.512 Thread 0x00000292ed3447b0 Thread added: 0x00000292efd2ef00
Event: 8.512 Thread 0x00000292ed3447b0 Thread added: 0x00000292efd302b0
Event: 8.512 Thread 0x00000292ed3447b0 Thread added: 0x00000292efd2ce30
Event: 8.512 Thread 0x00000292ed3447b0 Thread added: 0x00000292efd30940
Event: 8.512 Thread 0x00000292ed3447b0 Thread added: 0x00000292efd30fd0
Event: 8.512 Thread 0x00000292ed3447b0 Thread added: 0x00000292efd2db50
Event: 8.512 Thread 0x00000292ed3447b0 Thread added: 0x00000292efd32380
Event: 8.513 Thread 0x00000292efd302b0 Thread added: 0x00000292efd33dc0
Event: 8.513 Thread 0x00000292efd2e1e0 Thread added: 0x00000292efd32a10


Dynamic libraries:
0x00007ff7f0fa0000 - 0x00007ff7f0fae000 	c:\Users\lenov\.vscode\extensions\redhat.java-1.52.0-win32-x64\jre\21.0.9-win32-x86_64\bin\java.exe
0x00007ffbf70a0000 - 0x00007ffbf7307000 	C:\WINDOWS\SYSTEM32\ntdll.dll
0x00007ffbf52a0000 - 0x00007ffbf5369000 	C:\WINDOWS\System32\KERNEL32.DLL
0x00007ffbf4360000 - 0x00007ffbf474f000 	C:\WINDOWS\System32\KERNELBASE.dll
0x00007ffbf4760000 - 0x00007ffbf48ab000 	C:\WINDOWS\System32\ucrtbase.dll
0x00007ffbc4710000 - 0x00007ffbc4728000 	c:\Users\lenov\.vscode\extensions\redhat.java-1.52.0-win32-x64\jre\21.0.9-win32-x86_64\bin\jli.dll
0x00007ffbbf450000 - 0x00007ffbbf46e000 	c:\Users\lenov\.vscode\extensions\redhat.java-1.52.0-win32-x64\jre\21.0.9-win32-x86_64\bin\VCRUNTIME140.dll
0x00007ffbf50d0000 - 0x00007ffbf5295000 	C:\WINDOWS\System32\USER32.dll
0x00007ffbf4ad0000 - 0x00007ffbf4af7000 	C:\WINDOWS\System32\win32u.dll
0x00007ffbd9a40000 - 0x00007ffbd9cd3000 	C:\WINDOWS\WinSxS\amd64_microsoft.windows.common-controls_6595b64144ccf1df_6.0.26100.7309_none_3e05feeae336a044\COMCTL32.dll
0x00007ffbf5480000 - 0x00007ffbf54ab000 	C:\WINDOWS\System32\GDI32.dll
0x00007ffbf6d20000 - 0x00007ffbf6dc9000 	C:\WINDOWS\System32\msvcrt.dll
0x00007ffbf4b00000 - 0x00007ffbf4c2c000 	C:\WINDOWS\System32\gdi32full.dll
0x00007ffbf4a20000 - 0x00007ffbf4ac3000 	C:\WINDOWS\System32\msvcp_win.dll
0x00007ffbf6dd0000 - 0x00007ffbf6e01000 	C:\WINDOWS\System32\IMM32.DLL
0x00007ffbd9780000 - 0x00007ffbd978c000 	c:\Users\lenov\.vscode\extensions\redhat.java-1.52.0-win32-x64\jre\21.0.9-win32-x86_64\bin\vcruntime140_1.dll
0x00007ffba58b0000 - 0x00007ffba593d000 	c:\Users\lenov\.vscode\extensions\redhat.java-1.52.0-win32-x64\jre\21.0.9-win32-x86_64\bin\msvcp140.dll
0x00007ffb7fbf0000 - 0x00007ffb80990000 	c:\Users\lenov\.vscode\extensions\redhat.java-1.52.0-win32-x64\jre\21.0.9-win32-x86_64\bin\server\jvm.dll
0x00007ffbf6c40000 - 0x00007ffbf6cf4000 	C:\WINDOWS\System32\ADVAPI32.dll
0x00007ffbf6e10000 - 0x00007ffbf6eb6000 	C:\WINDOWS\System32\sechost.dll
0x00007ffbf6470000 - 0x00007ffbf6588000 	C:\WINDOWS\System32\RPCRT4.dll
0x00007ffbf5370000 - 0x00007ffbf53e4000 	C:\WINDOWS\System32\WS2_32.dll
0x00007ffbe91e0000 - 0x00007ffbe9215000 	C:\WINDOWS\SYSTEM32\WINMM.dll
0x00007ffbf4050000 - 0x00007ffbf40ae000 	C:\WINDOWS\SYSTEM32\POWRPROF.dll
0x00007ffbddc50000 - 0x00007ffbddc5b000 	C:\WINDOWS\SYSTEM32\VERSION.dll
0x00007ffbf4030000 - 0x00007ffbf4044000 	C:\WINDOWS\SYSTEM32\UMPDC.dll
0x00007ffbf2f60000 - 0x00007ffbf2f7b000 	C:\WINDOWS\SYSTEM32\kernel.appcore.dll
0x00007ffbd6b20000 - 0x00007ffbd6b2a000 	c:\Users\lenov\.vscode\extensions\redhat.java-1.52.0-win32-x64\jre\21.0.9-win32-x86_64\bin\jimage.dll
0x00007ffbf1760000 - 0x00007ffbf19a2000 	C:\WINDOWS\SYSTEM32\DBGHELP.DLL
0x00007ffbf5510000 - 0x00007ffbf5896000 	C:\WINDOWS\System32\combase.dll
0x00007ffbf5b50000 - 0x00007ffbf5c26000 	C:\WINDOWS\System32\OLEAUT32.dll
0x00007ffbd8210000 - 0x00007ffbd824c000 	C:\WINDOWS\SYSTEM32\dbgcore.DLL
0x00007ffbf48b0000 - 0x00007ffbf4955000 	C:\WINDOWS\System32\bcryptPrimitives.dll
0x00007ffbce810000 - 0x00007ffbce81f000 	c:\Users\lenov\.vscode\extensions\redhat.java-1.52.0-win32-x64\jre\21.0.9-win32-x86_64\bin\instrument.dll
0x00007ffbbe180000 - 0x00007ffbbe1a0000 	c:\Users\lenov\.vscode\extensions\redhat.java-1.52.0-win32-x64\jre\21.0.9-win32-x86_64\bin\java.dll
0x00007ffbf5cc0000 - 0x00007ffbf6413000 	C:\WINDOWS\System32\SHELL32.dll
0x00007ffbf41f0000 - 0x00007ffbf435a000 	C:\WINDOWS\System32\wintypes.dll
0x00007ffbf1db0000 - 0x00007ffbf260e000 	C:\WINDOWS\SYSTEM32\windows.storage.dll
0x00007ffbf6a40000 - 0x00007ffbf6b35000 	C:\WINDOWS\System32\SHCORE.dll
0x00007ffbf5a10000 - 0x00007ffbf5a76000 	C:\WINDOWS\System32\shlwapi.dll
0x00007ffbf4110000 - 0x00007ffbf4139000 	C:\WINDOWS\SYSTEM32\profapi.dll
0x00007ffbbe160000 - 0x00007ffbbe178000 	c:\Users\lenov\.vscode\extensions\redhat.java-1.52.0-win32-x64\jre\21.0.9-win32-x86_64\bin\zip.dll
0x00007ffbce7f0000 - 0x00007ffbce800000 	C:\Users\lenov\.vscode\extensions\redhat.java-1.52.0-win32-x64\jre\21.0.9-win32-x86_64\bin\net.dll
0x00007ffbe2fa0000 - 0x00007ffbe30c8000 	C:\WINDOWS\SYSTEM32\WINHTTP.dll
0x00007ffbf34b0000 - 0x00007ffbf351b000 	C:\WINDOWS\system32\mswsock.dll
0x00007ffbbe140000 - 0x00007ffbbe156000 	C:\Users\lenov\.vscode\extensions\redhat.java-1.52.0-win32-x64\jre\21.0.9-win32-x86_64\bin\nio.dll
0x00007ffbce5c0000 - 0x00007ffbce5d0000 	c:\Users\lenov\.vscode\extensions\redhat.java-1.52.0-win32-x64\jre\21.0.9-win32-x86_64\bin\verify.dll
0x00007ffbbc9d0000 - 0x00007ffbbca15000 	C:\Users\lenov\AppData\Roaming\Code\User\globalStorage\redhat.java\1.52.0\config_win\org.eclipse.equinox.launcher\org.eclipse.equinox.launcher.win32.win32.x86_64_1.2.1500.v20260121-1430\eclipse_11919.dll
0x00007ffbf6ec0000 - 0x00007ffbf7057000 	C:\WINDOWS\System32\ole32.dll
0x00007ffbf38a0000 - 0x00007ffbf38bb000 	C:\WINDOWS\SYSTEM32\CRYPTSP.dll
0x00007ffbf2ec0000 - 0x00007ffbf2efa000 	C:\WINDOWS\system32\rsaenh.dll
0x00007ffbf3560000 - 0x00007ffbf358b000 	C:\WINDOWS\SYSTEM32\USERENV.dll
0x00007ffbf40e0000 - 0x00007ffbf410a000 	C:\WINDOWS\SYSTEM32\bcrypt.dll
0x00007ffbf3700000 - 0x00007ffbf370c000 	C:\WINDOWS\SYSTEM32\CRYPTBASE.dll
0x00007ffbf2aa0000 - 0x00007ffbf2ad4000 	C:\WINDOWS\SYSTEM32\IPHLPAPI.DLL
0x00007ffbf6a20000 - 0x00007ffbf6a2a000 	C:\WINDOWS\System32\NSI.dll
0x00007ffbbaaf0000 - 0x00007ffbbab39000 	C:\Users\lenov\AppData\Local\Temp\jna-2647\jna146334847270304858.dll
0x00007ffbf6a30000 - 0x00007ffbf6a38000 	C:\WINDOWS\System32\PSAPI.DLL
0x00007ffbead70000 - 0x00007ffbead8e000 	C:\WINDOWS\SYSTEM32\dhcpcsvc6.DLL
0x00007ffbeab00000 - 0x00007ffbeab23000 	C:\WINDOWS\SYSTEM32\dhcpcsvc.DLL

JVMTI agents:
c:\Users\lenov\.vscode\extensions\redhat.java-1.52.0-win32-x64\lombok\lombok-1.18.39-4050.jar path:c:\Users\lenov\.vscode\extensions\redhat.java-1.52.0-win32-x64\jre\21.0.9-win32-x86_64\bin\instrument.dll, loaded, initialized, instrumentlib options:none

dbghelp: loaded successfully - version: 4.0.5 - missing functions: none
symbol engine: initialized successfully - sym options: 0x614 - pdb path: .;c:\Users\lenov\.vscode\extensions\redhat.java-1.52.0-win32-x64\jre\21.0.9-win32-x86_64\bin;C:\WINDOWS\SYSTEM32;C:\WINDOWS\WinSxS\amd64_microsoft.windows.common-controls_6595b64144ccf1df_6.0.26100.7309_none_3e05feeae336a044;c:\Users\lenov\.vscode\extensions\redhat.java-1.52.0-win32-x64\jre\21.0.9-win32-x86_64\bin\server;C:\Users\lenov\AppData\Roaming\Code\User\globalStorage\redhat.java\1.52.0\config_win\org.eclipse.equinox.launcher\org.eclipse.equinox.launcher.win32.win32.x86_64_1.2.1500.v20260121-1430;C:\Users\lenov\AppData\Local\Temp\jna-2647

VM Arguments:
jvm_args: --add-modules=ALL-SYSTEM --add-opens=java.base/java.util=ALL-UNNAMED --add-opens=java.base/java.lang=ALL-UNNAMED --add-opens=java.base/sun.nio.fs=ALL-UNNAMED -Declipse.application=org.eclipse.jdt.ls.core.id1 -Dosgi.bundles.defaultStartLevel=4 -Declipse.product=org.eclipse.jdt.ls.core.product -Djava.import.generatesMetadataFilesAtProjectRoot=false -DDetectVMInstallationsJob.disabled=true -Dfile.encoding=utf8 -XX:+UseParallelGC -XX:GCTimeRatio=4 -XX:AdaptiveSizePolicyWeight=90 -Dsun.zip.disableMemoryMapping=true -Xmx2G -Xms100m -Xlog:disable -javaagent:c:\Users\lenov\.vscode\extensions\redhat.java-1.52.0-win32-x64\lombok\lombok-1.18.39-4050.jar -XX:+HeapDumpOnOutOfMemoryError -XX:HeapDumpPath=c:\Users\lenov\AppData\Roaming\Code\User\workspaceStorage\941b95b32ed1771891e4efbe734da3c9\redhat.java -Daether.dependencyCollector.impl=bf 
java_command: c:\Users\lenov\.vscode\extensions\redhat.java-1.52.0-win32-x64\server\plugins\org.eclipse.equinox.launcher_1.7.100.v20251111-0406.jar -configuration c:\Users\lenov\AppData\Roaming\Code\User\globalStorage\redhat.java\1.52.0\config_win -data c:\Users\lenov\AppData\Roaming\Code\User\workspaceStorage\941b95b32ed1771891e4efbe734da3c9\redhat.java\jdt_ws --pipe=\\.\pipe\lsp-780e22e157d5b61a78a826244c38e317-sock
java_class_path (initial): c:\Users\lenov\.vscode\extensions\redhat.java-1.52.0-win32-x64\server\plugins\org.eclipse.equinox.launcher_1.7.100.v20251111-0406.jar
Launcher Type: SUN_STANDARD

[Global flags]
    uintx AdaptiveSizePolicyWeight                 = 90                                        {product} {command line}
     intx CICompilerCount                          = 4                                         {product} {ergonomic}
    uintx GCTimeRatio                              = 4                                         {product} {command line}
     bool HeapDumpOnOutOfMemoryError               = true                                   {manageable} {command line}
    ccstr HeapDumpPath                             = c:\Users\lenov\AppData\Roaming\Code\User\workspaceStorage\941b95b32ed1771891e4efbe734da3c9\redhat.java         {manageable} {command line}
   size_t InitialHeapSize                          = 104857600                                 {product} {command line}
   size_t MaxHeapSize                              = 2147483648                                {product} {command line}
   size_t MaxNewSize                               = 715653120                                 {product} {ergonomic}
   size_t MinHeapDeltaBytes                        = 524288                                    {product} {ergonomic}
   size_t MinHeapSize                              = 104857600                                 {product} {command line}
   size_t NewSize                                  = 34603008                                  {product} {ergonomic}
    uintx NonNMethodCodeHeapSize                   = 5839372                                {pd product} {ergonomic}
    uintx NonProfiledCodeHeapSize                  = 122909434                              {pd product} {ergonomic}
   size_t OldSize                                  = 70254592                                  {product} {ergonomic}
    uintx ProfiledCodeHeapSize                     = 122909434                              {pd product} {ergonomic}
    uintx ReservedCodeCacheSize                    = 251658240                              {pd product} {ergonomic}
     bool SegmentedCodeCache                       = true                                      {product} {ergonomic}
   size_t SoftMaxHeapSize                          = 2147483648                             {manageable} {ergonomic}
     bool UseCompressedOops                        = true                           {product lp64_product} {ergonomic}
     bool UseLargePagesIndividualAllocation        = false                                  {pd product} {ergonomic}
     bool UseParallelGC                            = true                                      {product} {command line}

Logging:
Log output configuration:
 #0: stdout all=off uptime,level,tags foldmultilines=false
 #1: stderr all=off uptime,level,tags foldmultilines=false

Release file:
JAVA_VERSION="21.0.9" 
MODULES="java.base java.compiler java.datatransfer java.xml java.prefs java.desktop java.instrument java.logging java.management java.security.sasl java.naming java.rmi java.management.rmi java.net.http java.scripting java.security.jgss java.transaction.xa java.sql java.sql.rowset java.xml.crypto java.se java.smartcardio jdk.accessibility jdk.internal.jvmstat jdk.attach jdk.charsets jdk.internal.opt jdk.zipfs jdk.compiler jdk.crypto.ec jdk.crypto.cryptoki jdk.crypto.mscapi jdk.dynalink jdk.internal.ed jdk.editpad jdk.hotspot.agent jdk.httpserver jdk.internal.le jdk.internal.vm.ci jdk.internal.vm.compiler jdk.internal.vm.compiler.management jdk.jartool jdk.javadoc jdk.jcmd jdk.management jdk.management.agent jdk.jconsole jdk.jdeps jdk.jdwp.agent jdk.jdi jdk.jfr jdk.jshell jdk.jsobject jdk.jstatd jdk.localedata jdk.management.jfr jdk.naming.dns jdk.naming.rmi jdk.net jdk.nio.mapmode jdk.random jdk.sctp jdk.security.auth jdk.security.jgss jdk.unsupported jdk.unsupported.desktop jdk.xml.dom" 

Environment Variables:
JAVA_HOME=C:\Program Files\Eclipse Adoptium\jdk-21.0.9.10-hotspot
PATH=C:\Program Files\Eclipse Adoptium\jdk-21.0.9.10-hotspot\bin;C:\SJ\anaconda\envs\ai-agent-env;C:\SJ\anaconda\envs\ai-agent-env\Scripts;C:\Python312\Scripts\;C:\Python312\;C:\WINDOWS\system32;C:\WINDOWS;C:\WINDOWS\System32\Wbem;C:\WINDOWS\System32\WindowsPowerShell\v1.0\;C:\WINDOWS\System32\OpenSSH\;C:\Program Files\nodejs\;C:\ProgramData\chocolatey\bin;C:\Program Files\dotnet\;C:\Program Files\Git\cmd;C:\Program Files\PuTTY\;C:\Users\lenov\anaconda3;C:\Users\lenov\anaconda3\Library\mingw-w64\bin;C:\Users\lenov\anaconda3\Library\usr\bin;C:\Users\lenov\anaconda3\Library\bin;C:\Users\lenov\AppData\Local\Microsoft\WindowsApps;C:\Users\lenov\AppData\Local\Programs\Microsoft VS Code\bin;C:\Users\lenov\AppData\Roaming\npm;C:\Users\lenov\.dotnet\tools;C:\SJ\LATEX\Miktex\miktex\bin\x64\;C:\intelFPGA_lite\20.1\modelsim_ase\win32aloem;C:\Users\lenov\AppData\Local\GitHubDesktop\bin;C:\msys64\ucrt64\bin;C:\SJ\Projects\C++\HalideLSTM\libtorch;C:\libtorch\bin;C:\Program Files\CMake\bin;C:\ffmpeg-2025-09-10-git-c1dc2e2b7c-essentials_build\bin;C:\Program Files\Docker\Docker\resources\bin;C:\Program Files\Amazon\AWSCLIV2\;C:\Program Files\Eclipse Adoptium\jdk-21.0.9.10-hotspot\bin;C:\Program Files\MySQL\MySQL Server 8.0\bin;C:\Users\lenov\anaconda3;C:\Users\lenov\anaconda3\Library\mingw-w64\bin;C:\Users\lenov\anaconda3\Library\usr\bin;C:\Users\lenov\anaconda3\Library\bin;C:\Users\lenov\anaconda3\Scripts;C:\Users\lenov\AppData\Local\Microsoft\WindowsApps;C:\Users\lenov\AppData\Local\Programs\Microsoft VS Code\bin;C:\Users\lenov\AppData\Roaming\npm;C:\Users\lenov\.dotnet\tools;C:\SJ\LATEX\Miktex\miktex\bin\x64\;C:\intelFPGA_lite\20.1\modelsim_ase\win32aloem;C:\Users\lenov\AppData\Local\GitHubDesktop\bin;C:\msys64\ucrt64\bin;C:\SJ\Projects\C++\HalideLSTM\libtorch;C:\Users\lenov\AppData\Local\Microsoft\WinGet\Packages\Gyan.FFmpeg_Microsoft.Winget.Source_8wekyb3d8bbwe\ffmpeg-8.0-full_build\bin;C:\Users\lenov\AppData\Local\Programs\Antigravity\bin
USERNAME=SJ
OS=Windows_NT
PROCESSOR_IDENTIFIER=Intel64 Family 6 Model 186 Stepping 3, GenuineIntel
TMP=C:\Users\lenov\AppData\Local\Temp
TEMP=C:\Users\lenov\AppData\Local\Temp




Periodic native trim disabled

---------------  S Y S T E M  ---------------

OS:
 Windows 11 , 64 bit Build 26100 (10.0.26100.7623)
OS uptime: 10 days 22:08 hours
Hyper-V role detected

CPU: total 12 (initial active 12) (6 cores per cpu, 2 threads per core) family 6 model 186 stepping 3 microcode 0x4112, cx8, cmov, fxsr, ht, mmx, 3dnowpref, sse, sse2, sse3, ssse3, sse4.1, sse4.2, popcnt, lzcnt, tsc, tscinvbit, avx, avx2, aes, erms, clmul, bmi1, bmi2, adx, sha, fma, vzeroupper, clflush, clflushopt, clwb, hv, serialize, rdtscp, rdpid, fsrm, f16c, cet_ibt, cet_ss
Processor Information for processor 0
  Max Mhz: 1300, Current Mhz: 1300, Mhz Limit: 1300
Processor Information for processor 1
  Max Mhz: 1300, Current Mhz: 1300, Mhz Limit: 1300
Processor Information for processor 2
  Max Mhz: 1300, Current Mhz: 1300, Mhz Limit: 1300
Processor Information for processor 3
  Max Mhz: 1300, Current Mhz: 1300, Mhz Limit: 1300
Processor Information for processor 4
  Max Mhz: 1300, Current Mhz: 900, Mhz Limit: 897
Processor Information for processor 5
  Max Mhz: 1300, Current Mhz: 900, Mhz Limit: 897
Processor Information for processor 6
  Max Mhz: 1300, Current Mhz: 900, Mhz Limit: 897
Processor Information for processor 7
  Max Mhz: 1300, Current Mhz: 900, Mhz Limit: 897
Processor Information for processor 8
  Max Mhz: 1300, Current Mhz: 900, Mhz Limit: 897
Processor Information for processor 9
  Max Mhz: 1300, Current Mhz: 900, Mhz Limit: 897
Processor Information for processor 10
  Max Mhz: 1300, Current Mhz: 900, Mhz Limit: 897
Processor Information for processor 11
  Max Mhz: 1300, Current Mhz: 900, Mhz Limit: 897

Memory: 4k page, system-wide physical 7915M (266M free)
TotalPageFile size 32491M (AvailPageFile size 7M)
current process WorkingSet (physical memory assigned to process): 418M, peak: 418M
current process commit charge ("private bytes"): 457M, peak: 462M

vm_info: OpenJDK 64-Bit Server VM (21.0.9+10-LTS) for windows-amd64 JRE (21.0.9+10-LTS), built on 2025-10-21T00:00:00Z by "admin" with unknown MS VC++:1942

END.
